{"total": {"lines":{"total":5690,"covered":2820,"skipped":0,"pct":49.56},"statements":{"total":5690,"covered":2820,"skipped":0,"pct":49.56},"functions":{"total":289,"covered":113,"skipped":0,"pct":39.1},"branches":{"total":618,"covered":353,"skipped":0,"pct":57.11},"branchesTrue":{"total":0,"covered":0,"skipped":0,"pct":100}}
,"C:\\Users\\SHADOW\\Desktop\\desarrollo de software 2 F y B\\DS2-2-FRONTEND\\src\\App.tsx": {"lines":{"total":83,"covered":83,"skipped":0,"pct":100},"functions":{"total":2,"covered":1,"skipped":0,"pct":50},"statements":{"total":83,"covered":83,"skipped":0,"pct":100},"branches":{"total":1,"covered":1,"skipped":0,"pct":100}}
,"C:\\Users\\SHADOW\\Desktop\\desarrollo de software 2 F y B\\DS2-2-FRONTEND\\src\\components\\BackgroundRainParticles.tsx": {"lines":{"total":58,"covered":17,"skipped":0,"pct":29.31},"functions":{"total":6,"covered":1,"skipped":0,"pct":16.66},"statements":{"total":58,"covered":17,"skipped":0,"pct":29.31},"branches":{"total":3,"covered":2,"skipped":0,"pct":66.66}}
,"C:\\Users\\SHADOW\\Desktop\\desarrollo de software 2 F y B\\DS2-2-FRONTEND\\src\\components\\ProtectedRoute.tsx": {"lines":{"total":8,"covered":8,"skipped":0,"pct":100},"functions":{"total":1,"covered":1,"skipped":0,"pct":100},"statements":{"total":8,"covered":8,"skipped":0,"pct":100},"branches":{"total":3,"covered":2,"skipped":0,"pct":66.66}}
,"C:\\Users\\SHADOW\\Desktop\\desarrollo de software 2 F y B\\DS2-2-FRONTEND\\src\\components\\auth\\RouteGuards.tsx": {"lines":{"total":20,"covered":20,"skipped":0,"pct":100},"functions":{"total":2,"covered":2,"skipped":0,"pct":100},"statements":{"total":20,"covered":20,"skipped":0,"pct":100},"branches":{"total":6,"covered":2,"skipped":0,"pct":33.33}}
,"C:\\Users\\SHADOW\\Desktop\\desarrollo de software 2 F y B\\DS2-2-FRONTEND\\src\\components\\auth\\VisibleFor.tsx": {"lines":{"total":10,"covered":10,"skipped":0,"pct":100},"functions":{"total":1,"covered":1,"skipped":0,"pct":100},"statements":{"total":10,"covered":10,"skipped":0,"pct":100},"branches":{"total":3,"covered":1,"skipped":0,"pct":33.33}}
,"C:\\Users\\SHADOW\\Desktop\\desarrollo de software 2 F y B\\DS2-2-FRONTEND\\src\\components\\layout\\AdminApproval.tsx": {"lines":{"total":116,"covered":98,"skipped":0,"pct":84.48},"functions":{"total":4,"covered":2,"skipped":0,"pct":50},"statements":{"total":116,"covered":98,"skipped":0,"pct":84.48},"branches":{"total":17,"covered":14,"skipped":0,"pct":82.35}}
,"C:\\Users\\SHADOW\\Desktop\\desarrollo de software 2 F y B\\DS2-2-FRONTEND\\src\\components\\layout\\BlankPage.tsx": {"lines":{"total":14,"covered":14,"skipped":0,"pct":100},"functions":{"total":1,"covered":1,"skipped":0,"pct":100},"statements":{"total":14,"covered":14,"skipped":0,"pct":100},"branches":{"total":2,"covered":2,"skipped":0,"pct":100}}
,"C:\\Users\\SHADOW\\Desktop\\desarrollo de software 2 F y B\\DS2-2-FRONTEND\\src\\components\\layout\\DashboardLayout.tsx": {"lines":{"total":166,"covered":82,"skipped":0,"pct":49.39},"functions":{"total":11,"covered":2,"skipped":0,"pct":18.18},"statements":{"total":166,"covered":82,"skipped":0,"pct":49.39},"branches":{"total":29,"covered":12,"skipped":0,"pct":41.37}}
,"C:\\Users\\SHADOW\\Desktop\\desarrollo de software 2 F y B\\DS2-2-FRONTEND\\src\\components\\layout\\ForgotPassword.tsx": {"lines":{"total":83,"covered":81,"skipped":0,"pct":97.59},"functions":{"total":4,"covered":3,"skipped":0,"pct":75},"statements":{"total":83,"covered":81,"skipped":0,"pct":97.59},"branches":{"total":20,"covered":17,"skipped":0,"pct":85}}
,"C:\\Users\\SHADOW\\Desktop\\desarrollo de software 2 F y B\\DS2-2-FRONTEND\\src\\components\\layout\\LeftSidebar.tsx": {"lines":{"total":53,"covered":51,"skipped":0,"pct":96.22},"functions":{"total":3,"covered":2,"skipped":0,"pct":66.66},"statements":{"total":53,"covered":51,"skipped":0,"pct":96.22},"branches":{"total":5,"covered":5,"skipped":0,"pct":100}}
,"C:\\Users\\SHADOW\\Desktop\\desarrollo de software 2 F y B\\DS2-2-FRONTEND\\src\\components\\layout\\Login.tsx": {"lines":{"total":154,"covered":82,"skipped":0,"pct":53.24},"functions":{"total":7,"covered":3,"skipped":0,"pct":42.85},"statements":{"total":154,"covered":82,"skipped":0,"pct":53.24},"branches":{"total":11,"covered":3,"skipped":0,"pct":27.27}}
,"C:\\Users\\SHADOW\\Desktop\\desarrollo de software 2 F y B\\DS2-2-FRONTEND\\src\\components\\layout\\MainLayout.tsx": {"lines":{"total":61,"covered":49,"skipped":0,"pct":80.32},"functions":{"total":3,"covered":2,"skipped":0,"pct":66.66},"statements":{"total":61,"covered":49,"skipped":0,"pct":80.32},"branches":{"total":11,"covered":7,"skipped":0,"pct":63.63}}
,"C:\\Users\\SHADOW\\Desktop\\desarrollo de software 2 F y B\\DS2-2-FRONTEND\\src\\components\\layout\\Register.tsx": {"lines":{"total":404,"covered":320,"skipped":0,"pct":79.2},"functions":{"total":19,"covered":14,"skipped":0,"pct":73.68},"statements":{"total":404,"covered":320,"skipped":0,"pct":79.2},"branches":{"total":71,"covered":54,"skipped":0,"pct":76.05}}
,"C:\\Users\\SHADOW\\Desktop\\desarrollo de software 2 F y B\\DS2-2-FRONTEND\\src\\components\\layout\\ResetPassword.tsx": {"lines":{"total":219,"covered":154,"skipped":0,"pct":70.31},"functions":{"total":8,"covered":4,"skipped":0,"pct":50},"statements":{"total":219,"covered":154,"skipped":0,"pct":70.31},"branches":{"total":42,"covered":25,"skipped":0,"pct":59.52}}
,"C:\\Users\\SHADOW\\Desktop\\desarrollo de software 2 F y B\\DS2-2-FRONTEND\\src\\components\\layout\\RightSidebar.tsx": {"lines":{"total":9,"covered":9,"skipped":0,"pct":100},"functions":{"total":1,"covered":1,"skipped":0,"pct":100},"statements":{"total":9,"covered":9,"skipped":0,"pct":100},"branches":{"total":1,"covered":1,"skipped":0,"pct":100}}
,"C:\\Users\\SHADOW\\Desktop\\desarrollo de software 2 F y B\\DS2-2-FRONTEND\\src\\components\\layout\\UserManagement.tsx": {"lines":{"total":908,"covered":158,"skipped":0,"pct":17.4},"functions":{"total":43,"covered":3,"skipped":0,"pct":6.97},"statements":{"total":908,"covered":158,"skipped":0,"pct":17.4},"branches":{"total":23,"covered":13,"skipped":0,"pct":56.52}}
,"C:\\Users\\SHADOW\\Desktop\\desarrollo de software 2 F y B\\DS2-2-FRONTEND\\src\\components\\notifications\\NotificationBell.tsx": {"lines":{"total":244,"covered":170,"skipped":0,"pct":69.67},"functions":{"total":13,"covered":5,"skipped":0,"pct":38.46},"statements":{"total":244,"covered":170,"skipped":0,"pct":69.67},"branches":{"total":50,"covered":41,"skipped":0,"pct":82}}
,"C:\\Users\\SHADOW\\Desktop\\desarrollo de software 2 F y B\\DS2-2-FRONTEND\\src\\components\\rooms\\ComputerModal.tsx": {"lines":{"total":131,"covered":4,"skipped":0,"pct":3.05},"functions":{"total":1,"covered":0,"skipped":0,"pct":0},"statements":{"total":131,"covered":4,"skipped":0,"pct":3.05},"branches":{"total":0,"covered":0,"skipped":0,"pct":100}}
,"C:\\Users\\SHADOW\\Desktop\\desarrollo de software 2 F y B\\DS2-2-FRONTEND\\src\\components\\rooms\\FaultReportModal.tsx": {"lines":{"total":151,"covered":107,"skipped":0,"pct":70.86},"functions":{"total":6,"covered":2,"skipped":0,"pct":33.33},"statements":{"total":151,"covered":107,"skipped":0,"pct":70.86},"branches":{"total":7,"covered":5,"skipped":0,"pct":71.42}}
,"C:\\Users\\SHADOW\\Desktop\\desarrollo de software 2 F y B\\DS2-2-FRONTEND\\src\\components\\rooms\\ReportModal.tsx": {"lines":{"total":227,"covered":159,"skipped":0,"pct":70.04},"functions":{"total":15,"covered":7,"skipped":0,"pct":46.66},"statements":{"total":227,"covered":159,"skipped":0,"pct":70.04},"branches":{"total":25,"covered":11,"skipped":0,"pct":44}}
,"C:\\Users\\SHADOW\\Desktop\\desarrollo de software 2 F y B\\DS2-2-FRONTEND\\src\\components\\rooms\\RoomHistory.tsx": {"lines":{"total":325,"covered":195,"skipped":0,"pct":60},"functions":{"total":14,"covered":1,"skipped":0,"pct":7.14},"statements":{"total":325,"covered":195,"skipped":0,"pct":60},"branches":{"total":33,"covered":14,"skipped":0,"pct":42.42}}
,"C:\\Users\\SHADOW\\Desktop\\desarrollo de software 2 F y B\\DS2-2-FRONTEND\\src\\components\\rooms\\RoomManagement.tsx": {"lines":{"total":753,"covered":126,"skipped":0,"pct":16.73},"functions":{"total":40,"covered":3,"skipped":0,"pct":7.5},"statements":{"total":753,"covered":126,"skipped":0,"pct":16.73},"branches":{"total":26,"covered":10,"skipped":0,"pct":38.46}}
,"C:\\Users\\SHADOW\\Desktop\\desarrollo de software 2 F y B\\DS2-2-FRONTEND\\src\\components\\rooms\\RoomModal.tsx": {"lines":{"total":110,"covered":92,"skipped":0,"pct":83.63},"functions":{"total":4,"covered":2,"skipped":0,"pct":50},"statements":{"total":110,"covered":92,"skipped":0,"pct":83.63},"branches":{"total":8,"covered":3,"skipped":0,"pct":37.5}}
,"C:\\Users\\SHADOW\\Desktop\\desarrollo de software 2 F y B\\DS2-2-FRONTEND\\src\\components\\rooms\\RoomPanel.tsx": {"lines":{"total":250,"covered":155,"skipped":0,"pct":62},"functions":{"total":11,"covered":8,"skipped":0,"pct":72.72},"statements":{"total":250,"covered":155,"skipped":0,"pct":62},"branches":{"total":42,"covered":21,"skipped":0,"pct":50}}
,"C:\\Users\\SHADOW\\Desktop\\desarrollo de software 2 F y B\\DS2-2-FRONTEND\\src\\components\\rooms\\RoomStatsRow.tsx": {"lines":{"total":88,"covered":74,"skipped":0,"pct":84.09},"functions":{"total":7,"covered":6,"skipped":0,"pct":85.71},"statements":{"total":88,"covered":74,"skipped":0,"pct":84.09},"branches":{"total":11,"covered":9,"skipped":0,"pct":81.81}}
,"C:\\Users\\SHADOW\\Desktop\\desarrollo de software 2 F y B\\DS2-2-FRONTEND\\src\\context\\AuthContext.ts": {"lines":{"total":3,"covered":3,"skipped":0,"pct":100},"functions":{"total":0,"covered":0,"skipped":0,"pct":100},"statements":{"total":3,"covered":3,"skipped":0,"pct":100},"branches":{"total":0,"covered":0,"skipped":0,"pct":100}}
,"C:\\Users\\SHADOW\\Desktop\\desarrollo de software 2 F y B\\DS2-2-FRONTEND\\src\\context\\AuthProvider.tsx": {"lines":{"total":73,"covered":49,"skipped":0,"pct":67.12},"functions":{"total":5,"covered":4,"skipped":0,"pct":80},"statements":{"total":73,"covered":49,"skipped":0,"pct":67.12},"branches":{"total":12,"covered":10,"skipped":0,"pct":83.33}}
,"C:\\Users\\SHADOW\\Desktop\\desarrollo de software 2 F y B\\DS2-2-FRONTEND\\src\\hooks\\useAuth.ts": {"lines":{"total":9,"covered":7,"skipped":0,"pct":77.77},"functions":{"total":1,"covered":1,"skipped":0,"pct":100},"statements":{"total":9,"covered":7,"skipped":0,"pct":77.77},"branches":{"total":2,"covered":1,"skipped":0,"pct":50}}
,"C:\\Users\\SHADOW\\Desktop\\desarrollo de software 2 F y B\\DS2-2-FRONTEND\\src\\services\\authService.ts": {"lines":{"total":27,"covered":24,"skipped":0,"pct":88.88},"functions":{"total":6,"covered":5,"skipped":0,"pct":83.33},"statements":{"total":27,"covered":24,"skipped":0,"pct":88.88},"branches":{"total":5,"covered":5,"skipped":0,"pct":100}}
,"C:\\Users\\SHADOW\\Desktop\\desarrollo de software 2 F y B\\DS2-2-FRONTEND\\src\\services\\notificationService.ts": {"lines":{"total":43,"covered":25,"skipped":0,"pct":58.13},"functions":{"total":7,"covered":4,"skipped":0,"pct":57.14},"statements":{"total":43,"covered":25,"skipped":0,"pct":58.13},"branches":{"total":8,"covered":6,"skipped":0,"pct":75}}
,"C:\\Users\\SHADOW\\Desktop\\desarrollo de software 2 F y B\\DS2-2-FRONTEND\\src\\services\\passwordService.ts": {"lines":{"total":121,"covered":83,"skipped":0,"pct":68.59},"functions":{"total":3,"covered":3,"skipped":0,"pct":100},"statements":{"total":121,"covered":83,"skipped":0,"pct":68.59},"branches":{"total":18,"covered":6,"skipped":0,"pct":33.33}}
,"C:\\Users\\SHADOW\\Desktop\\desarrollo de software 2 F y B\\DS2-2-FRONTEND\\src\\services\\registerService.ts": {"lines":{"total":19,"covered":16,"skipped":0,"pct":84.21},"functions":{"total":1,"covered":1,"skipped":0,"pct":100},"statements":{"total":19,"covered":16,"skipped":0,"pct":84.21},"branches":{"total":2,"covered":1,"skipped":0,"pct":50}}
,"C:\\Users\\SHADOW\\Desktop\\desarrollo de software 2 F y B\\DS2-2-FRONTEND\\src\\services\\roomEntryService.ts": {"lines":{"total":83,"covered":60,"skipped":0,"pct":72.28},"functions":{"total":6,"covered":6,"skipped":0,"pct":100},"statements":{"total":83,"covered":60,"skipped":0,"pct":72.28},"branches":{"total":35,"covered":25,"skipped":0,"pct":71.42}}
,"C:\\Users\\SHADOW\\Desktop\\desarrollo de software 2 F y B\\DS2-2-FRONTEND\\src\\services\\roomManagementService.ts": {"lines":{"total":457,"covered":151,"skipped":0,"pct":33.04},"functions":{"total":17,"covered":7,"skipped":0,"pct":41.17},"statements":{"total":457,"covered":151,"skipped":0,"pct":33.04},"branches":{"total":66,"covered":14,"skipped":0,"pct":21.21}}
,"C:\\Users\\SHADOW\\Desktop\\desarrollo de software 2 F y B\\DS2-2-FRONTEND\\src\\services\\roomService.ts": {"lines":{"total":5,"covered":5,"skipped":0,"pct":100},"functions":{"total":1,"covered":1,"skipped":0,"pct":100},"statements":{"total":5,"covered":5,"skipped":0,"pct":100},"branches":{"total":1,"covered":1,"skipped":0,"pct":100}}
,"C:\\Users\\SHADOW\\Desktop\\desarrollo de software 2 F y B\\DS2-2-FRONTEND\\src\\services\\userManagementService.ts": {"lines":{"total":116,"covered":13,"skipped":0,"pct":11.2},"functions":{"total":9,"covered":0,"skipped":0,"pct":0},"statements":{"total":116,"covered":13,"skipped":0,"pct":11.2},"branches":{"total":0,"covered":0,"skipped":0,"pct":100}}
,"C:\\Users\\SHADOW\\Desktop\\desarrollo de software 2 F y B\\DS2-2-FRONTEND\\src\\utils\\api.ts": {"lines":{"total":89,"covered":66,"skipped":0,"pct":74.15},"functions":{"total":6,"covered":4,"skipped":0,"pct":66.66},"statements":{"total":89,"covered":66,"skipped":0,"pct":74.15},"branches":{"total":19,"covered":9,"skipped":0,"pct":47.36}}
}
