{"C:\\Users\\SHADOW\\Desktop\\desarrollo de software 2 F y B\\DS2-2-FRONTEND\\src\\App.tsx": {"path":"C:\\Users\\SHADOW\\Desktop\\desarrollo de software 2 F y B\\DS2-2-FRONTEND\\src\\App.tsx","all":false,"statementMap":{"0":{"start":{"line":1,"column":0},"end":{"line":1,"column":58}},"1":{"start":{"line":2,"column":0},"end":{"line":2,"column":45}},"2":{"start":{"line":3,"column":0},"end":{"line":3,"column":51}},"3":{"start":{"line":4,"column":0},"end":{"line":4,"column":65}},"4":{"start":{"line":5,"column":0},"end":{"line":5,"column":55}},"5":{"start":{"line":6,"column":0},"end":{"line":6,"column":60}},"6":{"start":{"line":7,"column":0},"end":{"line":7,"column":53}},"7":{"start":{"line":8,"column":0},"end":{"line":8,"column":18}},"8":{"start":{"line":9,"column":0},"end":{"line":9,"column":64}},"9":{"start":{"line":10,"column":0},"end":{"line":10,"column":62}},"10":{"start":{"line":11,"column":0},"end":{"line":11,"column":62}},"12":{"start":{"line":13,"column":0},"end":{"line":13,"column":16}},"13":{"start":{"line":14,"column":0},"end":{"line":14,"column":10}},"14":{"start":{"line":15,"column":0},"end":{"line":15,"column":12}},"15":{"start":{"line":16,"column":0},"end":{"line":16,"column":49}},"16":{"start":{"line":17,"column":0},"end":{"line":17,"column":55}},"17":{"start":{"line":18,"column":0},"end":{"line":18,"column":68}},"18":{"start":{"line":19,"column":0},"end":{"line":19,"column":66}},"19":{"start":{"line":20,"column":0},"end":{"line":20,"column":66}},"20":{"start":{"line":21,"column":0},"end":{"line":21,"column":34}},"21":{"start":{"line":22,"column":0},"end":{"line":22,"column":22}},"22":{"start":{"line":23,"column":0},"end":{"line":23,"column":27}},"23":{"start":{"line":24,"column":0},"end":{"line":24,"column":36}},"24":{"start":{"line":25,"column":0},"end":{"line":25,"column":32}},"25":{"start":{"line":26,"column":0},"end":{"line":26,"column":27}},"26":{"start":{"line":27,"column":0},"end":{"line":27,"column":34}},"27":{"start":{"line":28,"column":0},"end":{"line":28,"column":41}},"28":{"start":{"line":29,"column":0},"end":{"line":29,"column":11}},"29":{"start":{"line":30,"column":0},"end":{"line":30,"column":91}},"30":{"start":{"line":31,"column":0},"end":{"line":31,"column":111}},"31":{"start":{"line":32,"column":0},"end":{"line":32,"column":18}},"32":{"start":{"line":33,"column":0},"end":{"line":33,"column":59}},"33":{"start":{"line":34,"column":0},"end":{"line":34,"column":20}},"34":{"start":{"line":35,"column":0},"end":{"line":35,"column":35}},"35":{"start":{"line":36,"column":0},"end":{"line":36,"column":41}},"36":{"start":{"line":37,"column":0},"end":{"line":37,"column":29}},"37":{"start":{"line":38,"column":0},"end":{"line":38,"column":29}},"38":{"start":{"line":39,"column":0},"end":{"line":39,"column":34}},"39":{"start":{"line":40,"column":0},"end":{"line":40,"column":31}},"40":{"start":{"line":41,"column":0},"end":{"line":41,"column":14}},"41":{"start":{"line":42,"column":0},"end":{"line":42,"column":11}},"43":{"start":{"line":44,"column":0},"end":{"line":44,"column":19}},"44":{"start":{"line":45,"column":0},"end":{"line":45,"column":14}},"45":{"start":{"line":46,"column":0},"end":{"line":46,"column":10}},"46":{"start":{"line":47,"column":0},"end":{"line":47,"column":40}},"47":{"start":{"line":48,"column":0},"end":{"line":48,"column":24}},"48":{"start":{"line":49,"column":0},"end":{"line":49,"column":29}},"49":{"start":{"line":50,"column":0},"end":{"line":50,"column":25}},"50":{"start":{"line":51,"column":0},"end":{"line":51,"column":10}},"51":{"start":{"line":52,"column":0},"end":{"line":52,"column":35}},"52":{"start":{"line":53,"column":0},"end":{"line":53,"column":24}},"53":{"start":{"line":54,"column":0},"end":{"line":54,"column":29}},"54":{"start":{"line":55,"column":0},"end":{"line":55,"column":25}},"55":{"start":{"line":56,"column":0},"end":{"line":56,"column":10}},"56":{"start":{"line":57,"column":0},"end":{"line":57,"column":40}},"57":{"start":{"line":58,"column":0},"end":{"line":58,"column":24}},"58":{"start":{"line":59,"column":0},"end":{"line":59,"column":29}},"59":{"start":{"line":60,"column":0},"end":{"line":60,"column":25}},"60":{"start":{"line":61,"column":0},"end":{"line":61,"column":10}},"61":{"start":{"line":62,"column":0},"end":{"line":62,"column":38}},"62":{"start":{"line":63,"column":0},"end":{"line":63,"column":24}},"63":{"start":{"line":64,"column":0},"end":{"line":64,"column":22}},"64":{"start":{"line":65,"column":0},"end":{"line":65,"column":23}},"65":{"start":{"line":66,"column":0},"end":{"line":66,"column":31}},"66":{"start":{"line":67,"column":0},"end":{"line":67,"column":68}},"67":{"start":{"line":68,"column":0},"end":{"line":68,"column":14}},"68":{"start":{"line":69,"column":0},"end":{"line":69,"column":23}},"69":{"start":{"line":70,"column":0},"end":{"line":70,"column":25}},"70":{"start":{"line":71,"column":0},"end":{"line":71,"column":10}},"71":{"start":{"line":72,"column":0},"end":{"line":72,"column":39}},"72":{"start":{"line":73,"column":0},"end":{"line":73,"column":24}},"73":{"start":{"line":74,"column":0},"end":{"line":74,"column":22}},"74":{"start":{"line":75,"column":0},"end":{"line":75,"column":23}},"75":{"start":{"line":76,"column":0},"end":{"line":76,"column":36}},"76":{"start":{"line":77,"column":0},"end":{"line":77,"column":69}},"77":{"start":{"line":78,"column":0},"end":{"line":78,"column":14}},"78":{"start":{"line":79,"column":0},"end":{"line":79,"column":23}},"79":{"start":{"line":80,"column":0},"end":{"line":80,"column":25}},"80":{"start":{"line":81,"column":0},"end":{"line":81,"column":10}},"81":{"start":{"line":82,"column":0},"end":{"line":82,"column":67}},"82":{"start":{"line":83,"column":0},"end":{"line":83,"column":13}},"84":{"start":{"line":85,"column":0},"end":{"line":85,"column":1}},"86":{"start":{"line":87,"column":0},"end":{"line":87,"column":18}}},"s":{"0":1,"1":1,"2":1,"3":1,"4":1,"5":1,"6":1,"7":1,"8":1,"9":1,"10":1,"12":2,"13":2,"14":2,"15":2,"16":2,"17":2,"18":2,"19":2,"20":2,"21":2,"22":2,"23":2,"24":2,"25":2,"26":2,"27":2,"28":2,"29":2,"30":2,"31":2,"32":2,"33":2,"34":2,"35":2,"36":2,"37":2,"38":2,"39":2,"40":2,"41":2,"43":2,"44":2,"45":2,"46":2,"47":2,"48":2,"49":2,"50":2,"51":2,"52":2,"53":2,"54":2,"55":2,"56":2,"57":2,"58":2,"59":2,"60":2,"61":2,"62":2,"63":2,"64":2,"65":2,"66":2,"67":2,"68":2,"69":2,"70":2,"71":2,"72":2,"73":2,"74":2,"75":2,"76":2,"77":2,"78":2,"79":2,"80":2,"81":2,"82":2,"84":2,"86":1},"branchMap":{"0":{"type":"branch","line":13,"loc":{"start":{"line":13,"column":0},"end":{"line":85,"column":1}},"locations":[{"start":{"line":13,"column":0},"end":{"line":85,"column":1}}]}},"b":{"0":[2]},"fnMap":{"0":{"name":"App","decl":{"start":{"line":13,"column":0},"end":{"line":85,"column":1}},"loc":{"start":{"line":13,"column":0},"end":{"line":85,"column":1}},"line":13},"1":{"name":"onClick","decl":{"start":{"line":33,"column":21},"end":{"line":33,"column":59}},"loc":{"start":{"line":33,"column":21},"end":{"line":33,"column":59}},"line":33}},"f":{"0":2,"1":0}}
,"C:\\Users\\SHADOW\\Desktop\\desarrollo de software 2 F y B\\DS2-2-FRONTEND\\src\\components\\BackgroundRainParticles.tsx": {"path":"C:\\Users\\SHADOW\\Desktop\\desarrollo de software 2 F y B\\DS2-2-FRONTEND\\src\\components\\BackgroundRainParticles.tsx","all":false,"statementMap":{"0":{"start":{"line":1,"column":0},"end":{"line":1,"column":49}},"16":{"start":{"line":17,"column":0},"end":{"line":17,"column":74}},"17":{"start":{"line":18,"column":0},"end":{"line":18,"column":16}},"18":{"start":{"line":19,"column":0},"end":{"line":19,"column":14}},"19":{"start":{"line":20,"column":0},"end":{"line":20,"column":24}},"20":{"start":{"line":21,"column":0},"end":{"line":21,"column":7}},"21":{"start":{"line":22,"column":0},"end":{"line":22,"column":59}},"22":{"start":{"line":23,"column":0},"end":{"line":23,"column":46}},"23":{"start":{"line":24,"column":0},"end":{"line":24,"column":46}},"25":{"start":{"line":26,"column":0},"end":{"line":26,"column":19}},"26":{"start":{"line":27,"column":0},"end":{"line":27,"column":38}},"27":{"start":{"line":28,"column":0},"end":{"line":28,"column":40}},"28":{"start":{"line":29,"column":0},"end":{"line":29,"column":21}},"30":{"start":{"line":31,"column":0},"end":{"line":31,"column":27}},"31":{"start":{"line":32,"column":0},"end":{"line":32,"column":51}},"32":{"start":{"line":33,"column":0},"end":{"line":33,"column":33}},"33":{"start":{"line":34,"column":0},"end":{"line":34,"column":35}},"34":{"start":{"line":35,"column":0},"end":{"line":35,"column":6}},"36":{"start":{"line":37,"column":0},"end":{"line":37,"column":14}},"38":{"start":{"line":39,"column":0},"end":{"line":39,"column":83}},"40":{"start":{"line":41,"column":0},"end":{"line":41,"column":44}},"41":{"start":{"line":42,"column":0},"end":{"line":42,"column":57}},"42":{"start":{"line":43,"column":0},"end":{"line":43,"column":35}},"43":{"start":{"line":44,"column":0},"end":{"line":44,"column":23}},"44":{"start":{"line":45,"column":0},"end":{"line":45,"column":34}},"45":{"start":{"line":46,"column":0},"end":{"line":46,"column":31}},"46":{"start":{"line":47,"column":0},"end":{"line":47,"column":7}},"48":{"start":{"line":49,"column":0},"end":{"line":49,"column":74}},"50":{"start":{"line":51,"column":0},"end":{"line":51,"column":33}},"52":{"start":{"line":53,"column":0},"end":{"line":53,"column":36}},"53":{"start":{"line":54,"column":0},"end":{"line":54,"column":65}},"54":{"start":{"line":55,"column":0},"end":{"line":55,"column":17}},"56":{"start":{"line":57,"column":0},"end":{"line":57,"column":55}},"58":{"start":{"line":59,"column":0},"end":{"line":59,"column":61}},"59":{"start":{"line":60,"column":0},"end":{"line":60,"column":42}},"60":{"start":{"line":61,"column":0},"end":{"line":61,"column":25}},"62":{"start":{"line":63,"column":0},"end":{"line":63,"column":40}},"63":{"start":{"line":64,"column":0},"end":{"line":64,"column":52}},"64":{"start":{"line":65,"column":0},"end":{"line":65,"column":19}},"65":{"start":{"line":66,"column":0},"end":{"line":66,"column":9}},"67":{"start":{"line":68,"column":0},"end":{"line":68,"column":24}},"68":{"start":{"line":69,"column":0},"end":{"line":69,"column":47}},"69":{"start":{"line":70,"column":0},"end":{"line":70,"column":53}},"70":{"start":{"line":71,"column":0},"end":{"line":71,"column":19}},"71":{"start":{"line":72,"column":0},"end":{"line":72,"column":7}},"73":{"start":{"line":74,"column":0},"end":{"line":74,"column":53}},"74":{"start":{"line":75,"column":0},"end":{"line":75,"column":6}},"76":{"start":{"line":77,"column":0},"end":{"line":77,"column":51}},"78":{"start":{"line":79,"column":0},"end":{"line":79,"column":37}},"79":{"start":{"line":80,"column":0},"end":{"line":80,"column":48}},"81":{"start":{"line":82,"column":0},"end":{"line":82,"column":18}},"82":{"start":{"line":83,"column":0},"end":{"line":83,"column":65}},"83":{"start":{"line":84,"column":0},"end":{"line":84,"column":53}},"84":{"start":{"line":85,"column":0},"end":{"line":85,"column":6}},"85":{"start":{"line":86,"column":0},"end":{"line":86,"column":30}},"87":{"start":{"line":88,"column":0},"end":{"line":88,"column":71}},"88":{"start":{"line":89,"column":0},"end":{"line":89,"column":2}},"90":{"start":{"line":91,"column":0},"end":{"line":91,"column":39}}},"s":{"0":1,"16":1,"17":39,"18":39,"19":39,"20":39,"21":39,"22":39,"23":39,"25":39,"26":16,"27":16,"28":16,"30":0,"31":0,"32":0,"33":0,"34":0,"36":0,"38":0,"40":0,"41":0,"42":0,"43":0,"44":0,"45":0,"46":0,"48":0,"50":0,"52":0,"53":0,"54":0,"56":0,"58":0,"59":0,"60":0,"62":0,"63":0,"64":0,"65":0,"67":0,"68":0,"69":0,"70":0,"71":0,"73":0,"74":0,"76":0,"78":0,"79":0,"81":0,"82":0,"83":0,"84":0,"85":39,"87":39,"88":39,"90":1},"branchMap":{"0":{"type":"branch","line":17,"loc":{"start":{"line":17,"column":72},"end":{"line":89,"column":2}},"locations":[{"start":{"line":17,"column":72},"end":{"line":89,"column":2}}]},"1":{"type":"branch","line":26,"loc":{"start":{"line":26,"column":12},"end":{"line":86,"column":5}},"locations":[{"start":{"line":26,"column":12},"end":{"line":86,"column":5}}]},"2":{"type":"branch","line":29,"loc":{"start":{"line":29,"column":14},"end":{"line":85,"column":6}},"locations":[{"start":{"line":29,"column":14},"end":{"line":85,"column":6}}]}},"b":{"0":[39],"1":[16],"2":[0]},"fnMap":{"0":{"name":"BackgroundRainParticles","decl":{"start":{"line":17,"column":72},"end":{"line":89,"column":2}},"loc":{"start":{"line":17,"column":72},"end":{"line":89,"column":2}},"line":17},"1":{"name":"setSize","decl":{"start":{"line":31,"column":20},"end":{"line":35,"column":6}},"loc":{"start":{"line":31,"column":20},"end":{"line":35,"column":6}},"line":31},"2":{"name":"random","decl":{"start":{"line":39,"column":19},"end":{"line":39,"column":83}},"loc":{"start":{"line":39,"column":19},"end":{"line":39,"column":83}},"line":39},"3":{"name":"spawnParticle","decl":{"start":{"line":41,"column":26},"end":{"line":47,"column":7}},"loc":{"start":{"line":41,"column":26},"end":{"line":47,"column":7}},"line":41},"4":{"name":"frame","decl":{"start":{"line":53,"column":18},"end":{"line":75,"column":6}},"loc":{"start":{"line":53,"column":18},"end":{"line":75,"column":6}},"line":53},"5":{"name":"onResize","decl":{"start":{"line":79,"column":21},"end":{"line":79,"column":37}},"loc":{"start":{"line":79,"column":21},"end":{"line":79,"column":37}},"line":79}},"f":{"0":39,"1":0,"2":0,"3":0,"4":0,"5":0}}
,"C:\\Users\\SHADOW\\Desktop\\desarrollo de software 2 F y B\\DS2-2-FRONTEND\\src\\components\\ProtectedRoute.tsx": {"path":"C:\\Users\\SHADOW\\Desktop\\desarrollo de software 2 F y B\\DS2-2-FRONTEND\\src\\components\\ProtectedRoute.tsx","all":false,"statementMap":{"0":{"start":{"line":1,"column":0},"end":{"line":1,"column":42}},"1":{"start":{"line":2,"column":0},"end":{"line":2,"column":43}},"3":{"start":{"line":4,"column":0},"end":{"line":4,"column":80}},"4":{"start":{"line":5,"column":0},"end":{"line":5,"column":50}},"6":{"start":{"line":7,"column":0},"end":{"line":7,"column":46}},"7":{"start":{"line":8,"column":0},"end":{"line":8,"column":55}},"9":{"start":{"line":10,"column":0},"end":{"line":10,"column":24}},"10":{"start":{"line":11,"column":0},"end":{"line":11,"column":1}}},"s":{"0":1,"1":1,"3":1,"4":4,"6":4,"7":4,"9":2,"10":2},"branchMap":{"0":{"type":"branch","line":4,"loc":{"start":{"line":4,"column":30},"end":{"line":11,"column":1}},"locations":[{"start":{"line":4,"column":30},"end":{"line":11,"column":1}}]},"1":{"type":"branch","line":7,"loc":{"start":{"line":7,"column":17},"end":{"line":7,"column":46}},"locations":[{"start":{"line":7,"column":17},"end":{"line":7,"column":46}}]},"2":{"type":"branch","line":8,"loc":{"start":{"line":8,"column":24},"end":{"line":11,"column":1}},"locations":[{"start":{"line":8,"column":24},"end":{"line":11,"column":1}}]}},"b":{"0":[4],"1":[0],"2":[2]},"fnMap":{"0":{"name":"ProtectedRoute","decl":{"start":{"line":4,"column":30},"end":{"line":11,"column":1}},"loc":{"start":{"line":4,"column":30},"end":{"line":11,"column":1}},"line":4}},"f":{"0":4}}
,"C:\\Users\\SHADOW\\Desktop\\desarrollo de software 2 F y B\\DS2-2-FRONTEND\\src\\components\\auth\\RouteGuards.tsx": {"path":"C:\\Users\\SHADOW\\Desktop\\desarrollo de software 2 F y B\\DS2-2-FRONTEND\\src\\components\\auth\\RouteGuards.tsx","all":false,"statementMap":{"1":{"start":{"line":2,"column":0},"end":{"line":2,"column":26}},"2":{"start":{"line":3,"column":0},"end":{"line":3,"column":44}},"3":{"start":{"line":4,"column":0},"end":{"line":4,"column":46}},"5":{"start":{"line":6,"column":0},"end":{"line":6,"column":31}},"6":{"start":{"line":7,"column":0},"end":{"line":7,"column":9}},"7":{"start":{"line":8,"column":0},"end":{"line":8,"column":11}},"8":{"start":{"line":9,"column":0},"end":{"line":9,"column":5}},"11":{"start":{"line":12,"column":0},"end":{"line":12,"column":4}},"12":{"start":{"line":13,"column":0},"end":{"line":13,"column":29}},"13":{"start":{"line":14,"column":0},"end":{"line":14,"column":53}},"14":{"start":{"line":15,"column":0},"end":{"line":15,"column":102}},"15":{"start":{"line":16,"column":0},"end":{"line":16,"column":1}},"17":{"start":{"line":18,"column":0},"end":{"line":18,"column":34}},"18":{"start":{"line":19,"column":0},"end":{"line":19,"column":11}},"19":{"start":{"line":20,"column":0},"end":{"line":20,"column":5}},"21":{"start":{"line":22,"column":0},"end":{"line":22,"column":4}},"22":{"start":{"line":23,"column":0},"end":{"line":23,"column":29}},"23":{"start":{"line":24,"column":0},"end":{"line":24,"column":53}},"24":{"start":{"line":25,"column":0},"end":{"line":25,"column":89}},"25":{"start":{"line":26,"column":0},"end":{"line":26,"column":1}}},"s":{"1":1,"2":1,"3":1,"5":1,"6":1,"7":1,"8":1,"11":1,"12":1,"13":1,"14":1,"15":1,"17":1,"18":1,"19":1,"21":1,"22":1,"23":1,"24":1,"25":1},"branchMap":{"0":{"type":"branch","line":6,"loc":{"start":{"line":6,"column":7},"end":{"line":16,"column":1}},"locations":[{"start":{"line":6,"column":7},"end":{"line":16,"column":1}}]},"1":{"type":"branch","line":14,"loc":{"start":{"line":14,"column":13},"end":{"line":14,"column":53}},"locations":[{"start":{"line":14,"column":13},"end":{"line":14,"column":53}}]},"2":{"type":"branch","line":15,"loc":{"start":{"line":15,"column":60},"end":{"line":15,"column":102}},"locations":[{"start":{"line":15,"column":60},"end":{"line":15,"column":102}}]},"3":{"type":"branch","line":18,"loc":{"start":{"line":18,"column":7},"end":{"line":26,"column":1}},"locations":[{"start":{"line":18,"column":7},"end":{"line":26,"column":1}}]},"4":{"type":"branch","line":24,"loc":{"start":{"line":24,"column":13},"end":{"line":24,"column":53}},"locations":[{"start":{"line":24,"column":13},"end":{"line":24,"column":53}}]},"5":{"type":"branch","line":25,"loc":{"start":{"line":25,"column":28},"end":{"line":25,"column":89}},"locations":[{"start":{"line":25,"column":28},"end":{"line":25,"column":89}}]}},"b":{"0":[1],"1":[0],"2":[0],"3":[1],"4":[0],"5":[0]},"fnMap":{"0":{"name":"RequireRoles","decl":{"start":{"line":6,"column":7},"end":{"line":16,"column":1}},"loc":{"start":{"line":6,"column":7},"end":{"line":16,"column":1}},"line":6},"1":{"name":"RequireVerified","decl":{"start":{"line":18,"column":7},"end":{"line":26,"column":1}},"loc":{"start":{"line":18,"column":7},"end":{"line":26,"column":1}},"line":18}},"f":{"0":1,"1":1}}
,"C:\\Users\\SHADOW\\Desktop\\desarrollo de software 2 F y B\\DS2-2-FRONTEND\\src\\components\\auth\\VisibleFor.tsx": {"path":"C:\\Users\\SHADOW\\Desktop\\desarrollo de software 2 F y B\\DS2-2-FRONTEND\\src\\components\\auth\\VisibleFor.tsx","all":false,"statementMap":{"1":{"start":{"line":2,"column":0},"end":{"line":2,"column":46}},"3":{"start":{"line":4,"column":0},"end":{"line":4,"column":29}},"4":{"start":{"line":5,"column":0},"end":{"line":5,"column":9}},"5":{"start":{"line":6,"column":0},"end":{"line":6,"column":11}},"6":{"start":{"line":7,"column":0},"end":{"line":7,"column":5}},"9":{"start":{"line":10,"column":0},"end":{"line":10,"column":4}},"10":{"start":{"line":11,"column":0},"end":{"line":11,"column":29}},"11":{"start":{"line":12,"column":0},"end":{"line":12,"column":25}},"12":{"start":{"line":13,"column":0},"end":{"line":13,"column":83}},"13":{"start":{"line":14,"column":0},"end":{"line":14,"column":1}}},"s":{"1":1,"3":1,"4":1,"5":1,"6":1,"9":1,"10":1,"11":1,"12":1,"13":1},"branchMap":{"0":{"type":"branch","line":4,"loc":{"start":{"line":4,"column":7},"end":{"line":14,"column":1}},"locations":[{"start":{"line":4,"column":7},"end":{"line":14,"column":1}}]},"1":{"type":"branch","line":12,"loc":{"start":{"line":12,"column":13},"end":{"line":12,"column":25}},"locations":[{"start":{"line":12,"column":13},"end":{"line":12,"column":25}}]},"2":{"type":"branch","line":13,"loc":{"start":{"line":13,"column":72},"end":{"line":13,"column":83}},"locations":[{"start":{"line":13,"column":72},"end":{"line":13,"column":83}}]}},"b":{"0":[1],"1":[0],"2":[0]},"fnMap":{"0":{"name":"VisibleFor","decl":{"start":{"line":4,"column":7},"end":{"line":14,"column":1}},"loc":{"start":{"line":4,"column":7},"end":{"line":14,"column":1}},"line":4}},"f":{"0":1}}
,"C:\\Users\\SHADOW\\Desktop\\desarrollo de software 2 F y B\\DS2-2-FRONTEND\\src\\components\\layout\\AdminApproval.tsx": {"path":"C:\\Users\\SHADOW\\Desktop\\desarrollo de software 2 F y B\\DS2-2-FRONTEND\\src\\components\\layout\\AdminApproval.tsx","all":false,"statementMap":{"0":{"start":{"line":1,"column":0},"end":{"line":1,"column":51}},"1":{"start":{"line":2,"column":0},"end":{"line":2,"column":64}},"2":{"start":{"line":3,"column":0},"end":{"line":3,"column":40}},"3":{"start":{"line":4,"column":0},"end":{"line":4,"column":65}},"5":{"start":{"line":6,"column":0},"end":{"line":6,"column":39}},"6":{"start":{"line":7,"column":0},"end":{"line":7,"column":43}},"7":{"start":{"line":8,"column":0},"end":{"line":8,"column":33}},"8":{"start":{"line":9,"column":0},"end":{"line":9,"column":47}},"10":{"start":{"line":11,"column":0},"end":{"line":11,"column":44}},"11":{"start":{"line":12,"column":0},"end":{"line":12,"column":40}},"12":{"start":{"line":13,"column":0},"end":{"line":13,"column":42}},"14":{"start":{"line":15,"column":0},"end":{"line":15,"column":19}},"16":{"start":{"line":17,"column":0},"end":{"line":17,"column":46}},"17":{"start":{"line":18,"column":0},"end":{"line":18,"column":9}},"19":{"start":{"line":20,"column":0},"end":{"line":20,"column":28}},"20":{"start":{"line":21,"column":0},"end":{"line":21,"column":16}},"21":{"start":{"line":22,"column":0},"end":{"line":22,"column":22}},"22":{"start":{"line":23,"column":0},"end":{"line":23,"column":29}},"23":{"start":{"line":24,"column":0},"end":{"line":24,"column":18}},"24":{"start":{"line":25,"column":0},"end":{"line":25,"column":26}},"25":{"start":{"line":26,"column":0},"end":{"line":26,"column":41}},"26":{"start":{"line":27,"column":0},"end":{"line":27,"column":58}},"27":{"start":{"line":28,"column":0},"end":{"line":28,"column":21}},"28":{"start":{"line":29,"column":0},"end":{"line":29,"column":12}},"29":{"start":{"line":30,"column":0},"end":{"line":30,"column":29}},"30":{"start":{"line":31,"column":0},"end":{"line":31,"column":18}},"31":{"start":{"line":32,"column":0},"end":{"line":32,"column":26}},"32":{"start":{"line":33,"column":0},"end":{"line":33,"column":37}},"33":{"start":{"line":34,"column":0},"end":{"line":34,"column":68}},"34":{"start":{"line":35,"column":0},"end":{"line":35,"column":21}},"35":{"start":{"line":36,"column":0},"end":{"line":36,"column":12}},"36":{"start":{"line":37,"column":0},"end":{"line":37,"column":23}},"37":{"start":{"line":38,"column":0},"end":{"line":38,"column":18}},"38":{"start":{"line":39,"column":0},"end":{"line":39,"column":26}},"39":{"start":{"line":40,"column":0},"end":{"line":40,"column":37}},"40":{"start":{"line":41,"column":0},"end":{"line":41,"column":86}},"41":{"start":{"line":42,"column":0},"end":{"line":42,"column":21}},"42":{"start":{"line":43,"column":0},"end":{"line":43,"column":12}},"43":{"start":{"line":44,"column":0},"end":{"line":44,"column":20}},"44":{"start":{"line":45,"column":0},"end":{"line":45,"column":18}},"45":{"start":{"line":46,"column":0},"end":{"line":46,"column":26}},"46":{"start":{"line":47,"column":0},"end":{"line":47,"column":37}},"47":{"start":{"line":48,"column":0},"end":{"line":48,"column":67}},"48":{"start":{"line":49,"column":0},"end":{"line":49,"column":22}},"49":{"start":{"line":50,"column":0},"end":{"line":50,"column":12}},"50":{"start":{"line":51,"column":0},"end":{"line":51,"column":16}},"51":{"start":{"line":52,"column":0},"end":{"line":52,"column":18}},"52":{"start":{"line":53,"column":0},"end":{"line":53,"column":26}},"53":{"start":{"line":54,"column":0},"end":{"line":54,"column":39}},"54":{"start":{"line":55,"column":0},"end":{"line":55,"column":56}},"55":{"start":{"line":56,"column":0},"end":{"line":56,"column":21}},"56":{"start":{"line":57,"column":0},"end":{"line":57,"column":12}},"57":{"start":{"line":58,"column":0},"end":{"line":58,"column":7}},"58":{"start":{"line":59,"column":0},"end":{"line":59,"column":5}},"60":{"start":{"line":61,"column":0},"end":{"line":61,"column":32}},"61":{"start":{"line":62,"column":0},"end":{"line":62,"column":14}},"62":{"start":{"line":63,"column":0},"end":{"line":63,"column":24}},"63":{"start":{"line":64,"column":0},"end":{"line":64,"column":34}},"64":{"start":{"line":65,"column":0},"end":{"line":65,"column":72}},"65":{"start":{"line":66,"column":0},"end":{"line":66,"column":17}},"66":{"start":{"line":67,"column":0},"end":{"line":67,"column":8}},"67":{"start":{"line":68,"column":0},"end":{"line":68,"column":5}},"69":{"start":{"line":70,"column":0},"end":{"line":70,"column":32}},"70":{"start":{"line":71,"column":0},"end":{"line":71,"column":14}},"71":{"start":{"line":72,"column":0},"end":{"line":72,"column":24}},"72":{"start":{"line":73,"column":0},"end":{"line":73,"column":35}},"73":{"start":{"line":74,"column":0},"end":{"line":74,"column":70}},"74":{"start":{"line":75,"column":0},"end":{"line":75,"column":19}},"75":{"start":{"line":76,"column":0},"end":{"line":76,"column":8}},"76":{"start":{"line":77,"column":0},"end":{"line":77,"column":5}},"78":{"start":{"line":79,"column":0},"end":{"line":79,"column":12}},"79":{"start":{"line":80,"column":0},"end":{"line":80,"column":19}},"80":{"start":{"line":81,"column":0},"end":{"line":81,"column":36}},"81":{"start":{"line":82,"column":0},"end":{"line":82,"column":60}},"82":{"start":{"line":83,"column":0},"end":{"line":83,"column":15}},"83":{"start":{"line":84,"column":0},"end":{"line":84,"column":6}},"84":{"start":{"line":85,"column":0},"end":{"line":85,"column":4}},"86":{"start":{"line":87,"column":0},"end":{"line":87,"column":31}},"88":{"start":{"line":89,"column":0},"end":{"line":89,"column":16}},"89":{"start":{"line":90,"column":0},"end":{"line":90,"column":12}},"90":{"start":{"line":91,"column":0},"end":{"line":91,"column":48}},"91":{"start":{"line":92,"column":0},"end":{"line":92,"column":61}},"92":{"start":{"line":93,"column":0},"end":{"line":93,"column":45}},"93":{"start":{"line":94,"column":0},"end":{"line":94,"column":41}},"94":{"start":{"line":95,"column":0},"end":{"line":95,"column":43}},"95":{"start":{"line":96,"column":0},"end":{"line":96,"column":41}},"96":{"start":{"line":97,"column":0},"end":{"line":97,"column":46}},"97":{"start":{"line":98,"column":0},"end":{"line":98,"column":16}},"98":{"start":{"line":99,"column":0},"end":{"line":99,"column":14}},"99":{"start":{"line":100,"column":0},"end":{"line":100,"column":12}},"101":{"start":{"line":102,"column":0},"end":{"line":102,"column":3}},"103":{"start":{"line":104,"column":0},"end":{"line":104,"column":10}},"104":{"start":{"line":105,"column":0},"end":{"line":105,"column":46}},"105":{"start":{"line":106,"column":0},"end":{"line":106,"column":59}},"106":{"start":{"line":107,"column":0},"end":{"line":107,"column":43}},"107":{"start":{"line":108,"column":0},"end":{"line":108,"column":56}},"108":{"start":{"line":109,"column":0},"end":{"line":109,"column":59}},"109":{"start":{"line":110,"column":0},"end":{"line":110,"column":34}},"110":{"start":{"line":111,"column":0},"end":{"line":111,"column":61}},"112":{"start":{"line":113,"column":0},"end":{"line":113,"column":42}},"113":{"start":{"line":114,"column":0},"end":{"line":114,"column":20}},"114":{"start":{"line":115,"column":0},"end":{"line":115,"column":52}},"115":{"start":{"line":116,"column":0},"end":{"line":116,"column":40}},"116":{"start":{"line":117,"column":0},"end":{"line":117,"column":13}},"118":{"start":{"line":119,"column":0},"end":{"line":119,"column":21}},"119":{"start":{"line":120,"column":0},"end":{"line":120,"column":20}},"120":{"start":{"line":121,"column":0},"end":{"line":121,"column":48}},"121":{"start":{"line":122,"column":0},"end":{"line":122,"column":42}},"122":{"start":{"line":123,"column":0},"end":{"line":123,"column":13}},"124":{"start":{"line":125,"column":0},"end":{"line":125,"column":21}},"125":{"start":{"line":126,"column":0},"end":{"line":126,"column":16}},"126":{"start":{"line":127,"column":0},"end":{"line":127,"column":14}},"127":{"start":{"line":128,"column":0},"end":{"line":128,"column":12}},"128":{"start":{"line":129,"column":0},"end":{"line":129,"column":10}},"130":{"start":{"line":131,"column":0},"end":{"line":131,"column":2}},"132":{"start":{"line":133,"column":0},"end":{"line":133,"column":29}}},"s":{"0":1,"1":1,"2":1,"3":1,"5":1,"6":14,"7":14,"8":14,"10":14,"11":14,"12":14,"14":14,"16":8,"17":14,"19":14,"20":14,"21":4,"22":4,"23":0,"24":0,"25":0,"26":0,"27":0,"28":0,"29":4,"30":2,"31":2,"32":2,"33":2,"34":2,"35":2,"36":4,"37":2,"38":2,"39":2,"40":2,"41":2,"42":2,"43":4,"44":0,"45":0,"46":0,"47":0,"48":0,"49":0,"50":4,"51":0,"52":0,"53":0,"54":0,"55":0,"56":0,"57":4,"58":4,"60":14,"61":7,"62":7,"63":7,"64":7,"65":7,"66":7,"67":7,"69":14,"70":2,"71":2,"72":2,"73":2,"74":2,"75":2,"76":2,"78":1,"79":1,"80":1,"81":1,"82":1,"83":1,"84":14,"86":14,"88":14,"89":8,"90":8,"91":8,"92":8,"93":8,"94":8,"95":8,"96":8,"97":8,"98":8,"99":8,"101":8,"103":6,"104":6,"105":6,"106":6,"107":6,"108":6,"109":6,"110":6,"112":6,"113":6,"114":6,"115":6,"116":6,"118":6,"119":6,"120":6,"121":6,"122":6,"124":6,"125":6,"126":6,"127":6,"128":6,"130":6,"132":1},"branchMap":{"0":{"type":"branch","line":6,"loc":{"start":{"line":6,"column":32},"end":{"line":131,"column":2}},"locations":[{"start":{"line":6,"column":32},"end":{"line":131,"column":2}}]},"1":{"type":"branch","line":89,"loc":{"start":{"line":89,"column":15},"end":{"line":102,"column":3}},"locations":[{"start":{"line":89,"column":15},"end":{"line":102,"column":3}}]},"2":{"type":"branch","line":102,"loc":{"start":{"line":102,"column":2},"end":{"line":131,"column":2}},"locations":[{"start":{"line":102,"column":2},"end":{"line":131,"column":2}}]},"3":{"type":"branch","line":15,"loc":{"start":{"line":15,"column":12},"end":{"line":18,"column":5}},"locations":[{"start":{"line":15,"column":12},"end":{"line":18,"column":5}}]},"4":{"type":"branch","line":17,"loc":{"start":{"line":17,"column":15},"end":{"line":17,"column":40}},"locations":[{"start":{"line":17,"column":15},"end":{"line":17,"column":40}}]},"5":{"type":"branch","line":20,"loc":{"start":{"line":20,"column":21},"end":{"line":85,"column":4}},"locations":[{"start":{"line":20,"column":21},"end":{"line":85,"column":4}}]},"6":{"type":"branch","line":21,"loc":{"start":{"line":21,"column":15},"end":{"line":59,"column":5}},"locations":[{"start":{"line":21,"column":15},"end":{"line":59,"column":5}}]},"7":{"type":"branch","line":23,"loc":{"start":{"line":23,"column":8},"end":{"line":29,"column":12}},"locations":[{"start":{"line":23,"column":8},"end":{"line":29,"column":12}}]},"8":{"type":"branch","line":30,"loc":{"start":{"line":30,"column":8},"end":{"line":36,"column":12}},"locations":[{"start":{"line":30,"column":8},"end":{"line":36,"column":12}}]},"9":{"type":"branch","line":37,"loc":{"start":{"line":37,"column":8},"end":{"line":43,"column":12}},"locations":[{"start":{"line":37,"column":8},"end":{"line":43,"column":12}}]},"10":{"type":"branch","line":44,"loc":{"start":{"line":44,"column":8},"end":{"line":50,"column":12}},"locations":[{"start":{"line":44,"column":8},"end":{"line":50,"column":12}}]},"11":{"type":"branch","line":51,"loc":{"start":{"line":51,"column":8},"end":{"line":57,"column":12}},"locations":[{"start":{"line":51,"column":8},"end":{"line":57,"column":12}}]},"12":{"type":"branch","line":59,"loc":{"start":{"line":59,"column":4},"end":{"line":61,"column":31}},"locations":[{"start":{"line":59,"column":4},"end":{"line":61,"column":31}}]},"13":{"type":"branch","line":61,"loc":{"start":{"line":61,"column":31},"end":{"line":68,"column":5}},"locations":[{"start":{"line":61,"column":31},"end":{"line":68,"column":5}}]},"14":{"type":"branch","line":68,"loc":{"start":{"line":68,"column":4},"end":{"line":70,"column":31}},"locations":[{"start":{"line":68,"column":4},"end":{"line":70,"column":31}}]},"15":{"type":"branch","line":70,"loc":{"start":{"line":70,"column":31},"end":{"line":77,"column":5}},"locations":[{"start":{"line":70,"column":31},"end":{"line":77,"column":5}}]},"16":{"type":"branch","line":77,"loc":{"start":{"line":77,"column":4},"end":{"line":84,"column":6}},"locations":[{"start":{"line":77,"column":4},"end":{"line":84,"column":6}}]}},"b":{"0":[14],"1":[8],"2":[6],"3":[8],"4":[8],"5":[14],"6":[4],"7":[0],"8":[2],"9":[2],"10":[0],"11":[0],"12":[10],"13":[7],"14":[3],"15":[2],"16":[1]},"fnMap":{"0":{"name":"AdminApproval","decl":{"start":{"line":6,"column":32},"end":{"line":131,"column":2}},"loc":{"start":{"line":6,"column":32},"end":{"line":131,"column":2}},"line":6},"1":{"name":"getMessage","decl":{"start":{"line":20,"column":21},"end":{"line":85,"column":4}},"loc":{"start":{"line":20,"column":21},"end":{"line":85,"column":4}},"line":20},"2":{"name":"onClick","decl":{"start":{"line":115,"column":23},"end":{"line":115,"column":52}},"loc":{"start":{"line":115,"column":23},"end":{"line":115,"column":52}},"line":115},"3":{"name":"onClick","decl":{"start":{"line":121,"column":23},"end":{"line":121,"column":48}},"loc":{"start":{"line":121,"column":23},"end":{"line":121,"column":48}},"line":121}},"f":{"0":14,"1":14,"2":0,"3":0}}
,"C:\\Users\\SHADOW\\Desktop\\desarrollo de software 2 F y B\\DS2-2-FRONTEND\\src\\components\\layout\\BlankPage.tsx": {"path":"C:\\Users\\SHADOW\\Desktop\\desarrollo de software 2 F y B\\DS2-2-FRONTEND\\src\\components\\layout\\BlankPage.tsx","all":false,"statementMap":{"0":{"start":{"line":1,"column":0},"end":{"line":1,"column":26}},"7":{"start":{"line":8,"column":0},"end":{"line":8,"column":73}},"8":{"start":{"line":9,"column":0},"end":{"line":9,"column":10}},"9":{"start":{"line":10,"column":0},"end":{"line":10,"column":32}},"10":{"start":{"line":11,"column":0},"end":{"line":11,"column":37}},"11":{"start":{"line":12,"column":0},"end":{"line":12,"column":24}},"12":{"start":{"line":13,"column":0},"end":{"line":13,"column":45}},"13":{"start":{"line":14,"column":0},"end":{"line":14,"column":37}},"14":{"start":{"line":15,"column":0},"end":{"line":15,"column":67}},"15":{"start":{"line":16,"column":0},"end":{"line":16,"column":14}},"16":{"start":{"line":17,"column":0},"end":{"line":17,"column":12}},"17":{"start":{"line":18,"column":0},"end":{"line":18,"column":10}},"19":{"start":{"line":20,"column":0},"end":{"line":20,"column":2}},"21":{"start":{"line":22,"column":0},"end":{"line":22,"column":25}}},"s":{"0":1,"7":1,"8":0,"9":0,"10":0,"11":0,"12":0,"13":0,"14":0,"15":0,"16":0,"17":0,"19":0,"21":1},"branchMap":{},"b":{},"fnMap":{"0":{"name":"BlankPage","decl":{"start":{"line":8,"column":44},"end":{"line":20,"column":2}},"loc":{"start":{"line":8,"column":44},"end":{"line":20,"column":2}},"line":8}},"f":{"0":0}}
,"C:\\Users\\SHADOW\\Desktop\\desarrollo de software 2 F y B\\DS2-2-FRONTEND\\src\\components\\layout\\DashboardLayout.tsx": {"path":"C:\\Users\\SHADOW\\Desktop\\desarrollo de software 2 F y B\\DS2-2-FRONTEND\\src\\components\\layout\\DashboardLayout.tsx","all":false,"statementMap":{"0":{"start":{"line":1,"column":0},"end":{"line":1,"column":64}},"1":{"start":{"line":2,"column":0},"end":{"line":2,"column":47}},"2":{"start":{"line":3,"column":0},"end":{"line":3,"column":40}},"3":{"start":{"line":4,"column":0},"end":{"line":4,"column":36}},"4":{"start":{"line":5,"column":0},"end":{"line":5,"column":43}},"5":{"start":{"line":6,"column":0},"end":{"line":6,"column":47}},"6":{"start":{"line":7,"column":0},"end":{"line":7,"column":49}},"7":{"start":{"line":8,"column":0},"end":{"line":8,"column":53}},"8":{"start":{"line":9,"column":0},"end":{"line":9,"column":46}},"11":{"start":{"line":12,"column":0},"end":{"line":12,"column":41}},"12":{"start":{"line":13,"column":0},"end":{"line":13,"column":52}},"13":{"start":{"line":14,"column":0},"end":{"line":14,"column":62}},"14":{"start":{"line":15,"column":0},"end":{"line":15,"column":33}},"15":{"start":{"line":16,"column":0},"end":{"line":16,"column":61}},"22":{"start":{"line":23,"column":0},"end":{"line":23,"column":11}},"23":{"start":{"line":24,"column":0},"end":{"line":24,"column":110}},"26":{"start":{"line":27,"column":0},"end":{"line":27,"column":46}},"27":{"start":{"line":28,"column":0},"end":{"line":28,"column":35}},"28":{"start":{"line":29,"column":0},"end":{"line":29,"column":50}},"29":{"start":{"line":30,"column":0},"end":{"line":30,"column":46}},"30":{"start":{"line":31,"column":0},"end":{"line":31,"column":48}},"31":{"start":{"line":32,"column":0},"end":{"line":32,"column":18}},"32":{"start":{"line":33,"column":0},"end":{"line":33,"column":26}},"34":{"start":{"line":35,"column":0},"end":{"line":35,"column":73}},"37":{"start":{"line":38,"column":0},"end":{"line":38,"column":19}},"38":{"start":{"line":39,"column":0},"end":{"line":39,"column":41}},"39":{"start":{"line":40,"column":0},"end":{"line":40,"column":25}},"42":{"start":{"line":43,"column":0},"end":{"line":43,"column":31}},"43":{"start":{"line":44,"column":0},"end":{"line":44,"column":28}},"44":{"start":{"line":45,"column":0},"end":{"line":45,"column":18}},"45":{"start":{"line":46,"column":0},"end":{"line":46,"column":16}},"46":{"start":{"line":47,"column":0},"end":{"line":47,"column":12}},"48":{"start":{"line":49,"column":0},"end":{"line":49,"column":42}},"49":{"start":{"line":50,"column":0},"end":{"line":50,"column":16}},"50":{"start":{"line":51,"column":0},"end":{"line":51,"column":32}},"51":{"start":{"line":52,"column":0},"end":{"line":52,"column":58}},"52":{"start":{"line":53,"column":0},"end":{"line":53,"column":81}},"53":{"start":{"line":54,"column":0},"end":{"line":54,"column":22}},"54":{"start":{"line":55,"column":0},"end":{"line":55,"column":17}},"58":{"start":{"line":59,"column":0},"end":{"line":59,"column":117}},"59":{"start":{"line":60,"column":0},"end":{"line":60,"column":58}},"60":{"start":{"line":61,"column":0},"end":{"line":61,"column":18}},"61":{"start":{"line":62,"column":0},"end":{"line":62,"column":13}},"63":{"start":{"line":64,"column":0},"end":{"line":64,"column":23}},"64":{"start":{"line":65,"column":0},"end":{"line":65,"column":34}},"65":{"start":{"line":66,"column":0},"end":{"line":66,"column":21}},"66":{"start":{"line":67,"column":0},"end":{"line":67,"column":16}},"67":{"start":{"line":68,"column":0},"end":{"line":68,"column":41}},"68":{"start":{"line":69,"column":0},"end":{"line":69,"column":29}},"69":{"start":{"line":70,"column":0},"end":{"line":70,"column":54}},"70":{"start":{"line":71,"column":0},"end":{"line":71,"column":16}},"72":{"start":{"line":73,"column":0},"end":{"line":73,"column":22}},"73":{"start":{"line":74,"column":0},"end":{"line":74,"column":16}},"74":{"start":{"line":75,"column":0},"end":{"line":75,"column":41}},"75":{"start":{"line":76,"column":0},"end":{"line":76,"column":34}},"76":{"start":{"line":77,"column":0},"end":{"line":77,"column":44}},"77":{"start":{"line":78,"column":0},"end":{"line":78,"column":16}},"79":{"start":{"line":80,"column":0},"end":{"line":80,"column":14}},"80":{"start":{"line":81,"column":0},"end":{"line":81,"column":20}},"81":{"start":{"line":82,"column":0},"end":{"line":82,"column":5}},"82":{"start":{"line":83,"column":0},"end":{"line":83,"column":4}},"84":{"start":{"line":85,"column":0},"end":{"line":85,"column":19}},"85":{"start":{"line":86,"column":0},"end":{"line":86,"column":60}},"86":{"start":{"line":87,"column":0},"end":{"line":87,"column":50}},"87":{"start":{"line":88,"column":0},"end":{"line":88,"column":52}},"88":{"start":{"line":89,"column":0},"end":{"line":89,"column":92}},"89":{"start":{"line":90,"column":0},"end":{"line":90,"column":28}},"90":{"start":{"line":91,"column":0},"end":{"line":91,"column":38}},"91":{"start":{"line":92,"column":0},"end":{"line":92,"column":33}},"92":{"start":{"line":93,"column":0},"end":{"line":93,"column":9}},"95":{"start":{"line":96,"column":0},"end":{"line":96,"column":19}},"96":{"start":{"line":97,"column":0},"end":{"line":97,"column":42}},"97":{"start":{"line":98,"column":0},"end":{"line":98,"column":38}},"98":{"start":{"line":99,"column":0},"end":{"line":99,"column":41}},"99":{"start":{"line":100,"column":0},"end":{"line":100,"column":24}},"100":{"start":{"line":101,"column":0},"end":{"line":101,"column":46}},"101":{"start":{"line":102,"column":0},"end":{"line":102,"column":59}},"102":{"start":{"line":103,"column":0},"end":{"line":103,"column":55}},"103":{"start":{"line":104,"column":0},"end":{"line":104,"column":52}},"104":{"start":{"line":105,"column":0},"end":{"line":105,"column":36}},"105":{"start":{"line":106,"column":0},"end":{"line":106,"column":34}},"106":{"start":{"line":107,"column":0},"end":{"line":107,"column":9}},"107":{"start":{"line":108,"column":0},"end":{"line":108,"column":6}},"108":{"start":{"line":109,"column":0},"end":{"line":109,"column":97}},"109":{"start":{"line":110,"column":0},"end":{"line":110,"column":113}},"110":{"start":{"line":111,"column":0},"end":{"line":111,"column":9}},"113":{"start":{"line":114,"column":0},"end":{"line":114,"column":19}},"114":{"start":{"line":115,"column":0},"end":{"line":115,"column":35}},"115":{"start":{"line":116,"column":0},"end":{"line":116,"column":114}},"116":{"start":{"line":117,"column":0},"end":{"line":117,"column":27}},"117":{"start":{"line":118,"column":0},"end":{"line":118,"column":63}},"118":{"start":{"line":119,"column":0},"end":{"line":119,"column":100}},"119":{"start":{"line":120,"column":0},"end":{"line":120,"column":24}},"120":{"start":{"line":121,"column":0},"end":{"line":121,"column":57}},"121":{"start":{"line":122,"column":0},"end":{"line":122,"column":15}},"122":{"start":{"line":123,"column":0},"end":{"line":123,"column":6}},"123":{"start":{"line":124,"column":0},"end":{"line":124,"column":45}},"124":{"start":{"line":125,"column":0},"end":{"line":125,"column":88}},"125":{"start":{"line":126,"column":0},"end":{"line":126,"column":99}},"126":{"start":{"line":127,"column":0},"end":{"line":127,"column":18}},"127":{"start":{"line":128,"column":0},"end":{"line":128,"column":93}},"128":{"start":{"line":129,"column":0},"end":{"line":129,"column":104}},"129":{"start":{"line":130,"column":0},"end":{"line":130,"column":6}},"130":{"start":{"line":131,"column":0},"end":{"line":131,"column":9}},"137":{"start":{"line":138,"column":0},"end":{"line":138,"column":33}},"138":{"start":{"line":139,"column":0},"end":{"line":139,"column":12}},"139":{"start":{"line":140,"column":0},"end":{"line":140,"column":40}},"140":{"start":{"line":141,"column":0},"end":{"line":141,"column":106}},"141":{"start":{"line":142,"column":0},"end":{"line":142,"column":32}},"142":{"start":{"line":143,"column":0},"end":{"line":143,"column":14}},"143":{"start":{"line":144,"column":0},"end":{"line":144,"column":12}},"145":{"start":{"line":146,"column":0},"end":{"line":146,"column":3}},"148":{"start":{"line":149,"column":0},"end":{"line":149,"column":28}},"149":{"start":{"line":150,"column":0},"end":{"line":150,"column":12}},"150":{"start":{"line":151,"column":0},"end":{"line":151,"column":40}},"151":{"start":{"line":152,"column":0},"end":{"line":152,"column":106}},"152":{"start":{"line":153,"column":0},"end":{"line":153,"column":35}},"153":{"start":{"line":154,"column":0},"end":{"line":154,"column":14}},"154":{"start":{"line":155,"column":0},"end":{"line":155,"column":12}},"156":{"start":{"line":157,"column":0},"end":{"line":157,"column":3}},"158":{"start":{"line":159,"column":0},"end":{"line":159,"column":10}},"159":{"start":{"line":160,"column":0},"end":{"line":160,"column":38}},"160":{"start":{"line":161,"column":0},"end":{"line":161,"column":81}},"161":{"start":{"line":162,"column":0},"end":{"line":162,"column":37}},"162":{"start":{"line":163,"column":0},"end":{"line":163,"column":25}},"163":{"start":{"line":164,"column":0},"end":{"line":164,"column":13}},"165":{"start":{"line":166,"column":0},"end":{"line":166,"column":25}},"166":{"start":{"line":167,"column":0},"end":{"line":167,"column":111}},"167":{"start":{"line":168,"column":0},"end":{"line":168,"column":78}},"168":{"start":{"line":169,"column":0},"end":{"line":169,"column":42}},"169":{"start":{"line":170,"column":0},"end":{"line":170,"column":68}},"170":{"start":{"line":171,"column":0},"end":{"line":171,"column":18}},"171":{"start":{"line":172,"column":0},"end":{"line":172,"column":40}},"172":{"start":{"line":173,"column":0},"end":{"line":173,"column":44}},"173":{"start":{"line":174,"column":0},"end":{"line":174,"column":18}},"174":{"start":{"line":175,"column":0},"end":{"line":175,"column":43}},"175":{"start":{"line":176,"column":0},"end":{"line":176,"column":21}},"176":{"start":{"line":177,"column":0},"end":{"line":177,"column":42}},"177":{"start":{"line":178,"column":0},"end":{"line":178,"column":87}},"179":{"start":{"line":180,"column":0},"end":{"line":180,"column":56}},"180":{"start":{"line":181,"column":0},"end":{"line":181,"column":23}},"181":{"start":{"line":182,"column":0},"end":{"line":182,"column":21}},"182":{"start":{"line":183,"column":0},"end":{"line":183,"column":43}},"183":{"start":{"line":184,"column":0},"end":{"line":184,"column":88}},"185":{"start":{"line":186,"column":0},"end":{"line":186,"column":58}},"186":{"start":{"line":187,"column":0},"end":{"line":187,"column":23}},"187":{"start":{"line":188,"column":0},"end":{"line":188,"column":18}},"188":{"start":{"line":189,"column":0},"end":{"line":189,"column":16}},"189":{"start":{"line":190,"column":0},"end":{"line":190,"column":14}},"193":{"start":{"line":194,"column":0},"end":{"line":194,"column":29}},"194":{"start":{"line":195,"column":0},"end":{"line":195,"column":12}},"195":{"start":{"line":196,"column":0},"end":{"line":196,"column":37}},"196":{"start":{"line":197,"column":0},"end":{"line":197,"column":138}},"198":{"start":{"line":199,"column":0},"end":{"line":199,"column":28}},"199":{"start":{"line":200,"column":0},"end":{"line":200,"column":71}},"200":{"start":{"line":201,"column":0},"end":{"line":201,"column":25}},"201":{"start":{"line":202,"column":0},"end":{"line":202,"column":18}},"202":{"start":{"line":203,"column":0},"end":{"line":203,"column":13}},"203":{"start":{"line":204,"column":0},"end":{"line":204,"column":14}},"205":{"start":{"line":206,"column":0},"end":{"line":206,"column":10}},"207":{"start":{"line":208,"column":0},"end":{"line":208,"column":2}},"209":{"start":{"line":210,"column":0},"end":{"line":210,"column":31}}},"s":{"0":1,"1":1,"2":1,"3":1,"4":1,"5":1,"6":1,"7":1,"8":1,"11":1,"12":2,"13":2,"14":2,"15":2,"22":2,"23":2,"26":2,"27":4,"28":4,"29":4,"30":4,"31":4,"32":2,"34":2,"37":2,"38":2,"39":2,"42":2,"43":2,"44":2,"45":2,"46":2,"48":2,"49":0,"50":0,"51":0,"52":0,"53":0,"54":0,"58":2,"59":2,"60":2,"61":2,"63":2,"64":0,"65":2,"66":0,"67":0,"68":0,"69":0,"70":0,"72":2,"73":0,"74":0,"75":0,"76":0,"77":0,"79":2,"80":0,"81":2,"82":2,"84":2,"85":2,"86":2,"87":2,"88":0,"89":2,"90":2,"91":2,"92":2,"95":2,"96":2,"97":0,"98":0,"99":0,"100":0,"101":0,"102":0,"103":0,"104":0,"105":0,"106":0,"107":0,"108":2,"109":2,"110":2,"113":2,"114":2,"115":0,"116":0,"117":0,"118":0,"119":0,"120":0,"121":0,"122":0,"123":2,"124":2,"125":2,"126":2,"127":2,"128":2,"129":2,"130":2,"137":2,"138":0,"139":0,"140":0,"141":0,"142":0,"143":0,"145":0,"148":2,"149":0,"150":0,"151":0,"152":0,"153":0,"154":0,"156":0,"158":2,"159":2,"160":2,"161":2,"162":2,"163":2,"165":2,"166":0,"167":0,"168":0,"169":0,"170":0,"171":0,"172":0,"173":0,"174":0,"175":0,"176":0,"177":0,"179":0,"180":0,"181":0,"182":0,"183":0,"185":0,"186":0,"187":0,"188":0,"189":0,"193":2,"194":0,"195":0,"196":0,"198":0,"199":0,"200":0,"201":0,"202":0,"203":0,"205":2,"207":2,"209":1},"branchMap":{"0":{"type":"branch","line":12,"loc":{"start":{"line":12,"column":34},"end":{"line":208,"column":2}},"locations":[{"start":{"line":12,"column":34},"end":{"line":208,"column":2}}]},"1":{"type":"branch","line":138,"loc":{"start":{"line":138,"column":6},"end":{"line":138,"column":32}},"locations":[{"start":{"line":138,"column":6},"end":{"line":138,"column":32}}]},"2":{"type":"branch","line":138,"loc":{"start":{"line":138,"column":32},"end":{"line":146,"column":3}},"locations":[{"start":{"line":138,"column":32},"end":{"line":146,"column":3}}]},"3":{"type":"branch","line":149,"loc":{"start":{"line":149,"column":6},"end":{"line":149,"column":27}},"locations":[{"start":{"line":149,"column":6},"end":{"line":149,"column":27}}]},"4":{"type":"branch","line":149,"loc":{"start":{"line":149,"column":27},"end":{"line":157,"column":3}},"locations":[{"start":{"line":149,"column":27},"end":{"line":157,"column":3}}]},"5":{"type":"branch","line":166,"loc":{"start":{"line":166,"column":7},"end":{"line":190,"column":14}},"locations":[{"start":{"line":166,"column":7},"end":{"line":190,"column":14}}]},"6":{"type":"branch","line":194,"loc":{"start":{"line":194,"column":23},"end":{"line":204,"column":14}},"locations":[{"start":{"line":194,"column":23},"end":{"line":204,"column":14}}]},"7":{"type":"branch","line":27,"loc":{"start":{"line":27,"column":39},"end":{"line":33,"column":5}},"locations":[{"start":{"line":27,"column":39},"end":{"line":33,"column":5}}]},"8":{"type":"branch","line":29,"loc":{"start":{"line":29,"column":31},"end":{"line":29,"column":50}},"locations":[{"start":{"line":29,"column":31},"end":{"line":29,"column":50}}]},"9":{"type":"branch","line":30,"loc":{"start":{"line":30,"column":29},"end":{"line":30,"column":46}},"locations":[{"start":{"line":30,"column":29},"end":{"line":30,"column":46}}]},"10":{"type":"branch","line":31,"loc":{"start":{"line":31,"column":30},"end":{"line":31,"column":48}},"locations":[{"start":{"line":31,"column":30},"end":{"line":31,"column":48}}]},"11":{"type":"branch","line":38,"loc":{"start":{"line":38,"column":12},"end":{"line":40,"column":5}},"locations":[{"start":{"line":38,"column":12},"end":{"line":40,"column":5}}]},"12":{"type":"branch","line":43,"loc":{"start":{"line":43,"column":24},"end":{"line":83,"column":4}},"locations":[{"start":{"line":43,"column":24},"end":{"line":83,"column":4}}]},"13":{"type":"branch","line":49,"loc":{"start":{"line":49,"column":28},"end":{"line":55,"column":17}},"locations":[{"start":{"line":49,"column":28},"end":{"line":55,"column":17}}]},"14":{"type":"branch","line":59,"loc":{"start":{"line":59,"column":89},"end":{"line":59,"column":110}},"locations":[{"start":{"line":59,"column":89},"end":{"line":59,"column":110}}]},"15":{"type":"branch","line":64,"loc":{"start":{"line":64,"column":6},"end":{"line":65,"column":34}},"locations":[{"start":{"line":64,"column":6},"end":{"line":65,"column":34}}]},"16":{"type":"branch","line":66,"loc":{"start":{"line":66,"column":6},"end":{"line":71,"column":16}},"locations":[{"start":{"line":66,"column":6},"end":{"line":71,"column":16}}]},"17":{"type":"branch","line":73,"loc":{"start":{"line":73,"column":6},"end":{"line":78,"column":16}},"locations":[{"start":{"line":73,"column":6},"end":{"line":78,"column":16}}]},"18":{"type":"branch","line":80,"loc":{"start":{"line":80,"column":6},"end":{"line":81,"column":20}},"locations":[{"start":{"line":80,"column":6},"end":{"line":81,"column":20}}]},"19":{"type":"branch","line":85,"loc":{"start":{"line":85,"column":12},"end":{"line":93,"column":5}},"locations":[{"start":{"line":85,"column":12},"end":{"line":93,"column":5}}]},"20":{"type":"branch","line":87,"loc":{"start":{"line":87,"column":16},"end":{"line":87,"column":48}},"locations":[{"start":{"line":87,"column":16},"end":{"line":87,"column":48}}]},"21":{"type":"branch","line":91,"loc":{"start":{"line":91,"column":16},"end":{"line":91,"column":36}},"locations":[{"start":{"line":91,"column":16},"end":{"line":91,"column":36}}]},"22":{"type":"branch","line":92,"loc":{"start":{"line":92,"column":11},"end":{"line":92,"column":33}},"locations":[{"start":{"line":92,"column":11},"end":{"line":92,"column":33}}]},"23":{"type":"branch","line":96,"loc":{"start":{"line":96,"column":12},"end":{"line":111,"column":5}},"locations":[{"start":{"line":96,"column":12},"end":{"line":111,"column":5}}]},"24":{"type":"branch","line":110,"loc":{"start":{"line":110,"column":11},"end":{"line":110,"column":113}},"locations":[{"start":{"line":110,"column":11},"end":{"line":110,"column":113}}]},"25":{"type":"branch","line":114,"loc":{"start":{"line":114,"column":12},"end":{"line":131,"column":5}},"locations":[{"start":{"line":114,"column":12},"end":{"line":131,"column":5}}]},"26":{"type":"branch","line":127,"loc":{"start":{"line":127,"column":11},"end":{"line":130,"column":6}},"locations":[{"start":{"line":127,"column":11},"end":{"line":130,"column":6}}]}},"b":{"0":[2],"1":[0],"2":[0],"3":[0],"4":[0],"5":[0],"6":[0],"7":[4],"8":[0],"9":[0],"10":[0],"11":[2],"12":[2],"13":[0],"14":[0],"15":[0],"16":[0],"17":[0],"18":[0],"19":[2],"20":[2],"21":[2],"22":[2],"23":[2],"24":[2],"25":[2],"26":[2]},"fnMap":{"0":{"name":"DashboardLayout","decl":{"start":{"line":12,"column":34},"end":{"line":208,"column":2}},"loc":{"start":{"line":12,"column":34},"end":{"line":208,"column":2}},"line":12},"1":{"name":"renderSection","decl":{"start":{"line":43,"column":24},"end":{"line":83,"column":4}},"loc":{"start":{"line":43,"column":24},"end":{"line":83,"column":4}},"line":43},"2":{"name":"onChanged","decl":{"start":{"line":53,"column":40},"end":{"line":53,"column":79}},"loc":{"start":{"line":53,"column":40},"end":{"line":53,"column":79}},"line":53},"3":{"name":"IntersectionObserver.threshold","decl":{"start":{"line":88,"column":40},"end":{"line":90,"column":7}},"loc":{"start":{"line":88,"column":40},"end":{"line":90,"column":7}},"line":88},"4":{"name":"onConfirmEvent","decl":{"start":{"line":97,"column":27},"end":{"line":108,"column":6}},"loc":{"start":{"line":97,"column":27},"end":{"line":108,"column":6}},"line":97},"5":{"name":"onToast","decl":{"start":{"line":115,"column":20},"end":{"line":123,"column":6}},"loc":{"start":{"line":115,"column":20},"end":{"line":123,"column":6}},"line":115},"6":{"name":"onToastClear","decl":{"start":{"line":124,"column":25},"end":{"line":124,"column":45}},"loc":{"start":{"line":124,"column":25},"end":{"line":124,"column":45}},"line":124},"7":{"name":"onClick","decl":{"start":{"line":167,"column":48},"end":{"line":167,"column":111}},"loc":{"start":{"line":167,"column":48},"end":{"line":167,"column":111}},"line":167},"8":{"name":"onClick","decl":{"start":{"line":168,"column":50},"end":{"line":168,"column":78}},"loc":{"start":{"line":168,"column":50},"end":{"line":168,"column":78}},"line":168},"9":{"name":"onClick","decl":{"start":{"line":178,"column":25},"end":{"line":178,"column":87}},"loc":{"start":{"line":178,"column":25},"end":{"line":178,"column":87}},"line":178},"10":{"name":"onClick","decl":{"start":{"line":184,"column":25},"end":{"line":184,"column":88}},"loc":{"start":{"line":184,"column":25},"end":{"line":184,"column":88}},"line":184}},"f":{"0":2,"1":2,"2":0,"3":0,"4":0,"5":0,"6":0,"7":0,"8":0,"9":0,"10":0}}
,"C:\\Users\\SHADOW\\Desktop\\desarrollo de software 2 F y B\\DS2-2-FRONTEND\\src\\components\\layout\\ForgotPassword.tsx": {"path":"C:\\Users\\SHADOW\\Desktop\\desarrollo de software 2 F y B\\DS2-2-FRONTEND\\src\\components\\layout\\ForgotPassword.tsx","all":false,"statementMap":{"0":{"start":{"line":1,"column":0},"end":{"line":1,"column":59}},"1":{"start":{"line":2,"column":0},"end":{"line":2,"column":47}},"2":{"start":{"line":3,"column":0},"end":{"line":3,"column":41}},"3":{"start":{"line":4,"column":0},"end":{"line":4,"column":73}},"4":{"start":{"line":5,"column":0},"end":{"line":5,"column":65}},"7":{"start":{"line":8,"column":0},"end":{"line":8,"column":40}},"8":{"start":{"line":9,"column":0},"end":{"line":9,"column":41}},"9":{"start":{"line":10,"column":0},"end":{"line":10,"column":52}},"10":{"start":{"line":11,"column":0},"end":{"line":11,"column":45}},"11":{"start":{"line":12,"column":0},"end":{"line":12,"column":41}},"12":{"start":{"line":13,"column":0},"end":{"line":13,"column":79}},"13":{"start":{"line":14,"column":0},"end":{"line":14,"column":33}},"14":{"start":{"line":15,"column":0},"end":{"line":15,"column":34}},"16":{"start":{"line":17,"column":0},"end":{"line":17,"column":19}},"17":{"start":{"line":18,"column":0},"end":{"line":18,"column":30}},"18":{"start":{"line":19,"column":0},"end":{"line":19,"column":49}},"19":{"start":{"line":20,"column":0},"end":{"line":20,"column":9}},"21":{"start":{"line":22,"column":0},"end":{"line":22,"column":54}},"22":{"start":{"line":23,"column":0},"end":{"line":23,"column":23}},"23":{"start":{"line":24,"column":0},"end":{"line":24,"column":47}},"24":{"start":{"line":25,"column":0},"end":{"line":25,"column":41}},"25":{"start":{"line":26,"column":0},"end":{"line":26,"column":43}},"27":{"start":{"line":28,"column":0},"end":{"line":28,"column":9}},"28":{"start":{"line":29,"column":0},"end":{"line":29,"column":37}},"29":{"start":{"line":30,"column":0},"end":{"line":30,"column":75}},"31":{"start":{"line":32,"column":0},"end":{"line":32,"column":29}},"33":{"start":{"line":34,"column":0},"end":{"line":34,"column":162}},"34":{"start":{"line":35,"column":0},"end":{"line":35,"column":63}},"35":{"start":{"line":36,"column":0},"end":{"line":36,"column":14}},"36":{"start":{"line":37,"column":0},"end":{"line":37,"column":114}},"37":{"start":{"line":38,"column":0},"end":{"line":38,"column":7}},"38":{"start":{"line":39,"column":0},"end":{"line":39,"column":21}},"39":{"start":{"line":40,"column":0},"end":{"line":40,"column":35}},"40":{"start":{"line":41,"column":0},"end":{"line":41,"column":56}},"41":{"start":{"line":42,"column":0},"end":{"line":42,"column":14}},"42":{"start":{"line":43,"column":0},"end":{"line":43,"column":83}},"43":{"start":{"line":44,"column":0},"end":{"line":44,"column":7}},"44":{"start":{"line":45,"column":0},"end":{"line":45,"column":15}},"45":{"start":{"line":46,"column":0},"end":{"line":46,"column":50}},"46":{"start":{"line":47,"column":0},"end":{"line":47,"column":5}},"47":{"start":{"line":48,"column":0},"end":{"line":48,"column":4}},"50":{"start":{"line":51,"column":0},"end":{"line":51,"column":10}},"51":{"start":{"line":52,"column":0},"end":{"line":52,"column":47}},"52":{"start":{"line":53,"column":0},"end":{"line":53,"column":61}},"53":{"start":{"line":54,"column":0},"end":{"line":54,"column":44}},"54":{"start":{"line":55,"column":0},"end":{"line":55,"column":37}},"55":{"start":{"line":56,"column":0},"end":{"line":56,"column":84}},"57":{"start":{"line":58,"column":0},"end":{"line":58,"column":38}},"58":{"start":{"line":59,"column":0},"end":{"line":59,"column":38}},"59":{"start":{"line":60,"column":0},"end":{"line":60,"column":61}},"60":{"start":{"line":61,"column":0},"end":{"line":61,"column":18}},"61":{"start":{"line":62,"column":0},"end":{"line":62,"column":26}},"62":{"start":{"line":63,"column":0},"end":{"line":63,"column":24}},"63":{"start":{"line":64,"column":0},"end":{"line":64,"column":27}},"64":{"start":{"line":65,"column":0},"end":{"line":65,"column":56}},"65":{"start":{"line":66,"column":0},"end":{"line":66,"column":22}},"66":{"start":{"line":67,"column":0},"end":{"line":67,"column":34}},"67":{"start":{"line":68,"column":0},"end":{"line":68,"column":14}},"68":{"start":{"line":69,"column":0},"end":{"line":69,"column":16}},"70":{"start":{"line":71,"column":0},"end":{"line":71,"column":23}},"71":{"start":{"line":72,"column":0},"end":{"line":72,"column":88}},"72":{"start":{"line":73,"column":0},"end":{"line":73,"column":23}},"73":{"start":{"line":74,"column":0},"end":{"line":74,"column":18}},"76":{"start":{"line":77,"column":0},"end":{"line":77,"column":21}},"77":{"start":{"line":78,"column":0},"end":{"line":78,"column":43}},"78":{"start":{"line":79,"column":0},"end":{"line":79,"column":21}},"79":{"start":{"line":80,"column":0},"end":{"line":80,"column":18}},"82":{"start":{"line":83,"column":0},"end":{"line":83,"column":53}},"83":{"start":{"line":84,"column":0},"end":{"line":84,"column":57}},"84":{"start":{"line":85,"column":0},"end":{"line":85,"column":19}},"85":{"start":{"line":86,"column":0},"end":{"line":86,"column":15}},"87":{"start":{"line":88,"column":0},"end":{"line":88,"column":36}},"88":{"start":{"line":89,"column":0},"end":{"line":89,"column":18}},"89":{"start":{"line":90,"column":0},"end":{"line":90,"column":26}},"90":{"start":{"line":91,"column":0},"end":{"line":91,"column":46}},"91":{"start":{"line":92,"column":0},"end":{"line":92,"column":35}},"92":{"start":{"line":93,"column":0},"end":{"line":93,"column":11}},"94":{"start":{"line":95,"column":0},"end":{"line":95,"column":19}},"95":{"start":{"line":96,"column":0},"end":{"line":96,"column":14}},"96":{"start":{"line":97,"column":0},"end":{"line":97,"column":12}},"98":{"start":{"line":99,"column":0},"end":{"line":99,"column":10}},"100":{"start":{"line":101,"column":0},"end":{"line":101,"column":2}},"102":{"start":{"line":103,"column":0},"end":{"line":103,"column":30}}},"s":{"0":1,"1":1,"2":1,"3":1,"4":1,"7":1,"8":35,"9":35,"10":35,"11":35,"12":35,"13":35,"14":35,"16":35,"17":13,"18":13,"19":35,"21":35,"22":7,"23":7,"24":7,"25":7,"27":7,"28":7,"29":7,"31":7,"33":2,"34":2,"35":7,"36":0,"37":0,"38":7,"39":4,"40":3,"41":4,"42":1,"43":1,"44":7,"45":6,"46":6,"47":7,"50":35,"51":35,"52":35,"53":35,"54":35,"55":35,"57":35,"58":35,"59":35,"60":35,"61":35,"62":35,"63":35,"64":35,"65":35,"66":35,"67":35,"68":35,"70":35,"71":2,"72":2,"73":2,"76":35,"77":4,"78":4,"79":4,"82":35,"83":35,"84":35,"85":35,"87":35,"88":35,"89":35,"90":35,"91":35,"92":35,"94":35,"95":35,"96":35,"98":35,"100":35,"102":1},"branchMap":{"0":{"type":"branch","line":8,"loc":{"start":{"line":8,"column":33},"end":{"line":101,"column":2}},"locations":[{"start":{"line":8,"column":33},"end":{"line":101,"column":2}}]},"1":{"type":"branch","line":71,"loc":{"start":{"line":71,"column":11},"end":{"line":74,"column":18}},"locations":[{"start":{"line":71,"column":11},"end":{"line":74,"column":18}}]},"2":{"type":"branch","line":72,"loc":{"start":{"line":72,"column":43},"end":{"line":72,"column":69}},"locations":[{"start":{"line":72,"column":43},"end":{"line":72,"column":69}}]},"3":{"type":"branch","line":77,"loc":{"start":{"line":77,"column":11},"end":{"line":80,"column":18}},"locations":[{"start":{"line":77,"column":11},"end":{"line":80,"column":18}}]},"4":{"type":"branch","line":84,"loc":{"start":{"line":84,"column":13},"end":{"line":84,"column":41}},"locations":[{"start":{"line":84,"column":13},"end":{"line":84,"column":41}}]},"5":{"type":"branch","line":84,"loc":{"start":{"line":84,"column":25},"end":{"line":84,"column":57}},"locations":[{"start":{"line":84,"column":25},"end":{"line":84,"column":57}}]},"6":{"type":"branch","line":17,"loc":{"start":{"line":17,"column":12},"end":{"line":20,"column":5}},"locations":[{"start":{"line":17,"column":12},"end":{"line":20,"column":5}}]},"7":{"type":"branch","line":19,"loc":{"start":{"line":19,"column":11},"end":{"line":19,"column":49}},"locations":[{"start":{"line":19,"column":11},"end":{"line":19,"column":49}}]},"8":{"type":"branch","line":22,"loc":{"start":{"line":22,"column":23},"end":{"line":48,"column":4}},"locations":[{"start":{"line":22,"column":23},"end":{"line":48,"column":4}}]},"9":{"type":"branch","line":30,"loc":{"start":{"line":30,"column":73},"end":{"line":32,"column":28}},"locations":[{"start":{"line":30,"column":73},"end":{"line":32,"column":28}}]},"10":{"type":"branch","line":32,"loc":{"start":{"line":32,"column":28},"end":{"line":36,"column":13}},"locations":[{"start":{"line":32,"column":28},"end":{"line":36,"column":13}}]},"11":{"type":"branch","line":34,"loc":{"start":{"line":34,"column":52},"end":{"line":34,"column":160}},"locations":[{"start":{"line":34,"column":52},"end":{"line":34,"column":160}}]},"12":{"type":"branch","line":36,"loc":{"start":{"line":36,"column":6},"end":{"line":38,"column":7}},"locations":[{"start":{"line":36,"column":6},"end":{"line":38,"column":7}}]},"13":{"type":"branch","line":39,"loc":{"start":{"line":39,"column":4},"end":{"line":45,"column":6}},"locations":[{"start":{"line":39,"column":4},"end":{"line":45,"column":6}}]},"14":{"type":"branch","line":40,"loc":{"start":{"line":40,"column":34},"end":{"line":42,"column":13}},"locations":[{"start":{"line":40,"column":34},"end":{"line":42,"column":13}}]},"15":{"type":"branch","line":41,"loc":{"start":{"line":41,"column":32},"end":{"line":41,"column":56}},"locations":[{"start":{"line":41,"column":32},"end":{"line":41,"column":56}}]},"16":{"type":"branch","line":42,"loc":{"start":{"line":42,"column":6},"end":{"line":44,"column":7}},"locations":[{"start":{"line":42,"column":6},"end":{"line":44,"column":7}}]},"17":{"type":"branch","line":45,"loc":{"start":{"line":45,"column":4},"end":{"line":47,"column":5}},"locations":[{"start":{"line":45,"column":4},"end":{"line":47,"column":5}}]},"18":{"type":"branch","line":46,"loc":{"start":{"line":46,"column":30},"end":{"line":46,"column":50}},"locations":[{"start":{"line":46,"column":30},"end":{"line":46,"column":50}}]},"19":{"type":"branch","line":65,"loc":{"start":{"line":65,"column":24},"end":{"line":65,"column":56}},"locations":[{"start":{"line":65,"column":24},"end":{"line":65,"column":56}}]}},"b":{"0":[35],"1":[2],"2":[0],"3":[4],"4":[7],"5":[28],"6":[13],"7":[13],"8":[7],"9":[3],"10":[2],"11":[0],"12":[0],"13":[4],"14":[3],"15":[2],"16":[1],"17":[6],"18":[5],"19":[10]},"fnMap":{"0":{"name":"ForgotPassword","decl":{"start":{"line":8,"column":33},"end":{"line":101,"column":2}},"loc":{"start":{"line":8,"column":33},"end":{"line":101,"column":2}},"line":8},"1":{"name":"handleSubmit","decl":{"start":{"line":22,"column":23},"end":{"line":48,"column":4}},"loc":{"start":{"line":22,"column":23},"end":{"line":48,"column":4}},"line":22},"2":{"name":"onChange","decl":{"start":{"line":65,"column":24},"end":{"line":65,"column":56}},"loc":{"start":{"line":65,"column":24},"end":{"line":65,"column":56}},"line":65},"3":{"name":"onClick","decl":{"start":{"line":91,"column":21},"end":{"line":91,"column":46}},"loc":{"start":{"line":91,"column":21},"end":{"line":91,"column":46}},"line":91}},"f":{"0":35,"1":7,"2":10,"3":0}}
,"C:\\Users\\SHADOW\\Desktop\\desarrollo de software 2 F y B\\DS2-2-FRONTEND\\src\\components\\layout\\LeftSidebar.tsx": {"path":"C:\\Users\\SHADOW\\Desktop\\desarrollo de software 2 F y B\\DS2-2-FRONTEND\\src\\components\\layout\\LeftSidebar.tsx","all":false,"statementMap":{"0":{"start":{"line":1,"column":0},"end":{"line":1,"column":26}},"1":{"start":{"line":2,"column":0},"end":{"line":2,"column":46}},"2":{"start":{"line":3,"column":0},"end":{"line":3,"column":38}},"3":{"start":{"line":4,"column":0},"end":{"line":4,"column":65}},"4":{"start":{"line":5,"column":0},"end":{"line":5,"column":43}},"6":{"start":{"line":7,"column":0},"end":{"line":7,"column":9}},"18":{"start":{"line":19,"column":0},"end":{"line":19,"column":84}},"19":{"start":{"line":20,"column":0},"end":{"line":20,"column":31}},"21":{"start":{"line":22,"column":0},"end":{"line":22,"column":30}},"22":{"start":{"line":23,"column":0},"end":{"line":23,"column":13}},"23":{"start":{"line":24,"column":0},"end":{"line":24,"column":4}},"25":{"start":{"line":26,"column":0},"end":{"line":26,"column":19}},"26":{"start":{"line":27,"column":0},"end":{"line":27,"column":48}},"27":{"start":{"line":28,"column":0},"end":{"line":28,"column":65}},"28":{"start":{"line":29,"column":0},"end":{"line":29,"column":58}},"29":{"start":{"line":30,"column":0},"end":{"line":30,"column":62}},"30":{"start":{"line":31,"column":0},"end":{"line":31,"column":4}},"32":{"start":{"line":33,"column":0},"end":{"line":33,"column":10}},"33":{"start":{"line":34,"column":0},"end":{"line":34,"column":36}},"34":{"start":{"line":35,"column":0},"end":{"line":35,"column":38}},"35":{"start":{"line":36,"column":0},"end":{"line":36,"column":48}},"36":{"start":{"line":37,"column":0},"end":{"line":37,"column":79}},"37":{"start":{"line":38,"column":0},"end":{"line":38,"column":61}},"38":{"start":{"line":39,"column":0},"end":{"line":39,"column":14}},"39":{"start":{"line":40,"column":0},"end":{"line":40,"column":28}},"40":{"start":{"line":41,"column":0},"end":{"line":41,"column":12}},"41":{"start":{"line":42,"column":0},"end":{"line":42,"column":35}},"42":{"start":{"line":43,"column":0},"end":{"line":43,"column":53}},"43":{"start":{"line":44,"column":0},"end":{"line":44,"column":17}},"44":{"start":{"line":45,"column":0},"end":{"line":45,"column":20}},"45":{"start":{"line":46,"column":0},"end":{"line":46,"column":80}},"46":{"start":{"line":47,"column":0},"end":{"line":47,"column":42}},"47":{"start":{"line":48,"column":0},"end":{"line":48,"column":25}},"49":{"start":{"line":50,"column":0},"end":{"line":50,"column":30}},"50":{"start":{"line":51,"column":0},"end":{"line":51,"column":19}},"51":{"start":{"line":52,"column":0},"end":{"line":52,"column":11}},"52":{"start":{"line":53,"column":0},"end":{"line":53,"column":12}},"53":{"start":{"line":54,"column":0},"end":{"line":54,"column":38}},"54":{"start":{"line":55,"column":0},"end":{"line":55,"column":15}},"55":{"start":{"line":56,"column":0},"end":{"line":56,"column":23}},"56":{"start":{"line":57,"column":0},"end":{"line":57,"column":36}},"57":{"start":{"line":58,"column":0},"end":{"line":58,"column":35}},"58":{"start":{"line":59,"column":0},"end":{"line":59,"column":32}},"59":{"start":{"line":60,"column":0},"end":{"line":60,"column":31}},"61":{"start":{"line":62,"column":0},"end":{"line":62,"column":30}},"62":{"start":{"line":63,"column":0},"end":{"line":63,"column":17}},"63":{"start":{"line":64,"column":0},"end":{"line":64,"column":12}},"64":{"start":{"line":65,"column":0},"end":{"line":65,"column":12}},"66":{"start":{"line":67,"column":0},"end":{"line":67,"column":2}},"68":{"start":{"line":69,"column":0},"end":{"line":69,"column":27}}},"s":{"0":1,"1":1,"2":1,"3":1,"4":1,"6":1,"18":1,"19":7,"21":7,"22":0,"23":0,"25":7,"26":7,"27":7,"28":7,"29":7,"30":7,"32":7,"33":7,"34":7,"35":7,"36":7,"37":7,"38":7,"39":7,"40":7,"41":7,"42":7,"43":28,"44":28,"45":28,"46":28,"47":28,"49":28,"50":28,"51":7,"52":7,"53":7,"54":7,"55":7,"56":7,"57":7,"58":7,"59":7,"61":7,"62":7,"63":7,"64":7,"66":7,"68":1},"branchMap":{"0":{"type":"branch","line":19,"loc":{"start":{"line":19,"column":48},"end":{"line":67,"column":2}},"locations":[{"start":{"line":19,"column":48},"end":{"line":67,"column":2}}]},"1":{"type":"branch","line":43,"loc":{"start":{"line":43,"column":21},"end":{"line":51,"column":19}},"locations":[{"start":{"line":43,"column":21},"end":{"line":51,"column":19}}]},"2":{"type":"branch","line":46,"loc":{"start":{"line":46,"column":59},"end":{"line":46,"column":75}},"locations":[{"start":{"line":46,"column":59},"end":{"line":46,"column":75}}]},"3":{"type":"branch","line":46,"loc":{"start":{"line":46,"column":64},"end":{"line":46,"column":77}},"locations":[{"start":{"line":46,"column":64},"end":{"line":46,"column":77}}]},"4":{"type":"branch","line":47,"loc":{"start":{"line":47,"column":21},"end":{"line":47,"column":42}},"locations":[{"start":{"line":47,"column":21},"end":{"line":47,"column":42}}]}},"b":{"0":[7],"1":[28],"2":[7],"3":[21],"4":[1]},"fnMap":{"0":{"name":"LeftSidebar","decl":{"start":{"line":19,"column":48},"end":{"line":67,"column":2}},"loc":{"start":{"line":19,"column":48},"end":{"line":67,"column":2}},"line":19},"1":{"name":"handleLogout","decl":{"start":{"line":22,"column":23},"end":{"line":24,"column":4}},"loc":{"start":{"line":22,"column":23},"end":{"line":24,"column":4}},"line":22},"2":{"name":"onClick","decl":{"start":{"line":47,"column":21},"end":{"line":47,"column":42}},"loc":{"start":{"line":47,"column":21},"end":{"line":47,"column":42}},"line":47}},"f":{"0":7,"1":0,"2":1}}
,"C:\\Users\\SHADOW\\Desktop\\desarrollo de software 2 F y B\\DS2-2-FRONTEND\\src\\components\\layout\\Login.tsx": {"path":"C:\\Users\\SHADOW\\Desktop\\desarrollo de software 2 F y B\\DS2-2-FRONTEND\\src\\components\\layout\\Login.tsx","all":false,"statementMap":{"0":{"start":{"line":1,"column":0},"end":{"line":1,"column":40}},"1":{"start":{"line":2,"column":0},"end":{"line":2,"column":46}},"2":{"start":{"line":3,"column":0},"end":{"line":3,"column":47}},"3":{"start":{"line":4,"column":0},"end":{"line":4,"column":65}},"4":{"start":{"line":5,"column":0},"end":{"line":5,"column":32}},"5":{"start":{"line":6,"column":0},"end":{"line":6,"column":42}},"8":{"start":{"line":9,"column":0},"end":{"line":9,"column":129}},"9":{"start":{"line":10,"column":0},"end":{"line":10,"column":21}},"10":{"start":{"line":11,"column":0},"end":{"line":11,"column":17}},"11":{"start":{"line":12,"column":0},"end":{"line":12,"column":16}},"12":{"start":{"line":13,"column":0},"end":{"line":13,"column":4}},"15":{"start":{"line":16,"column":0},"end":{"line":16,"column":25}},"16":{"start":{"line":17,"column":0},"end":{"line":17,"column":53}},"17":{"start":{"line":18,"column":0},"end":{"line":18,"column":3}},"20":{"start":{"line":21,"column":0},"end":{"line":21,"column":25}},"21":{"start":{"line":22,"column":0},"end":{"line":22,"column":56}},"22":{"start":{"line":23,"column":0},"end":{"line":23,"column":3}},"24":{"start":{"line":25,"column":0},"end":{"line":25,"column":23}},"25":{"start":{"line":26,"column":0},"end":{"line":26,"column":52}},"26":{"start":{"line":27,"column":0},"end":{"line":27,"column":2}},"28":{"start":{"line":29,"column":0},"end":{"line":29,"column":21}},"29":{"start":{"line":30,"column":0},"end":{"line":30,"column":47}},"30":{"start":{"line":31,"column":0},"end":{"line":31,"column":47}},"31":{"start":{"line":32,"column":0},"end":{"line":32,"column":58}},"33":{"start":{"line":34,"column":0},"end":{"line":34,"column":40}},"34":{"start":{"line":35,"column":0},"end":{"line":35,"column":17}},"35":{"start":{"line":36,"column":0},"end":{"line":36,"column":16}},"36":{"start":{"line":37,"column":0},"end":{"line":37,"column":5}},"37":{"start":{"line":38,"column":0},"end":{"line":38,"column":55}},"39":{"start":{"line":40,"column":0},"end":{"line":40,"column":40}},"40":{"start":{"line":41,"column":0},"end":{"line":41,"column":33}},"44":{"start":{"line":45,"column":0},"end":{"line":45,"column":71}},"45":{"start":{"line":46,"column":0},"end":{"line":46,"column":23}},"48":{"start":{"line":49,"column":0},"end":{"line":49,"column":46}},"49":{"start":{"line":50,"column":0},"end":{"line":50,"column":24}},"51":{"start":{"line":52,"column":0},"end":{"line":52,"column":54}},"52":{"start":{"line":53,"column":0},"end":{"line":53,"column":11}},"53":{"start":{"line":54,"column":0},"end":{"line":54,"column":44}},"54":{"start":{"line":55,"column":0},"end":{"line":55,"column":31}},"55":{"start":{"line":56,"column":0},"end":{"line":56,"column":32}},"57":{"start":{"line":58,"column":0},"end":{"line":58,"column":13}},"59":{"start":{"line":60,"column":0},"end":{"line":60,"column":70}},"60":{"start":{"line":61,"column":0},"end":{"line":61,"column":89}},"61":{"start":{"line":62,"column":0},"end":{"line":62,"column":71}},"64":{"start":{"line":65,"column":0},"end":{"line":65,"column":90}},"65":{"start":{"line":66,"column":0},"end":{"line":66,"column":25}},"66":{"start":{"line":67,"column":0},"end":{"line":67,"column":29}},"67":{"start":{"line":68,"column":0},"end":{"line":68,"column":65}},"68":{"start":{"line":69,"column":0},"end":{"line":69,"column":17}},"69":{"start":{"line":70,"column":0},"end":{"line":70,"column":13}},"71":{"start":{"line":72,"column":0},"end":{"line":72,"column":79}},"72":{"start":{"line":73,"column":0},"end":{"line":73,"column":25}},"73":{"start":{"line":74,"column":0},"end":{"line":74,"column":58}},"74":{"start":{"line":75,"column":0},"end":{"line":75,"column":28}},"75":{"start":{"line":76,"column":0},"end":{"line":76,"column":17}},"76":{"start":{"line":77,"column":0},"end":{"line":77,"column":13}},"77":{"start":{"line":78,"column":0},"end":{"line":78,"column":79}},"78":{"start":{"line":79,"column":0},"end":{"line":79,"column":25}},"79":{"start":{"line":80,"column":0},"end":{"line":80,"column":29}},"80":{"start":{"line":81,"column":0},"end":{"line":81,"column":57}},"81":{"start":{"line":82,"column":0},"end":{"line":82,"column":17}},"82":{"start":{"line":83,"column":0},"end":{"line":83,"column":13}},"84":{"start":{"line":85,"column":0},"end":{"line":85,"column":47}},"85":{"start":{"line":86,"column":0},"end":{"line":86,"column":93}},"86":{"start":{"line":87,"column":0},"end":{"line":87,"column":13}},"87":{"start":{"line":88,"column":0},"end":{"line":88,"column":47}},"88":{"start":{"line":89,"column":0},"end":{"line":89,"column":86}},"89":{"start":{"line":90,"column":0},"end":{"line":90,"column":13}},"90":{"start":{"line":91,"column":0},"end":{"line":91,"column":47}},"91":{"start":{"line":92,"column":0},"end":{"line":92,"column":75}},"92":{"start":{"line":93,"column":0},"end":{"line":93,"column":13}},"93":{"start":{"line":94,"column":0},"end":{"line":94,"column":47}},"94":{"start":{"line":95,"column":0},"end":{"line":95,"column":82}},"95":{"start":{"line":96,"column":0},"end":{"line":96,"column":13}},"96":{"start":{"line":97,"column":0},"end":{"line":97,"column":18}},"98":{"start":{"line":99,"column":0},"end":{"line":99,"column":76}},"99":{"start":{"line":100,"column":0},"end":{"line":100,"column":13}},"100":{"start":{"line":101,"column":0},"end":{"line":101,"column":18}},"102":{"start":{"line":103,"column":0},"end":{"line":103,"column":65}},"103":{"start":{"line":104,"column":0},"end":{"line":104,"column":11}},"105":{"start":{"line":106,"column":0},"end":{"line":106,"column":17}},"107":{"start":{"line":108,"column":0},"end":{"line":108,"column":63}},"108":{"start":{"line":109,"column":0},"end":{"line":109,"column":9}},"109":{"start":{"line":110,"column":0},"end":{"line":110,"column":7}},"110":{"start":{"line":111,"column":0},"end":{"line":111,"column":5}},"111":{"start":{"line":112,"column":0},"end":{"line":112,"column":4}},"113":{"start":{"line":114,"column":0},"end":{"line":114,"column":10}},"114":{"start":{"line":115,"column":0},"end":{"line":115,"column":37}},"115":{"start":{"line":116,"column":0},"end":{"line":116,"column":59}},"117":{"start":{"line":118,"column":0},"end":{"line":118,"column":34}},"118":{"start":{"line":119,"column":0},"end":{"line":119,"column":38}},"119":{"start":{"line":120,"column":0},"end":{"line":120,"column":73}},"120":{"start":{"line":121,"column":0},"end":{"line":121,"column":14}},"122":{"start":{"line":123,"column":0},"end":{"line":123,"column":61}},"123":{"start":{"line":124,"column":0},"end":{"line":124,"column":28}},"124":{"start":{"line":125,"column":0},"end":{"line":125,"column":51}},"125":{"start":{"line":126,"column":0},"end":{"line":126,"column":28}},"126":{"start":{"line":127,"column":0},"end":{"line":127,"column":18}},"128":{"start":{"line":129,"column":0},"end":{"line":129,"column":39}},"129":{"start":{"line":130,"column":0},"end":{"line":130,"column":77}},"130":{"start":{"line":131,"column":0},"end":{"line":131,"column":19}},"131":{"start":{"line":132,"column":0},"end":{"line":132,"column":27}},"132":{"start":{"line":133,"column":0},"end":{"line":133,"column":26}},"133":{"start":{"line":134,"column":0},"end":{"line":134,"column":30}},"134":{"start":{"line":135,"column":0},"end":{"line":135,"column":59}},"135":{"start":{"line":136,"column":0},"end":{"line":136,"column":73}},"136":{"start":{"line":137,"column":0},"end":{"line":137,"column":46}},"137":{"start":{"line":138,"column":0},"end":{"line":138,"column":14}},"138":{"start":{"line":139,"column":0},"end":{"line":139,"column":33}},"139":{"start":{"line":140,"column":0},"end":{"line":140,"column":70}},"141":{"start":{"line":142,"column":0},"end":{"line":142,"column":16}},"143":{"start":{"line":144,"column":0},"end":{"line":144,"column":39}},"144":{"start":{"line":145,"column":0},"end":{"line":145,"column":80}},"145":{"start":{"line":146,"column":0},"end":{"line":146,"column":18}},"146":{"start":{"line":147,"column":0},"end":{"line":147,"column":28}},"147":{"start":{"line":148,"column":0},"end":{"line":148,"column":55}},"148":{"start":{"line":149,"column":0},"end":{"line":149,"column":30}},"149":{"start":{"line":150,"column":0},"end":{"line":150,"column":59}},"150":{"start":{"line":151,"column":0},"end":{"line":151,"column":73}},"151":{"start":{"line":152,"column":0},"end":{"line":152,"column":49}},"152":{"start":{"line":153,"column":0},"end":{"line":153,"column":45}},"153":{"start":{"line":154,"column":0},"end":{"line":154,"column":79}},"154":{"start":{"line":155,"column":0},"end":{"line":155,"column":14}},"155":{"start":{"line":156,"column":0},"end":{"line":156,"column":33}},"157":{"start":{"line":158,"column":0},"end":{"line":158,"column":90}},"161":{"start":{"line":1
[...]
"line":90,"loc":{"start":{"line":90,"column":34},"end":{"line":90,"column":75}},"locations":[{"start":{"line":90,"column":34},"end":{"line":90,"column":75}}]},"38":{"type":"branch","line":90,"loc":{"start":{"line":90,"column":63},"end":{"line":90,"column":95}},"locations":[{"start":{"line":90,"column":63},"end":{"line":90,"column":95}}]},"39":{"type":"branch","line":95,"loc":{"start":{"line":95,"column":46},"end":{"line":95,"column":73}},"locations":[{"start":{"line":95,"column":46},"end":{"line":95,"column":73}}]},"40":{"type":"branch","line":97,"loc":{"start":{"line":97,"column":23},"end":{"line":105,"column":5}},"locations":[{"start":{"line":97,"column":23},"end":{"line":105,"column":5}}]},"41":{"type":"branch","line":99,"loc":{"start":{"line":99,"column":32},"end":{"line":99,"column":73}},"locations":[{"start":{"line":99,"column":32},"end":{"line":99,"column":73}}]},"42":{"type":"branch","line":99,"loc":{"start":{"line":99,"column":61},"end":{"line":99,"column":93}},"locations":[{"start":{"line":99,"column":61},"end":{"line":99,"column":93}}]},"43":{"type":"branch","line":100,"loc":{"start":{"line":100,"column":60},"end":{"line":100,"column":74}},"locations":[{"start":{"line":100,"column":60},"end":{"line":100,"column":74}}]},"44":{"type":"branch","line":101,"loc":{"start":{"line":101,"column":10},"end":{"line":101,"column":57}},"locations":[{"start":{"line":101,"column":10},"end":{"line":101,"column":57}}]},"45":{"type":"branch","line":101,"loc":{"start":{"line":101,"column":57},"end":{"line":103,"column":7}},"locations":[{"start":{"line":101,"column":57},"end":{"line":103,"column":7}}]},"46":{"type":"branch","line":464,"loc":{"start":{"line":464,"column":2},"end":{"line":489,"column":4}},"locations":[{"start":{"line":464,"column":2},"end":{"line":489,"column":4}}]},"47":{"type":"branch","line":467,"loc":{"start":{"line":467,"column":43},"end":{"line":467,"column":75}},"locations":[{"start":{"line":467,"column":43},"end":{"line":467,"column":75}}]},"48":{"type":"branch","line":467,"loc":{"start":{"line":467,"column":55},"end":{"line":467,"column":78}},"locations":[{"start":{"line":467,"column":55},"end":{"line":467,"column":78}}]},"49":{"type":"branch","line":468,"loc":{"start":{"line":468,"column":59},"end":{"line":468,"column":76}},"locations":[{"start":{"line":468,"column":59},"end":{"line":468,"column":76}}]},"50":{"type":"branch","line":485,"loc":{"start":{"line":485,"column":4},"end":{"line":488,"column":5}},"locations":[{"start":{"line":485,"column":4},"end":{"line":488,"column":5}}]},"51":{"type":"branch","line":468,"loc":{"start":{"line":468,"column":80},"end":{"line":482,"column":7}},"locations":[{"start":{"line":468,"column":80},"end":{"line":482,"column":7}}]},"52":{"type":"branch","line":473,"loc":{"start":{"line":473,"column":39},"end":{"line":473,"column":65}},"locations":[{"start":{"line":473,"column":39},"end":{"line":473,"column":65}}]},"53":{"type":"branch","line":474,"loc":{"start":{"line":474,"column":54},"end":{"line":474,"column":87}},"locations":[{"start":{"line":474,"column":54},"end":{"line":474,"column":87}}]},"54":{"type":"branch","line":480,"loc":{"start":{"line":480,"column":19},"end":{"line":480,"column":45}},"locations":[{"start":{"line":480,"column":19},"end":{"line":480,"column":45}}]},"55":{"type":"branch","line":578,"loc":{"start":{"line":578,"column":2},"end":{"line":585,"column":3}},"locations":[{"start":{"line":578,"column":2},"end":{"line":585,"column":3}}]},"56":{"type":"branch","line":581,"loc":{"start":{"line":581,"column":4},"end":{"line":584,"column":5}},"locations":[{"start":{"line":581,"column":4},"end":{"line":584,"column":5}}]}},"b":{"0":[1],"1":[0],"2":[0],"3":[0],"4":[0],"5":[0],"6":[0],"7":[2],"8":[2],"9":[0],"10":[0],"11":[0],"12":[0],"13":[0],"14":[0],"15":[0],"16":[0],"17":[0],"18":[0],"19":[0],"20":[0],"21":[0],"22":[0],"23":[1],"24":[0],"25":[4],"26":[0],"27":[0],"28":[0],"29":[0],"30":[0],"31":[0],"32":[0],"33":[1],"34":[0],"35":[0],"36":[1],"37":[0],"38":[0],"39":[1],"40":[1],"41":[0],"42":[0],"43":[0],"44":[0],"45":[0],"46":[1],"47":[0],"48":[0],"49":[0],"50":[0],"51":[1],"52":[0],"53":[0],"54":[0],"55":[1],"56":[0]},"fnMap":{"0":{"name":"resolveIssues","decl":{"start":{"line":5,"column":0},"end":{"line":17,"column":1}},"loc":{"start":{"line":5,"column":0},"end":{"line":17,"column":1}},"line":5},"1":{"name":"resolveReporterName","decl":{"start":{"line":19,"column":0},"end":{"line":55,"column":1}},"loc":{"start":{"line":19,"column":0},"end":{"line":55,"column":1}},"line":19},"2":{"name":"fetchUserNameById","decl":{"start":{"line":60,"column":0},"end":{"line":82,"column":1}},"loc":{"start":{"line":60,"column":0},"end":{"line":82,"column":1}},"line":60},"3":{"name":"resolveReporterNamesForReports","decl":{"start":{"line":84,"column":0},"end":{"line":109,"column":1}},"loc":{"start":{"line":84,"column":0},"end":{"line":109,"column":1}},"line":84},"4":{"name":"getRooms","decl":{"start":{"line":116,"column":2},"end":{"line":235,"column":4}},"loc":{"start":{"line":116,"column":2},"end":{"line":235,"column":4}},"line":116},"5":{"name":"createRoom","decl":{"start":{"line":238,"column":2},"end":{"line":262,"column":4}},"loc":{"start":{"line":238,"column":2},"end":{"line":262,"column":4}},"line":238},"6":{"name":"updateRoom","decl":{"start":{"line":265,"column":2},"end":{"line":289,"column":4}},"loc":{"start":{"line":265,"column":2},"end":{"line":289,"column":4}},"line":265},"7":{"name":"deleteRoom","decl":{"start":{"line":292,"column":2},"end":{"line":299,"column":4}},"loc":{"start":{"line":292,"column":2},"end":{"line":299,"column":4}},"line":292},"8":{"name":"createEquipment","decl":{"start":{"line":302,"column":2},"end":{"line":342,"column":4}},"loc":{"start":{"line":302,"column":2},"end":{"line":342,"column":4}},"line":302},"9":{"name":"updateEquipment","decl":{"start":{"line":345,"column":2},"end":{"line":374,"column":4}},"loc":{"start":{"line":345,"column":2},"end":{"line":374,"column":4}},"line":345},"10":{"name":"deleteEquipment","decl":{"start":{"line":377,"column":2},"end":{"line":403,"column":4}},"loc":{"start":{"line":377,"column":2},"end":{"line":403,"column":4}},"line":377},"11":{"name":"createReport","decl":{"start":{"line":406,"column":2},"end":{"line":430,"column":4}},"loc":{"start":{"line":406,"column":2},"end":{"line":430,"column":4}},"line":406},"12":{"name":"getEquipmentReports","decl":{"start":{"line":433,"column":2},"end":{"line":461,"column":4}},"loc":{"start":{"line":433,"column":2},"end":{"line":461,"column":4}},"line":433},"13":{"name":"getReports","decl":{"start":{"line":464,"column":2},"end":{"line":489,"column":4}},"loc":{"start":{"line":464,"column":2},"end":{"line":489,"column":4}},"line":464},"14":{"name":"getReportById","decl":{"start":{"line":492,"column":2},"end":{"line":522,"column":4}},"loc":{"start":{"line":492,"column":2},"end":{"line":522,"column":4}},"line":492},"15":{"name":"updateReportStatus","decl":{"start":{"line":525,"column":2},"end":{"line":575,"column":3}},"loc":{"start":{"line":525,"column":2},"end":{"line":575,"column":3}},"line":525},"16":{"name":"deleteReport","decl":{"start":{"line":578,"column":2},"end":{"line":585,"column":3}},"loc":{"start":{"line":578,"column":2},"end":{"line":585,"column":3}},"line":578}},"f":{"0":1,"1":2,"2":1,"3":1,"4":0,"5":0,"6":0,"7":0,"8":0,"9":0,"10":0,"11":0,"12":0,"13":1,"14":0,"15":0,"16":1}}
,"C:\\Users\\SHADOW\\Desktop\\desarrollo de software 2 F y B\\DS2-2-FRONTEND\\src\\services\\roomService.ts": {"path":"C:\\Users\\SHADOW\\Desktop\\desarrollo de software 2 F y B\\DS2-2-FRONTEND\\src\\services\\roomService.ts","all":false,"statementMap":{"0":{"start":{"line":1,"column":0},"end":{"line":1,"column":41}},"8":{"start":{"line":9,"column":0},"end":{"line":9,"column":53}},"10":{"start":{"line":11,"column":0},"end":{"line":11,"column":50}},"11":{"start":{"line":12,"column":0},"end":{"line":12,"column":24}},"12":{"start":{"line":13,"column":0},"end":{"line":13,"column":1}}},"s":{"0":1,"8":6,"10":6,"11":6,"12":6},"branchMap":{"0":{"type":"branch","line":9,"loc":{"start":{"line":9,"column":0},"end":{"line":13,"column":1}},"locations":[{"start":{"line":9,"column":0},"end":{"line":13,"column":1}}]}},"b":{"0":[6]},"fnMap":{"0":{"name":"fetchRooms","decl":{"start":{"line":9,"column":0},"end":{"line":13,"column":1}},"loc":{"start":{"line":9,"column":0},"end":{"line":13,"column":1}},"line":9}},"f":{"0":6}}
,"C:\\Users\\SHADOW\\Desktop\\desarrollo de software 2 F y B\\DS2-2-FRONTEND\\src\\utils\\api.ts": {"path":"C:\\Users\\SHADOW\\Desktop\\desarrollo de software 2 F y B\\DS2-2-FRONTEND\\src\\utils\\api.ts","all":false,"statementMap":{"1":{"start":{"line":2,"column":0},"end":{"line":2,"column":77}},"9":{"start":{"line":10,"column":0},"end":{"line":10,"column":51}},"10":{"start":{"line":11,"column":0},"end":{"line":11,"column":50}},"11":{"start":{"line":12,"column":0},"end":{"line":12,"column":45}},"12":{"start":{"line":13,"column":0},"end":{"line":13,"column":54}},"13":{"start":{"line":14,"column":0},"end":{"line":14,"column":17}},"14":{"start":{"line":15,"column":0},"end":{"line":15,"column":1}},"16":{"start":{"line":17,"column":0},"end":{"line":17,"column":51}},"17":{"start":{"line":18,"column":0},"end":{"line":18,"column":65}},"18":{"start":{"line":19,"column":0},"end":{"line":19,"column":58}},"19":{"start":{"line":20,"column":0},"end":{"line":20,"column":73}},"21":{"start":{"line":22,"column":0},"end":{"line":22,"column":21}},"23":{"start":{"line":24,"column":0},"end":{"line":24,"column":87}},"24":{"start":{"line":25,"column":0},"end":{"line":25,"column":20}},"25":{"start":{"line":26,"column":0},"end":{"line":26,"column":36}},"26":{"start":{"line":27,"column":0},"end":{"line":27,"column":45}},"27":{"start":{"line":28,"column":0},"end":{"line":28,"column":40}},"28":{"start":{"line":29,"column":0},"end":{"line":29,"column":40}},"29":{"start":{"line":30,"column":0},"end":{"line":30,"column":7}},"30":{"start":{"line":31,"column":0},"end":{"line":31,"column":36}},"31":{"start":{"line":32,"column":0},"end":{"line":32,"column":38}},"32":{"start":{"line":33,"column":0},"end":{"line":33,"column":7}},"33":{"start":{"line":34,"column":0},"end":{"line":34,"column":5}},"35":{"start":{"line":36,"column":0},"end":{"line":36,"column":17}},"36":{"start":{"line":37,"column":0},"end":{"line":37,"column":38}},"37":{"start":{"line":38,"column":0},"end":{"line":38,"column":20}},"38":{"start":{"line":39,"column":0},"end":{"line":39,"column":56}},"39":{"start":{"line":40,"column":0},"end":{"line":40,"column":51}},"40":{"start":{"line":41,"column":0},"end":{"line":41,"column":11}},"41":{"start":{"line":42,"column":0},"end":{"line":42,"column":53}},"42":{"start":{"line":43,"column":0},"end":{"line":43,"column":79}},"43":{"start":{"line":44,"column":0},"end":{"line":44,"column":26}},"44":{"start":{"line":45,"column":0},"end":{"line":45,"column":5}},"45":{"start":{"line":46,"column":0},"end":{"line":46,"column":27}},"46":{"start":{"line":47,"column":0},"end":{"line":47,"column":30}},"47":{"start":{"line":48,"column":0},"end":{"line":48,"column":20}},"48":{"start":{"line":49,"column":0},"end":{"line":49,"column":48}},"49":{"start":{"line":50,"column":0},"end":{"line":50,"column":6}},"50":{"start":{"line":51,"column":0},"end":{"line":51,"column":14}},"51":{"start":{"line":52,"column":0},"end":{"line":52,"column":3}},"53":{"start":{"line":54,"column":0},"end":{"line":54,"column":17}},"54":{"start":{"line":55,"column":0},"end":{"line":55,"column":1}},"56":{"start":{"line":57,"column":0},"end":{"line":57,"column":26}},"57":{"start":{"line":58,"column":0},"end":{"line":58,"column":56}},"58":{"start":{"line":59,"column":0},"end":{"line":59,"column":59}},"59":{"start":{"line":60,"column":0},"end":{"line":60,"column":20}},"60":{"start":{"line":61,"column":0},"end":{"line":61,"column":16}},"61":{"start":{"line":62,"column":0},"end":{"line":62,"column":28}},"62":{"start":{"line":63,"column":0},"end":{"line":63,"column":8}},"63":{"start":{"line":64,"column":0},"end":{"line":64,"column":29}},"64":{"start":{"line":65,"column":0},"end":{"line":65,"column":7}},"65":{"start":{"line":66,"column":0},"end":{"line":66,"column":31}},"66":{"start":{"line":67,"column":0},"end":{"line":67,"column":4}},"68":{"start":{"line":69,"column":0},"end":{"line":69,"column":91}},"69":{"start":{"line":70,"column":0},"end":{"line":70,"column":59}},"70":{"start":{"line":71,"column":0},"end":{"line":71,"column":21}},"71":{"start":{"line":72,"column":0},"end":{"line":72,"column":16}},"72":{"start":{"line":73,"column":0},"end":{"line":73,"column":43}},"73":{"start":{"line":74,"column":0},"end":{"line":74,"column":28}},"74":{"start":{"line":75,"column":0},"end":{"line":75,"column":8}},"75":{"start":{"line":76,"column":0},"end":{"line":76,"column":29}},"76":{"start":{"line":77,"column":0},"end":{"line":77,"column":33}},"77":{"start":{"line":78,"column":0},"end":{"line":78,"column":7}},"78":{"start":{"line":79,"column":0},"end":{"line":79,"column":31}},"79":{"start":{"line":80,"column":0},"end":{"line":80,"column":4}},"81":{"start":{"line":82,"column":0},"end":{"line":82,"column":93}},"82":{"start":{"line":83,"column":0},"end":{"line":83,"column":39}},"83":{"start":{"line":84,"column":0},"end":{"line":84,"column":59}},"84":{"start":{"line":85,"column":0},"end":{"line":85,"column":22}},"85":{"start":{"line":86,"column":0},"end":{"line":86,"column":16}},"86":{"start":{"line":87,"column":0},"end":{"line":87,"column":67}},"87":{"start":{"line":88,"column":0},"end":{"line":88,"column":28}},"88":{"start":{"line":89,"column":0},"end":{"line":89,"column":8}},"89":{"start":{"line":90,"column":0},"end":{"line":90,"column":29}},"90":{"start":{"line":91,"column":0},"end":{"line":91,"column":72}},"91":{"start":{"line":92,"column":0},"end":{"line":92,"column":7}},"92":{"start":{"line":93,"column":0},"end":{"line":93,"column":31}},"93":{"start":{"line":94,"column":0},"end":{"line":94,"column":4}},"95":{"start":{"line":96,"column":0},"end":{"line":96,"column":59}},"96":{"start":{"line":97,"column":0},"end":{"line":97,"column":59}},"97":{"start":{"line":98,"column":0},"end":{"line":98,"column":23}},"98":{"start":{"line":99,"column":0},"end":{"line":99,"column":16}},"99":{"start":{"line":100,"column":0},"end":{"line":100,"column":28}},"100":{"start":{"line":101,"column":0},"end":{"line":101,"column":8}},"101":{"start":{"line":102,"column":0},"end":{"line":102,"column":29}},"102":{"start":{"line":103,"column":0},"end":{"line":103,"column":7}},"103":{"start":{"line":104,"column":0},"end":{"line":104,"column":31}},"104":{"start":{"line":105,"column":0},"end":{"line":105,"column":4}},"105":{"start":{"line":106,"column":0},"end":{"line":106,"column":2}}},"s":{"1":1,"9":24,"10":24,"11":24,"12":24,"13":24,"14":24,"16":20,"17":20,"18":20,"19":20,"21":2,"23":2,"24":2,"25":2,"26":1,"27":1,"28":1,"29":1,"30":2,"31":1,"32":1,"33":2,"35":2,"36":2,"37":0,"38":2,"39":2,"40":2,"41":2,"42":0,"43":0,"44":2,"45":2,"46":2,"47":2,"48":2,"49":2,"50":2,"51":2,"53":18,"54":18,"56":1,"57":1,"58":23,"59":23,"60":23,"61":23,"62":23,"63":23,"64":23,"65":19,"66":23,"68":1,"69":0,"70":0,"71":0,"72":0,"73":0,"74":0,"75":0,"76":0,"77":0,"78":0,"79":0,"81":1,"82":1,"83":1,"84":1,"85":1,"86":1,"87":1,"88":1,"89":1,"90":1,"91":1,"92":1,"93":1,"95":1,"96":0,"97":0,"98":0,"99":0,"100":0,"101":0,"102":0,"103":0,"104":0,"105":1},"branchMap":{"0":{"type":"branch","line":10,"loc":{"start":{"line":10,"column":0},"end":{"line":15,"column":1}},"locations":[{"start":{"line":10,"column":0},"end":{"line":15,"column":1}}]},"1":{"type":"branch","line":13,"loc":{"start":{"line":13,"column":13},"end":{"line":13,"column":54}},"locations":[{"start":{"line":13,"column":13},"end":{"line":13,"column":54}}]},"2":{"type":"branch","line":17,"loc":{"start":{"line":17,"column":0},"end":{"line":55,"column":1}},"locations":[{"start":{"line":17,"column":0},"end":{"line":55,"column":1}}]},"3":{"type":"branch","line":18,"loc":{"start":{"line":18,"column":57},"end":{"line":18,"column":65}},"locations":[{"start":{"line":18,"column":57},"end":{"line":18,"column":65}}]},"4":{"type":"branch","line":20,"loc":{"start":{"line":20,"column":47},"end":{"line":20,"column":73}},"locations":[{"start":{"line":20,"column":47},"end":{"line":20,"column":73}}]},"5":{"type":"branch","line":20,"loc":{"start":{"line":20,"column":71},"end":{"line":55,"column":1}},"locations":[{"start":{"line":20,"column":71},"end":{"line":55,"column":1}}]},"6":{"type":"branch","line":20,"loc":{"start":{"line":20,"column":71},"end":{"line":52,"column":3}},"locations":[{"start":{"line":20,"column":71},"end":{"line":52,"column":3}}]},"7":{"type":"branch","line":20,"loc":{"start":{"line":20,"column":71},"end":{"line":22,"column":20}},"locations":[{"start":{"line":20,"column":71},"end":{"line":22,"column":20}}]},"8":{"type":"branch","line":26,"loc":{"start":{"line":26,"column":35},"end":{"line":30,"column":7}},"locations":[{"start":{"line":26,"column":35},"end":{"line":30,"column":7}}]},"9":{"type":"branch","line":31,"loc":{"start":{"line":31,"column":35},"end":{"line":33,"column":7}},"locations":[{"start":{"line":31,"column":35},"end":{"line":33,"column":7}}]},"10":{"type":"branch","line":37,"loc":{"start":{"line":37,"column":37},"end":{"line":39,"column":15}},"locations":[{"start":{"line":37,"column":37},"end":{"line":39,"column":15}}]},"11":{"type":"branch","line":42,"loc":{"start":{"line":42,"column":43},"end":{"line":43,"column":79}},"locations":[{"start":{"line":42,"column":43},"end":{"line":43,"column":79}}]},"12":{"type":"branch","line":43,"loc":{"start":{"line":43,"column":74},"end":{"line":44,"column":26}},"locations":[{"start":{"line":43,"column":74},"end":{"line":44,"column":26}}]},"13":{"type":"branch","line":49,"loc":{"start":{"line":49,"column":15},"end":{"line":49,"column":48}},"locations":[{"start":{"line":49,"column":15},"end":{"line":49,"column":48}}]},"14":{"type":"branch","line":58,"loc":{"start":{"line":58,"column":2},"end":{"line":67,"column":4}},"locations":[{"start":{"line":58,"column":2},"end":{"line":67,"column":4}}]},"15":{"type":"branch","line":65,"loc":{"start":{"line":65,"column":5},"end":{"line":66,"column":31}},"locations":[{"start":{"line":65,"column":5},"end":{"line":66,"column":31}}]},"16":{"type":"branch","line":82,"loc":{"start":{"line":82,"column":2},"end":{"line":94,"column":4}},"locations":[{"start":{"line":82,"column":2},"end":{"line":94,"column":4}}]},"17":{"type":"branch","line":87,"loc":{"start":{"line":87,"column":12},"end":{"line":87,"column":63}},"locations":[{"start":{"line":87,"column":12},"end":{"line":87,"column":63}}]},"18":{"type":"branch","line":91,"loc":{"start":{"line":91,"column":10},"end":{"line":91,"column":68}},"locations":[{"start":{"line":91,"column":10},"end":{"line":91,"column":68}}]}},"b":{"0":[24],"1":[0],"2":[20],"3":[0],"4":[0],"5":[18],"6":[2],"7":[0],"8":[1],"9":[1],"10":[0],"11":[0],"12":[0],"13":[0],"14":[23],"15":[19],"16":[1],"17":[0],"18":[0]},"fnMap":{"0":{"name":"getAuthHeaders","decl":{"start":{"line":10,"column":0},"end":{"line":15,"column":1}},"loc":{"start":{"line":10,"column":0},"end":{"line":15,"column":1}},"line":10},"1":{"name":"handleResponse","decl":{"start":{"line":17,"column":0},"end":{"line":55,"column":1}},"loc":{"start":{"line":17,"column":0},"end":{"line":55,"column":1}},"line":17},"2":{"name":"get","decl":{"start":{"line":58,"column":2},"end":{"line":67,"column":4}},"loc":{"start":{"line":58,"column":2},"end":{"line":67,"column":4}},"line":58},"3":{"name":"post","decl":{"start":{"line":69,"column":2},"end":{"line":80,"column":4}},"loc":{"start":{"line":69,"column":2},"end":{"line":80,"column":4}},"line":69},"4":{"name":"patch","decl":{"start":{"line":82,"column":2},"end":{"line":94,"column":4}},"loc":{"start":{"line":82,"column":2},"end":{"line":94,"column":4}},"line":82},"5":{"name":"delete","decl":{"start":{"line":96,"column":2},"end":{"line":105,"column":4}},"loc":{"start":{"line":96,"column":2},"end":{"line":105,"column":4}},"line":96}},"f":{"0":24,"1":20,"2":23,"3":0,"4":1,"5":0}}
}
