{"C:\\Users\\SHADOW\\Desktop\\desarrollo de software 2 F y B\\DS2-2-FRONTEND\\src\\App.tsx": {"path":"C:\\Users\\SHADOW\\Desktop\\desarrollo de software 2 F y B\\DS2-2-FRONTEND\\src\\App.tsx","all":false,"statementMap":{"0":{"start":{"line":1,"column":0},"end":{"line":1,"column":58}},"1":{"start":{"line":2,"column":0},"end":{"line":2,"column":45}},"2":{"start":{"line":3,"column":0},"end":{"line":3,"column":65}},"3":{"start":{"line":4,"column":0},"end":{"line":4,"column":60}},"4":{"start":{"line":5,"column":0},"end":{"line":5,"column":18}},"7":{"start":{"line":8,"column":0},"end":{"line":8,"column":16}},"8":{"start":{"line":9,"column":0},"end":{"line":9,"column":10}},"9":{"start":{"line":10,"column":0},"end":{"line":10,"column":12}},"10":{"start":{"line":11,"column":0},"end":{"line":11,"column":49}},"11":{"start":{"line":12,"column":0},"end":{"line":12,"column":40}},"12":{"start":{"line":13,"column":0},"end":{"line":13,"column":24}},"13":{"start":{"line":14,"column":0},"end":{"line":14,"column":29}},"14":{"start":{"line":15,"column":0},"end":{"line":15,"column":25}},"15":{"start":{"line":16,"column":0},"end":{"line":16,"column":10}},"16":{"start":{"line":17,"column":0},"end":{"line":17,"column":67}},"17":{"start":{"line":18,"column":0},"end":{"line":18,"column":13}},"19":{"start":{"line":20,"column":0},"end":{"line":20,"column":1}},"21":{"start":{"line":22,"column":0},"end":{"line":22,"column":18}}},"s":{"0":1,"1":1,"2":1,"3":1,"4":1,"7":2,"8":2,"9":2,"10":2,"11":2,"12":2,"13":2,"14":2,"15":2,"16":2,"17":2,"19":2,"21":1},"branchMap":{"0":{"type":"branch","line":8,"loc":{"start":{"line":8,"column":0},"end":{"line":20,"column":1}},"locations":[{"start":{"line":8,"column":0},"end":{"line":20,"column":1}}]}},"b":{"0":[2]},"fnMap":{"0":{"name":"App","decl":{"start":{"line":8,"column":0},"end":{"line":20,"column":1}},"loc":{"start":{"line":8,"column":0},"end":{"line":20,"column":1}},"line":8}},"f":{"0":2}}
,"C:\\Users\\SHADOW\\Desktop\\desarrollo de software 2 F y B\\DS2-2-FRONTEND\\src\\components\\BackgroundRainParticles.tsx": {"path":"C:\\Users\\SHADOW\\Desktop\\desarrollo de software 2 F y B\\DS2-2-FRONTEND\\src\\components\\BackgroundRainParticles.tsx","all":false,"statementMap":{"0":{"start":{"line":1,"column":0},"end":{"line":1,"column":49}},"16":{"start":{"line":17,"column":0},"end":{"line":17,"column":74}},"17":{"start":{"line":18,"column":0},"end":{"line":18,"column":16}},"18":{"start":{"line":19,"column":0},"end":{"line":19,"column":14}},"19":{"start":{"line":20,"column":0},"end":{"line":20,"column":24}},"20":{"start":{"line":21,"column":0},"end":{"line":21,"column":7}},"21":{"start":{"line":22,"column":0},"end":{"line":22,"column":59}},"22":{"start":{"line":23,"column":0},"end":{"line":23,"column":46}},"23":{"start":{"line":24,"column":0},"end":{"line":24,"column":46}},"25":{"start":{"line":26,"column":0},"end":{"line":26,"column":19}},"26":{"start":{"line":27,"column":0},"end":{"line":27,"column":38}},"27":{"start":{"line":28,"column":0},"end":{"line":28,"column":40}},"28":{"start":{"line":29,"column":0},"end":{"line":29,"column":21}},"30":{"start":{"line":31,"column":0},"end":{"line":31,"column":27}},"31":{"start":{"line":32,"column":0},"end":{"line":32,"column":51}},"32":{"start":{"line":33,"column":0},"end":{"line":33,"column":33}},"33":{"start":{"line":34,"column":0},"end":{"line":34,"column":35}},"34":{"start":{"line":35,"column":0},"end":{"line":35,"column":6}},"36":{"start":{"line":37,"column":0},"end":{"line":37,"column":14}},"38":{"start":{"line":39,"column":0},"end":{"line":39,"column":83}},"40":{"start":{"line":41,"column":0},"end":{"line":41,"column":44}},"41":{"start":{"line":42,"column":0},"end":{"line":42,"column":57}},"42":{"start":{"line":43,"column":0},"end":{"line":43,"column":35}},"43":{"start":{"line":44,"column":0},"end":{"line":44,"column":23}},"44":{"start":{"line":45,"column":0},"end":{"line":45,"column":34}},"45":{"start":{"line":46,"column":0},"end":{"line":46,"column":31}},"46":{"start":{"line":47,"column":0},"end":{"line":47,"column":7}},"48":{"start":{"line":49,"column":0},"end":{"line":49,"column":74}},"50":{"start":{"line":51,"column":0},"end":{"line":51,"column":33}},"52":{"start":{"line":53,"column":0},"end":{"line":53,"column":36}},"53":{"start":{"line":54,"column":0},"end":{"line":54,"column":65}},"54":{"start":{"line":55,"column":0},"end":{"line":55,"column":17}},"56":{"start":{"line":57,"column":0},"end":{"line":57,"column":55}},"58":{"start":{"line":59,"column":0},"end":{"line":59,"column":61}},"59":{"start":{"line":60,"column":0},"end":{"line":60,"column":42}},"60":{"start":{"line":61,"column":0},"end":{"line":61,"column":25}},"62":{"start":{"line":63,"column":0},"end":{"line":63,"column":40}},"63":{"start":{"line":64,"column":0},"end":{"line":64,"column":52}},"64":{"start":{"line":65,"column":0},"end":{"line":65,"column":19}},"65":{"start":{"line":66,"column":0},"end":{"line":66,"column":9}},"67":{"start":{"line":68,"column":0},"end":{"line":68,"column":24}},"68":{"start":{"line":69,"column":0},"end":{"line":69,"column":47}},"69":{"start":{"line":70,"column":0},"end":{"line":70,"column":53}},"70":{"start":{"line":71,"column":0},"end":{"line":71,"column":19}},"71":{"start":{"line":72,"column":0},"end":{"line":72,"column":7}},"73":{"start":{"line":74,"column":0},"end":{"line":74,"column":53}},"74":{"start":{"line":75,"column":0},"end":{"line":75,"column":6}},"76":{"start":{"line":77,"column":0},"end":{"line":77,"column":51}},"78":{"start":{"line":79,"column":0},"end":{"line":79,"column":37}},"79":{"start":{"line":80,"column":0},"end":{"line":80,"column":48}},"81":{"start":{"line":82,"column":0},"end":{"line":82,"column":18}},"82":{"start":{"line":83,"column":0},"end":{"line":83,"column":65}},"83":{"start":{"line":84,"column":0},"end":{"line":84,"column":53}},"84":{"start":{"line":85,"column":0},"end":{"line":85,"column":6}},"85":{"start":{"line":86,"column":0},"end":{"line":86,"column":30}},"87":{"start":{"line":88,"column":0},"end":{"line":88,"column":71}},"88":{"start":{"line":89,"column":0},"end":{"line":89,"column":2}},"90":{"start":{"line":91,"column":0},"end":{"line":91,"column":39}}},"s":{"0":1,"16":1,"17":50,"18":50,"19":50,"20":50,"21":50,"22":50,"23":50,"25":50,"26":13,"27":13,"28":13,"30":0,"31":0,"32":0,"33":0,"34":0,"36":0,"38":0,"40":0,"41":0,"42":0,"43":0,"44":0,"45":0,"46":0,"48":0,"50":0,"52":0,"53":0,"54":0,"56":0,"58":0,"59":0,"60":0,"62":0,"63":0,"64":0,"65":0,"67":0,"68":0,"69":0,"70":0,"71":0,"73":0,"74":0,"76":0,"78":0,"79":0,"81":0,"82":0,"83":0,"84":0,"85":50,"87":50,"88":50,"90":1},"branchMap":{"0":{"type":"branch","line":17,"loc":{"start":{"line":17,"column":72},"end":{"line":89,"column":2}},"locations":[{"start":{"line":17,"column":72},"end":{"line":89,"column":2}}]},"1":{"type":"branch","line":26,"loc":{"start":{"line":26,"column":12},"end":{"line":86,"column":5}},"locations":[{"start":{"line":26,"column":12},"end":{"line":86,"column":5}}]},"2":{"type":"branch","line":29,"loc":{"start":{"line":29,"column":14},"end":{"line":85,"column":6}},"locations":[{"start":{"line":29,"column":14},"end":{"line":85,"column":6}}]}},"b":{"0":[50],"1":[13],"2":[0]},"fnMap":{"0":{"name":"BackgroundRainParticles","decl":{"start":{"line":17,"column":72},"end":{"line":89,"column":2}},"loc":{"start":{"line":17,"column":72},"end":{"line":89,"column":2}},"line":17},"1":{"name":"setSize","decl":{"start":{"line":31,"column":20},"end":{"line":35,"column":6}},"loc":{"start":{"line":31,"column":20},"end":{"line":35,"column":6}},"line":31},"2":{"name":"random","decl":{"start":{"line":39,"column":19},"end":{"line":39,"column":83}},"loc":{"start":{"line":39,"column":19},"end":{"line":39,"column":83}},"line":39},"3":{"name":"spawnParticle","decl":{"start":{"line":41,"column":26},"end":{"line":47,"column":7}},"loc":{"start":{"line":41,"column":26},"end":{"line":47,"column":7}},"line":41},"4":{"name":"frame","decl":{"start":{"line":53,"column":18},"end":{"line":75,"column":6}},"loc":{"start":{"line":53,"column":18},"end":{"line":75,"column":6}},"line":53},"5":{"name":"onResize","decl":{"start":{"line":79,"column":21},"end":{"line":79,"column":37}},"loc":{"start":{"line":79,"column":21},"end":{"line":79,"column":37}},"line":79}},"f":{"0":50,"1":0,"2":0,"3":0,"4":0,"5":0}}
,"C:\\Users\\SHADOW\\Desktop\\desarrollo de software 2 F y B\\DS2-2-FRONTEND\\src\\components\\ProtectedRoute.tsx": {"path":"C:\\Users\\SHADOW\\Desktop\\desarrollo de software 2 F y B\\DS2-2-FRONTEND\\src\\components\\ProtectedRoute.tsx","all":false,"statementMap":{"0":{"start":{"line":1,"column":0},"end":{"line":1,"column":42}},"1":{"start":{"line":2,"column":0},"end":{"line":2,"column":43}},"3":{"start":{"line":4,"column":0},"end":{"line":4,"column":80}},"4":{"start":{"line":5,"column":0},"end":{"line":5,"column":50}},"6":{"start":{"line":7,"column":0},"end":{"line":7,"column":46}},"7":{"start":{"line":8,"column":0},"end":{"line":8,"column":55}},"9":{"start":{"line":10,"column":0},"end":{"line":10,"column":24}},"10":{"start":{"line":11,"column":0},"end":{"line":11,"column":1}}},"s":{"0":1,"1":1,"3":1,"4":4,"6":4,"7":4,"9":1,"10":1},"branchMap":{"0":{"type":"branch","line":4,"loc":{"start":{"line":4,"column":30},"end":{"line":11,"column":1}},"locations":[{"start":{"line":4,"column":30},"end":{"line":11,"column":1}}]},"1":{"type":"branch","line":7,"loc":{"start":{"line":7,"column":17},"end":{"line":8,"column":31}},"locations":[{"start":{"line":7,"column":17},"end":{"line":8,"column":31}}]},"2":{"type":"branch","line":8,"loc":{"start":{"line":8,"column":24},"end":{"line":11,"column":1}},"locations":[{"start":{"line":8,"column":24},"end":{"line":11,"column":1}}]}},"b":{"0":[4],"1":[2],"2":[1]},"fnMap":{"0":{"name":"ProtectedRoute","decl":{"start":{"line":4,"column":30},"end":{"line":11,"column":1}},"loc":{"start":{"line":4,"column":30},"end":{"line":11,"column":1}},"line":4}},"f":{"0":4}}
,"C:\\Users\\SHADOW\\Desktop\\desarrollo de software 2 F y B\\DS2-2-FRONTEND\\src\\components\\layout\\DashboardLayout.tsx": {"path":"C:\\Users\\SHADOW\\Desktop\\desarrollo de software 2 F y B\\DS2-2-FRONTEND\\src\\components\\layout\\DashboardLayout.tsx","all":false,"statementMap":{"0":{"start":{"line":1,"column":0},"end":{"line":1,"column":26}},"1":{"start":{"line":2,"column":0},"end":{"line":2,"column":40}},"2":{"start":{"line":3,"column":0},"end":{"line":3,"column":42}},"3":{"start":{"line":4,"column":0},"end":{"line":4,"column":36}},"6":{"start":{"line":7,"column":0},"end":{"line":7,"column":41}},"7":{"start":{"line":8,"column":0},"end":{"line":8,"column":10}},"8":{"start":{"line":9,"column":0},"end":{"line":9,"column":38}},"9":{"start":{"line":10,"column":0},"end":{"line":10,"column":21}},"10":{"start":{"line":11,"column":0},"end":{"line":11,"column":37}},"11":{"start":{"line":12,"column":0},"end":{"line":12,"column":39}},"13":{"start":{"line":14,"column":0},"end":{"line":14,"column":14}},"14":{"start":{"line":15,"column":0},"end":{"line":15,"column":13}},"15":{"start":{"line":16,"column":0},"end":{"line":16,"column":22}},"16":{"start":{"line":17,"column":0},"end":{"line":17,"column":10}},"18":{"start":{"line":19,"column":0},"end":{"line":19,"column":2}},"20":{"start":{"line":21,"column":0},"end":{"line":21,"column":31}}},"s":{"0":1,"1":1,"2":1,"3":1,"6":1,"7":2,"8":2,"9":2,"10":2,"11":2,"13":2,"14":2,"15":2,"16":2,"18":2,"20":1},"branchMap":{"0":{"type":"branch","line":7,"loc":{"start":{"line":7,"column":34},"end":{"line":19,"column":2}},"locations":[{"start":{"line":7,"column":34},"end":{"line":19,"column":2}}]}},"b":{"0":[2]},"fnMap":{"0":{"name":"DashboardLayout","decl":{"start":{"line":7,"column":34},"end":{"line":19,"column":2}},"loc":{"start":{"line":7,"column":34},"end":{"line":19,"column":2}},"line":7}},"f":{"0":2}}
,"C:\\Users\\SHADOW\\Desktop\\desarrollo de software 2 F y B\\DS2-2-FRONTEND\\src\\components\\layout\\LeftSidebar.tsx": {"path":"C:\\Users\\SHADOW\\Desktop\\desarrollo de software 2 F y B\\DS2-2-FRONTEND\\src\\components\\layout\\LeftSidebar.tsx","all":false,"statementMap":{"0":{"start":{"line":1,"column":0},"end":{"line":1,"column":40}},"1":{"start":{"line":2,"column":0},"end":{"line":2,"column":9}},"8":{"start":{"line":9,"column":0},"end":{"line":9,"column":37}},"9":{"start":{"line":10,"column":0},"end":{"line":10,"column":54}},"11":{"start":{"line":12,"column":0},"end":{"line":12,"column":19}},"12":{"start":{"line":13,"column":0},"end":{"line":13,"column":26}},"13":{"start":{"line":14,"column":0},"end":{"line":14,"column":34}},"14":{"start":{"line":15,"column":0},"end":{"line":15,"column":31}},"15":{"start":{"line":16,"column":0},"end":{"line":16,"column":29}},"16":{"start":{"line":17,"column":0},"end":{"line":17,"column":4}},"18":{"start":{"line":19,"column":0},"end":{"line":19,"column":10}},"19":{"start":{"line":20,"column":0},"end":{"line":20,"column":36}},"20":{"start":{"line":21,"column":0},"end":{"line":21,"column":52}},"21":{"start":{"line":22,"column":0},"end":{"line":22,"column":35}},"22":{"start":{"line":23,"column":0},"end":{"line":23,"column":46}},"23":{"start":{"line":24,"column":0},"end":{"line":24,"column":17}},"24":{"start":{"line":25,"column":0},"end":{"line":25,"column":20}},"25":{"start":{"line":26,"column":0},"end":{"line":26,"column":79}},"26":{"start":{"line":27,"column":0},"end":{"line":27,"column":47}},"27":{"start":{"line":28,"column":0},"end":{"line":28,"column":37}},"29":{"start":{"line":30,"column":0},"end":{"line":30,"column":30}},"30":{"start":{"line":31,"column":0},"end":{"line":31,"column":19}},"31":{"start":{"line":32,"column":0},"end":{"line":32,"column":11}},"32":{"start":{"line":33,"column":0},"end":{"line":33,"column":12}},"33":{"start":{"line":34,"column":0},"end":{"line":34,"column":12}},"35":{"start":{"line":36,"column":0},"end":{"line":36,"column":2}},"37":{"start":{"line":38,"column":0},"end":{"line":38,"column":27}}},"s":{"0":1,"1":1,"8":1,"9":2,"11":2,"12":2,"13":2,"14":2,"15":2,"16":2,"18":2,"19":2,"20":2,"21":2,"22":2,"23":8,"24":8,"25":8,"26":8,"27":8,"29":8,"30":8,"31":2,"32":2,"33":2,"35":2,"37":1},"branchMap":{"0":{"type":"branch","line":9,"loc":{"start":{"line":9,"column":30},"end":{"line":36,"column":2}},"locations":[{"start":{"line":9,"column":30},"end":{"line":36,"column":2}}]},"1":{"type":"branch","line":23,"loc":{"start":{"line":23,"column":21},"end":{"line":31,"column":19}},"locations":[{"start":{"line":23,"column":21},"end":{"line":31,"column":19}}]},"2":{"type":"branch","line":26,"loc":{"start":{"line":26,"column":58},"end":{"line":26,"column":74}},"locations":[{"start":{"line":26,"column":58},"end":{"line":26,"column":74}}]},"3":{"type":"branch","line":26,"loc":{"start":{"line":26,"column":63},"end":{"line":26,"column":76}},"locations":[{"start":{"line":26,"column":63},"end":{"line":26,"column":76}}]}},"b":{"0":[2],"1":[8],"2":[2],"3":[6]},"fnMap":{"0":{"name":"LeftSidebar","decl":{"start":{"line":9,"column":30},"end":{"line":36,"column":2}},"loc":{"start":{"line":9,"column":30},"end":{"line":36,"column":2}},"line":9},"1":{"name":"onClick","decl":{"start":{"line":27,"column":21},"end":{"line":27,"column":47}},"loc":{"start":{"line":27,"column":21},"end":{"line":27,"column":47}},"line":27}},"f":{"0":2,"1":0}}
,"C:\\Users\\SHADOW\\Desktop\\desarrollo de software 2 F y B\\DS2-2-FRONTEND\\src\\components\\layout\\Login.tsx": {"path":"C:\\Users\\SHADOW\\Desktop\\desarrollo de software 2 F y B\\DS2-2-FRONTEND\\src\\components\\layout\\Login.tsx","all":false,"statementMap":{"0":{"start":{"line":1,"column":0},"end":{"line":1,"column":40}},"1":{"start":{"line":2,"column":0},"end":{"line":2,"column":46}},"2":{"start":{"line":3,"column":0},"end":{"line":3,"column":47}},"3":{"start":{"line":4,"column":0},"end":{"line":4,"column":65}},"4":{"start":{"line":5,"column":0},"end":{"line":5,"column":32}},"5":{"start":{"line":6,"column":0},"end":{"line":6,"column":42}},"7":{"start":{"line":8,"column":0},"end":{"line":8,"column":21}},"8":{"start":{"line":9,"column":0},"end":{"line":9,"column":47}},"9":{"start":{"line":10,"column":0},"end":{"line":10,"column":47}},"10":{"start":{"line":11,"column":0},"end":{"line":11,"column":58}},"12":{"start":{"line":13,"column":0},"end":{"line":13,"column":40}},"13":{"start":{"line":14,"column":0},"end":{"line":14,"column":17}},"14":{"start":{"line":15,"column":0},"end":{"line":15,"column":16}},"15":{"start":{"line":16,"column":0},"end":{"line":16,"column":5}},"17":{"start":{"line":18,"column":0},"end":{"line":18,"column":40}},"18":{"start":{"line":19,"column":0},"end":{"line":19,"column":33}},"21":{"start":{"line":22,"column":0},"end":{"line":22,"column":30}},"22":{"start":{"line":23,"column":0},"end":{"line":23,"column":23}},"23":{"start":{"line":24,"column":0},"end":{"line":24,"column":19}},"24":{"start":{"line":25,"column":0},"end":{"line":25,"column":18}},"25":{"start":{"line":26,"column":0},"end":{"line":26,"column":6}},"28":{"start":{"line":29,"column":0},"end":{"line":29,"column":27}},"29":{"start":{"line":30,"column":0},"end":{"line":30,"column":55}},"30":{"start":{"line":31,"column":0},"end":{"line":31,"column":5}},"33":{"start":{"line":34,"column":0},"end":{"line":34,"column":27}},"34":{"start":{"line":35,"column":0},"end":{"line":35,"column":58}},"35":{"start":{"line":36,"column":0},"end":{"line":36,"column":5}},"37":{"start":{"line":38,"column":0},"end":{"line":38,"column":25}},"38":{"start":{"line":39,"column":0},"end":{"line":39,"column":54}},"39":{"start":{"line":40,"column":0},"end":{"line":40,"column":4}},"43":{"start":{"line":44,"column":0},"end":{"line":44,"column":71}},"44":{"start":{"line":45,"column":0},"end":{"line":45,"column":23}},"46":{"start":{"line":47,"column":0},"end":{"line":47,"column":25}},"47":{"start":{"line":48,"column":0},"end":{"line":48,"column":11}},"48":{"start":{"line":49,"column":0},"end":{"line":49,"column":44}},"49":{"start":{"line":50,"column":0},"end":{"line":50,"column":31}},"50":{"start":{"line":51,"column":0},"end":{"line":51,"column":32}},"52":{"start":{"line":53,"column":0},"end":{"line":53,"column":13}},"53":{"start":{"line":54,"column":0},"end":{"line":54,"column":85}},"54":{"start":{"line":55,"column":0},"end":{"line":55,"column":52}},"57":{"start":{"line":58,"column":0},"end":{"line":58,"column":43}},"58":{"start":{"line":59,"column":0},"end":{"line":59,"column":23}},"59":{"start":{"line":60,"column":0},"end":{"line":60,"column":27}},"60":{"start":{"line":61,"column":0},"end":{"line":61,"column":90}},"61":{"start":{"line":62,"column":0},"end":{"line":62,"column":15}},"62":{"start":{"line":63,"column":0},"end":{"line":63,"column":11}},"64":{"start":{"line":65,"column":0},"end":{"line":65,"column":40}},"65":{"start":{"line":66,"column":0},"end":{"line":66,"column":23}},"66":{"start":{"line":67,"column":0},"end":{"line":67,"column":46}},"67":{"start":{"line":68,"column":0},"end":{"line":68,"column":26}},"68":{"start":{"line":69,"column":0},"end":{"line":69,"column":15}},"69":{"start":{"line":70,"column":0},"end":{"line":70,"column":11}},"70":{"start":{"line":71,"column":0},"end":{"line":71,"column":40}},"71":{"start":{"line":72,"column":0},"end":{"line":72,"column":23}},"72":{"start":{"line":73,"column":0},"end":{"line":73,"column":27}},"73":{"start":{"line":74,"column":0},"end":{"line":74,"column":45}},"74":{"start":{"line":75,"column":0},"end":{"line":75,"column":15}},"75":{"start":{"line":76,"column":0},"end":{"line":76,"column":11}},"76":{"start":{"line":77,"column":0},"end":{"line":77,"column":16}},"78":{"start":{"line":79,"column":0},"end":{"line":79,"column":23}},"79":{"start":{"line":80,"column":0},"end":{"line":80,"column":27}},"80":{"start":{"line":81,"column":0},"end":{"line":81,"column":48}},"81":{"start":{"line":82,"column":0},"end":{"line":82,"column":15}},"82":{"start":{"line":83,"column":0},"end":{"line":83,"column":11}},"84":{"start":{"line":85,"column":0},"end":{"line":85,"column":17}},"86":{"start":{"line":87,"column":0},"end":{"line":87,"column":21}},"87":{"start":{"line":88,"column":0},"end":{"line":88,"column":25}},"88":{"start":{"line":89,"column":0},"end":{"line":89,"column":57}},"89":{"start":{"line":90,"column":0},"end":{"line":90,"column":13}},"90":{"start":{"line":91,"column":0},"end":{"line":91,"column":9}},"91":{"start":{"line":92,"column":0},"end":{"line":92,"column":7}},"92":{"start":{"line":93,"column":0},"end":{"line":93,"column":5}},"93":{"start":{"line":94,"column":0},"end":{"line":94,"column":4}},"95":{"start":{"line":96,"column":0},"end":{"line":96,"column":10}},"96":{"start":{"line":97,"column":0},"end":{"line":97,"column":37}},"97":{"start":{"line":98,"column":0},"end":{"line":98,"column":59}},"99":{"start":{"line":100,"column":0},"end":{"line":100,"column":34}},"100":{"start":{"line":101,"column":0},"end":{"line":101,"column":38}},"101":{"start":{"line":102,"column":0},"end":{"line":102,"column":73}},"102":{"start":{"line":103,"column":0},"end":{"line":103,"column":14}},"104":{"start":{"line":105,"column":0},"end":{"line":105,"column":61}},"105":{"start":{"line":106,"column":0},"end":{"line":106,"column":39}},"106":{"start":{"line":107,"column":0},"end":{"line":107,"column":77}},"107":{"start":{"line":108,"column":0},"end":{"line":108,"column":19}},"108":{"start":{"line":109,"column":0},"end":{"line":109,"column":27}},"109":{"start":{"line":110,"column":0},"end":{"line":110,"column":26}},"110":{"start":{"line":111,"column":0},"end":{"line":111,"column":30}},"111":{"start":{"line":112,"column":0},"end":{"line":112,"column":59}},"112":{"start":{"line":113,"column":0},"end":{"line":113,"column":73}},"113":{"start":{"line":114,"column":0},"end":{"line":114,"column":46}},"114":{"start":{"line":115,"column":0},"end":{"line":115,"column":14}},"115":{"start":{"line":116,"column":0},"end":{"line":116,"column":33}},"116":{"start":{"line":117,"column":0},"end":{"line":117,"column":70}},"118":{"start":{"line":119,"column":0},"end":{"line":119,"column":16}},"120":{"start":{"line":121,"column":0},"end":{"line":121,"column":39}},"121":{"start":{"line":122,"column":0},"end":{"line":122,"column":80}},"122":{"start":{"line":123,"column":0},"end":{"line":123,"column":18}},"123":{"start":{"line":124,"column":0},"end":{"line":124,"column":28}},"124":{"start":{"line":125,"column":0},"end":{"line":125,"column":55}},"125":{"start":{"line":126,"column":0},"end":{"line":126,"column":30}},"126":{"start":{"line":127,"column":0},"end":{"line":127,"column":59}},"127":{"start":{"line":128,"column":0},"end":{"line":128,"column":73}},"128":{"start":{"line":129,"column":0},"end":{"line":129,"column":49}},"129":{"start":{"line":130,"column":0},"end":{"line":130,"column":45}},"130":{"start":{"line":131,"column":0},"end":{"line":131,"column":79}},"131":{"start":{"line":132,"column":0},"end":{"line":132,"column":14}},"132":{"start":{"line":133,"column":0},"end":{"line":133,"column":33}},"134":{"start":{"line":135,"column":0},"end":{"line":135,"column":90}},"138":{"start":{"line":139,"column":0},"end":{"line":139,"column":47}},"139":{"start":{"line":140,"column":0},"end":{"line":140,"column":57}},"140":{"start":{"line":141,"column":0},"end":{"line":141,"column":24}},"141":{"start":{"line":142,"column":0},"end":{"line":142,"column":35}},"142":{"start":{"line":143,"column":0},"end":{"line":143,"column":42}},"143":{"start":{"line":144,"column":0},"end":{"line":144,"column":71}},"144":{"start":{"line":145,"column":0},"end":{"line":145,"column":50}},"145":{"start":{"line":146,"column":0},"end":{"line":146,"column":20}},"147":{"start":{"line":148,"column":0},"end":{"line":148,"column":24}},"148":{"start":{"line":149,"column":0},"end":{"line":149,"column":20}},"149":{"start":{"line":150,"column":0},"end":{"line":150,"column":16}},"153":{"start":{"line":154,"column":0},"end":{"line":154,"column":78}},"154":{"start":{"line":155,"column":0},"end":{"line":155,"column":58}},"155":{"start":{"line":156,"column":0},"end":{"line":156,"column":19}},"157":{"start":{"line":158,"column":0},"end":{"line":158,"column":74}},"159":{"start":{"line":160,"column":0},"end":{"line":160,"column":51}},"161":{"start":{"line":162,"column":0},"end":{"line":162,"column":14}},"163":{"start":{"line":164,"column":0},"end":{"line":164,"column":15}},"164":{"start":{"line":165,"column":0},"end":{"line":165,"column":12}},"165":{"start":{"line":166,"column":0},"end":{"line":166,"column":10}},"167":{"start":{"line":168,"column":0},"end":{"line":168,"column":2}},"169":{"start":{"line":170,"column":0},"end":{"line":170,"column":21}}},"s":{"0":1,"1":1,"2":1,"3":1,"4":1,"5":1,"7":1,"8":48,"9":48,"10":48,"12":48,"13":48,"14":48,"15":48,"17":48,"18":48,"21":48,"22":8,"23":8,"24":8,"25":8,"28":8,"29":2,"30":2,"33":8,"34":3,"35":3,"37":8,"38":8,"39":8,"43":48,"44":8,"46":8,"47":5,"48":5,"49":2,"50":5,"52":3,"53":3,"54":3,"57":3,"58":1,"59":1,"60":1,"61":1,"62":1,"64":2,"65":1,"66":1,"67":1,"68":1,"69":1,"70":1,"71":1,"72":1,"73":1,"74":1,"75":1,"76":0,"78":0,"79":0,"80":0,"81":0,"82":0,"84":3,"86":0,"87":0,"88":0,"89":0,"90":0,"91":3,"92":5,"93":8,"95":48,"96":48,"97":48,"99":48,"100":48,"101":48,"102":48,"104":48,"105":48,"106":48,"107":48,"108":48,"109":48,"110":48,"111":48,"112":48,"113":48,"114":48,"115":48,"116":4,"118":48,"120":48,"121":48,"122":48,"123":48,"124":48,"125":48,"126":48,"127":48,"128":48,"129":48,"130":48,"131":48,"132":48,"134":6,"138":48,"139":48,"140":48,"141":48,"142":48,"143":48,"144":48,"145":48,"147":48,"148":48,"149":48,"153":48,"154":48,"155":48,"157":48,"159":48,"161":48,"163":48,"164":48,"165":48,"167":48,"169":1},"branchMap":{"0":{"type":"branch","line":8,"loc":{"start":{"line":8,"column":14},"end":{"line":168,"column":2}},"locations":[{"start":{"line":8,"column":14},"end":{"line":168,"column":2}}]},"1":{"type":"branch","line":113,"loc":{"start":{"line":113,"column":47},"end":{"line":113,"column":68}},"locations":[{"start":{"line":113,"column":47},"end":{"line":113,"column":68}}]},"2":{"type":"branch","line":113,"loc":{"start":{"line":113,"column":58},"end":{"line":113,"column":70}},"locations":[{"start":{"line":113,"column":58},"end":{"line":113,"column":70}}]},"3":{"type":"branch","line":116,"loc":{"start":{"line":116,"column":20},"end":{"line":117,"column":70}},"locations":[{"start":{"line":116,"column":20},"end":{"line":117,"column":70}}]},"4":{"type":"branch","line":125,"loc":{"start":{"line":125,"column":20},"end":{"line":125,"column":44}},"locations":[{"start":{"line":125,"column":20},"end":{"line":125,"column":44}}]},"5":{"type":"branch","line":125,"loc":{"start":{"line":125,"column":35},"end":{"line":125,"column":55}},"locations":[{"start":{"line":125,"column":35},"end":{"line":125,"column":55}}]},"6":{"type":"branch","line":128,"loc":{"start":{"line":128,"column":47},"end":{"line":128,"column":68}},"locations":[{"start":{"line":128,"column":47},"end":{"line":128,"column":68}}]},"7":{"type":"branch","line":128,"loc":{"start":{"line":128,"column":58},"end":{"line":128,"column":70}},"locations":[{"start":{"line":128,"column":58},"end":{"line":128,"column":70}}]},"8":{"type":"branch","line":131,"loc":{"start":{"line":131,"column":39},"end":{"line":131,"column":69}},"locations":[{"start":{"line":131,"column":39},"end":{"line":131,"column":69}}]},"9":{"type":"branch","line":131,"loc":{"start":{"line":131,"column":50},"end":{"line":131,"column":79}},"locations":[{"start":{"line":131,"column":50},"end":{"line":131,"column":79}}]},"10":{"type":"branch","line":133,"loc":{"start":{"line":133,"column":20},"end":{"line":135,"column":90}},"locations":[{"start":{"line":133,"column":20},"end":{"line":135,"column":90}}]},"11":{"type":"branch","line":155,"loc":{"start":{"line":155,"column":13},"end":{"line":155,"column":41}},"locations":[{"start":{"line":155,"column":13},"end":{"line":155,"column":41}}]},"12":{"type":"branch","line":155,"loc":{"start":{"line":155,"column":25},"end":{"line":155,"column":58}},"locations":[{"start":{"line":155,"column":25},"end":{"line":155,"column":58}}]},"13":{"type":"branch","line":22,"loc":{"start":{"line":22,"column":23},"end":{"line":40,"column":4}},"locations":[{"start":{"line":22,"column":23},"end":{"line":40,"column":4}}]},"14":{"type":"branch","line":29,"loc":{"start":{"line":29,"column":26},"end":{"line":31,"column":5}},"locations":[{"start":{"line":29,"column":26},"end":{"line":31,"column":5}}]},"15":{"type":"branch","line":34,"loc":{"start":{"line":34,"column":26},"end":{"line":36,"column":5}},"locations":[{"start":{"line":34,"column":26},"end":{"line":36,"column":5}}]},"16":{"type":"branch","line":39,"loc":{"start":{"line":39,"column":22},"end":{"line":39,"column":54}},"locations":[{"start":{"line":39,"column":22},"end":{"line":39,"column":54}}]},"17":{"type":"branch","line":44,"loc":{"start":{"line":44,"column":23},"end":{"line":94,"column":4}},"locations":[{"start":{"line":44,"column":23},"end":{"line":94,"column":4}}]},"18":{"type":"branch","line":47,"loc":{"start":{"line":47,"column":24},"end":{"line":93,"column":5}},"locations":[{"start":{"line":47,"column":24},"end":{"line":93,"column":5}}]},"19":{"type":"branch","line":49,"loc":{"start":{"line":49,"column":42},"end":{"line":51,"column":15}},"locations":[{"start":{"line":49,"column":42},"end":{"line":51,"column":15}}]},"20":{"type":"branch","line":51,"loc":{"start":{"line":51,"column":6},"end":{"line":92,"column":7}},"locations":[{"start":{"line":51,"column":6},"end":{"line":92,"column":7}}]},"21":{"type":"branch","line":54,"loc":{"start":{"line":54,"column":62},"end":{"line":54,"column":85}},"locations":[{"start":{"line":54,"column":62},"end":{"line":54,"column":85}}]},"22":{"type":"branch","line":58,"loc":{"start":{"line":58,"column":42},"end":{"line":63,"column":11}},"locations":[{"start":{"line":58,"column":42},"end":{"line":63,"column":11}}]},"23":{"type":"branch","line":63,"loc":{"start":{"line":63,"column":10},"end":{"line":83,"column":11}},"locations":[{"start":{"line":63,"column":10},"end":{"line":83,"column":11}}]},"24":{"type":"branch","line":65,"loc":{"start":{"line":65,"column":39},"end":{"line":83,"column":11}},"locations":[{"start":{"line":65,"column":39},"end":{"line":83,"column":11}}]},"25":{"type":"branch","line":76,"loc":{"start":{"line":76,"column":10},"end":{"line":83,"column":11}},"locations":[{"start":{"line":76,"column":10},"end":{"line":83,"column":11}}]},"26":{"type":"branch","line":85,"loc":{"start":{"line":85,"column":8},"end":{"line":91,"column":9}},"locations":[{"start":{"line":85,"column":8},"end":{"line":91,"column":9}}]},"27":{"type":"branch","line":112,"loc":{"start":{"line":112,"column":24},"end":{"line":112,"column":59}},"locations":[{"start":{"line":112,"column":24},"end":{"line":112,"column":59}}]},"28":{"type":"branch","line":127,"loc":{"start":{"line":127,"column":24},"end":{"line":127,"column":59}},"locations":[{"start":{"line":127,"column":24},"end":{"line":127,"column":59}}]},"29":{"type":"branch","line":144,"loc":{"start":{"line":144,"column":30},"end":{"line":144,"column":71}},"locations":[{"start":{"line":144,"column":30},"end":{"line":144,"column":71}}]}},"b":{"0":[48],"1":[4],"2":[44],"3":[4],"4":[1],"5":[47],"6":[6],"7":[42],"8":[6],"9":[42],"10":[6],"11":[15],"12":[33],"13":[8],"14":[2],"15":[3],"16":[6],"17":[8],"18":[5],"19":[2],"20":[3],"21":[0],"22":[1],"23":[2],"24":[1],"25":[0],"26":[0],"27":[6],"28":[5],"29":[2]},"fnMap":{"0":{"name":"Login","decl":{"start":{"line":8,"column":14},"end":{"line":168,"column":2}},"loc":{"start":{"line":8,"column":14},"end":{"line":168,"column":2}},"line":8},"1":{"name":"validateForm","decl":{"start":{"line":22,"column":23},"end":{"line":40,"column":4}},"loc":{"start":{"line":22,"column":23},"end":{"line":40,"column":4}},"line":22},"2":{"name":"handleSubmit","decl":{"start":{"line":44,"column":23},"end":{"line":94,"column":4}},"loc":{"start":{"line":44,"column":23},"end":{"line":94,"column":4}},"line":44},"3":{"name":"onChange","decl":{"start":{"line":112,"column":24},"end":{"line":112,"column":59}},"loc":{"start":{"line":112,"column":24},"end":{"line":112,"column":59}},"line":112},"4":{"name":"onChange","decl":{"start":{"line":127,"column":24},"end":{"line":127,"column":59}},"loc":{"start":{"line":127,"column":24},"end":{"line":127,"column":59}},"line":127},"5":{"name":"onChange","decl":{"start":{"line":144,"column":30},"end":{"line":144,"column":71}},"loc":{"start":{"line":144,"column":30},"end":{"line":144,"column":71}},"line":144}},"f":{"0":48,"1":8,"2":8,"3":6,"4":5,"5":2}}
,"C:\\Users\\SHADOW\\Desktop\\desarrollo de software 2 F y B\\DS2-2-FRONTEND\\src\\components\\layout\\RightSidebar.tsx": {"path":"C:\\Users\\SHADOW\\Desktop\\desarrollo de software 2 F y B\\DS2-2-FRONTEND\\src\\components\\layout\\RightSidebar.tsx","all":false,"statementMap":{"0":{"start":{"line":1,"column":0},"end":{"line":1,"column":26}},"2":{"start":{"line":3,"column":0},"end":{"line":3,"column":38}},"3":{"start":{"line":4,"column":0},"end":{"line":4,"column":10}},"4":{"start":{"line":5,"column":0},"end":{"line":5,"column":37}},"5":{"start":{"line":6,"column":0},"end":{"line":6,"column":39}},"7":{"start":{"line":8,"column":0},"end":{"line":8,"column":12}},"8":{"start":{"line":9,"column":0},"end":{"line":9,"column":12}},"10":{"start":{"line":11,"column":0},"end":{"line":11,"column":2}},"12":{"start":{"line":13,"column":0},"end":{"line":13,"column":28}}},"s":{"0":1,"2":1,"3":2,"4":2,"5":2,"7":2,"8":2,"10":2,"12":1},"branchMap":{"0":{"type":"branch","line":3,"loc":{"start":{"line":3,"column":31},"end":{"line":11,"column":2}},"locations":[{"start":{"line":3,"column":31},"end":{"line":11,"column":2}}]}},"b":{"0":[2]},"fnMap":{"0":{"name":"RightSidebar","decl":{"start":{"line":3,"column":31},"end":{"line":11,"column":2}},"loc":{"start":{"line":3,"column":31},"end":{"line":11,"column":2}},"line":3}},"f":{"0":2}}
,"C:\\Users\\SHADOW\\Desktop\\desarrollo de software 2 F y B\\DS2-2-FRONTEND\\src\\context\\AuthContext.ts": {"path":"C:\\Users\\SHADOW\\Desktop\\desarrollo de software 2 F y B\\DS2-2-FRONTEND\\src\\context\\AuthContext.ts","all":false,"statementMap":{"0":{"start":{"line":1,"column":0},"end":{"line":1,"column":37}},"1":{"start":{"line":2,"column":0},"end":{"line":2,"column":63}},"19":{"start":{"line":20,"column":0},"end":{"line":20,"column":80}}},"s":{"0":1,"1":1,"19":1},"branchMap":{},"b":{},"fnMap":{},"f":{}}
,"C:\\Users\\SHADOW\\Desktop\\desarrollo de software 2 F y B\\DS2-2-FRONTEND\\src\\context\\AuthProvider.tsx": {"path":"C:\\Users\\SHADOW\\Desktop\\desarrollo de software 2 F y B\\DS2-2-FRONTEND\\src\\context\\AuthProvider.tsx","all":false,"statementMap":{"0":{"start":{"line":1,"column":0},"end":{"line":1,"column":50}},"1":{"start":{"line":2,"column":0},"end":{"line":2,"column":76}},"2":{"start":{"line":3,"column":0},"end":{"line":3,"column":54}},"4":{"start":{"line":5,"column":0},"end":{"line":5,"column":88}},"5":{"start":{"line":6,"column":0},"end":{"line":6,"column":53}},"6":{"start":{"line":7,"column":0},"end":{"line":7,"column":50}},"8":{"start":{"line":9,"column":0},"end":{"line":9,"column":19}},"9":{"start":{"line":10,"column":0},"end":{"line":10,"column":50}},"10":{"start":{"line":11,"column":0},"end":{"line":11,"column":53}},"11":{"start":{"line":12,"column":0},"end":{"line":12,"column":24}},"12":{"start":{"line":13,"column":0},"end":{"line":13,"column":5}},"13":{"start":{"line":14,"column":0},"end":{"line":14,"column":23}},"14":{"start":{"line":15,"column":0},"end":{"line":15,"column":8}},"16":{"start":{"line":17,"column":0},"end":{"line":17,"column":58}},"17":{"start":{"line":18,"column":0},"end":{"line":18,"column":22}},"18":{"start":{"line":19,"column":0},"end":{"line":19,"column":9}},"19":{"start":{"line":20,"column":0},"end":{"line":20,"column":59}},"20":{"start":{"line":21,"column":0},"end":{"line":21,"column":28}},"21":{"start":{"line":22,"column":0},"end":{"line":22,"column":15}},"22":{"start":{"line":23,"column":0},"end":{"line":23,"column":25}},"23":{"start":{"line":24,"column":0},"end":{"line":24,"column":5}},"24":{"start":{"line":25,"column":0},"end":{"line":25,"column":3}},"26":{"start":{"line":27,"column":0},"end":{"line":27,"column":24}},"27":{"start":{"line":28,"column":0},"end":{"line":28,"column":24}},"28":{"start":{"line":29,"column":0},"end":{"line":29,"column":17}},"29":{"start":{"line":30,"column":0},"end":{"line":30,"column":3}},"31":{"start":{"line":32,"column":0},"end":{"line":32,"column":10}},"32":{"start":{"line":33,"column":0},"end":{"line":33,"column":34}},"33":{"start":{"line":34,"column":0},"end":{"line":34,"column":11}},"34":{"start":{"line":35,"column":0},"end":{"line":35,"column":30}},"35":{"start":{"line":36,"column":0},"end":{"line":36,"column":16}},"36":{"start":{"line":37,"column":0},"end":{"line":37,"column":12}},"37":{"start":{"line":38,"column":0},"end":{"line":38,"column":12}},"38":{"start":{"line":39,"column":0},"end":{"line":39,"column":7}},"39":{"start":{"line":40,"column":0},"end":{"line":40,"column":16}},"40":{"start":{"line":41,"column":0},"end":{"line":41,"column":27}},"42":{"start":{"line":43,"column":0},"end":{"line":43,"column":1}}},"s":{"0":1,"1":1,"2":1,"4":1,"5":43,"6":43,"8":43,"9":16,"10":16,"11":7,"12":7,"13":16,"14":43,"16":43,"17":5,"18":5,"19":5,"20":2,"21":5,"22":5,"23":5,"24":5,"26":43,"27":1,"28":1,"29":1,"31":43,"32":43,"33":43,"34":43,"35":43,"36":43,"37":43,"38":43,"39":43,"40":43,"42":43},"branchMap":{"0":{"type":"branch","line":5,"loc":{"start":{"line":5,"column":69},"end":{"line":43,"column":1}},"locations":[{"start":{"line":5,"column":69},"end":{"line":43,"column":1}}]},"1":{"type":"branch","line":9,"loc":{"start":{"line":9,"column":12},"end":{"line":15,"column":5}},"locations":[{"start":{"line":9,"column":12},"end":{"line":15,"column":5}}]},"2":{"type":"branch","line":11,"loc":{"start":{"line":11,"column":8},"end":{"line":11,"column":52}},"locations":[{"start":{"line":11,"column":8},"end":{"line":11,"column":52}}]},"3":{"type":"branch","line":11,"loc":{"start":{"line":11,"column":52},"end":{"line":13,"column":5}},"locations":[{"start":{"line":11,"column":52},"end":{"line":13,"column":5}}]},"4":{"type":"branch","line":17,"loc":{"start":{"line":17,"column":16},"end":{"line":25,"column":3}},"locations":[{"start":{"line":17,"column":16},"end":{"line":25,"column":3}}]},"5":{"type":"branch","line":20,"loc":{"start":{"line":20,"column":58},"end":{"line":22,"column":6}},"locations":[{"start":{"line":20,"column":58},"end":{"line":22,"column":6}}]},"6":{"type":"branch","line":27,"loc":{"start":{"line":27,"column":17},"end":{"line":30,"column":3}},"locations":[{"start":{"line":27,"column":17},"end":{"line":30,"column":3}}]}},"b":{"0":[43],"1":[16],"2":[7],"3":[7],"4":[5],"5":[2],"6":[1]},"fnMap":{"0":{"name":"AuthProvider","decl":{"start":{"line":5,"column":69},"end":{"line":43,"column":1}},"loc":{"start":{"line":5,"column":69},"end":{"line":43,"column":1}},"line":5},"1":{"name":"login","decl":{"start":{"line":17,"column":16},"end":{"line":25,"column":3}},"loc":{"start":{"line":17,"column":16},"end":{"line":25,"column":3}},"line":17},"2":{"name":"logout","decl":{"start":{"line":27,"column":17},"end":{"line":30,"column":3}},"loc":{"start":{"line":27,"column":17},"end":{"line":30,"column":3}},"line":27}},"f":{"0":43,"1":5,"2":1}}
,"C:\\Users\\SHADOW\\Desktop\\desarrollo de software 2 F y B\\DS2-2-FRONTEND\\src\\hooks\\useAuth.ts": {"path":"C:\\Users\\SHADOW\\Desktop\\desarrollo de software 2 F y B\\DS2-2-FRONTEND\\src\\hooks\\useAuth.ts","all":false,"statementMap":{"0":{"start":{"line":1,"column":0},"end":{"line":1,"column":34}},"1":{"start":{"line":2,"column":0},"end":{"line":2,"column":52}},"3":{"start":{"line":4,"column":0},"end":{"line":4,"column":30}},"4":{"start":{"line":5,"column":0},"end":{"line":5,"column":41}},"5":{"start":{"line":6,"column":0},"end":{"line":6,"column":30}},"6":{"start":{"line":7,"column":0},"end":{"line":7,"column":66}},"7":{"start":{"line":8,"column":0},"end":{"line":8,"column":3}},"8":{"start":{"line":9,"column":0},"end":{"line":9,"column":16}},"9":{"start":{"line":10,"column":0},"end":{"line":10,"column":1}}},"s":{"0":1,"1":1,"3":1,"4":59,"5":59,"6":0,"7":0,"8":59,"9":59},"branchMap":{"0":{"type":"branch","line":4,"loc":{"start":{"line":4,"column":23},"end":{"line":10,"column":1}},"locations":[{"start":{"line":4,"column":23},"end":{"line":10,"column":1}}]},"1":{"type":"branch","line":6,"loc":{"start":{"line":6,"column":29},"end":{"line":8,"column":3}},"locations":[{"start":{"line":6,"column":29},"end":{"line":8,"column":3}}]}},"b":{"0":[59],"1":[0]},"fnMap":{"0":{"name":"useAuth","decl":{"start":{"line":4,"column":23},"end":{"line":10,"column":1}},"loc":{"start":{"line":4,"column":23},"end":{"line":10,"column":1}},"line":4}},"f":{"0":59}}
,"C:\\Users\\SHADOW\\Desktop\\desarrollo de software 2 F y B\\DS2-2-FRONTEND\\src\\services\\authService.ts": {"path":"C:\\Users\\SHADOW\\Desktop\\desarrollo de software 2 F y B\\DS2-2-FRONTEND\\src\\services\\authService.ts","all":false,"statementMap":{"0":{"start":{"line":1,"column":0},"end":{"line":1,"column":40}},"24":{"start":{"line":25,"column":0},"end":{"line":25,"column":28}},"25":{"start":{"line":26,"column":0},"end":{"line":26,"column":69}},"26":{"start":{"line":27,"column":0},"end":{"line":27,"column":9}},"27":{"start":{"line":28,"column":0},"end":{"line":28,"column":76}},"30":{"start":{"line":31,"column":0},"end":{"line":31,"column":55}},"31":{"start":{"line":32,"column":0},"end":{"line":32,"column":65}},"33":{"start":{"line":34,"column":0},"end":{"line":34,"column":21}},"34":{"start":{"line":35,"column":0},"end":{"line":35,"column":30}},"36":{"start":{"line":37,"column":0},"end":{"line":37,"column":77}},"37":{"start":{"line":38,"column":0},"end":{"line":38,"column":5}},"38":{"start":{"line":39,"column":0},"end":{"line":39,"column":4}},"40":{"start":{"line":41,"column":0},"end":{"line":41,"column":12}},"41":{"start":{"line":42,"column":0},"end":{"line":42,"column":40}},"42":{"start":{"line":43,"column":0},"end":{"line":43,"column":35}},"43":{"start":{"line":44,"column":0},"end":{"line":44,"column":4}},"45":{"start":{"line":46,"column":0},"end":{"line":46,"column":20}},"46":{"start":{"line":47,"column":0},"end":{"line":47,"column":45}},"47":{"start":{"line":48,"column":0},"end":{"line":48,"column":41}},"48":{"start":{"line":49,"column":0},"end":{"line":49,"column":4}},"50":{"start":{"line":51,"column":0},"end":{"line":51,"column":14}},"51":{"start":{"line":52,"column":0},"end":{"line":52,"column":44}},"52":{"start":{"line":53,"column":0},"end":{"line":53,"column":4}},"54":{"start":{"line":55,"column":0},"end":{"line":55,"column":21}},"55":{"start":{"line":56,"column":0},"end":{"line":56,"column":28}},"56":{"start":{"line":57,"column":0},"end":{"line":57,"column":3}},"57":{"start":{"line":58,"column":0},"end":{"line":58,"column":1}}},"s":{"0":1,"24":1,"25":1,"26":5,"27":5,"30":2,"31":2,"33":2,"34":5,"36":3,"37":3,"38":5,"40":1,"41":1,"42":1,"43":1,"45":1,"46":16,"47":16,"48":16,"50":1,"51":7,"52":7,"54":1,"55":7,"56":7,"57":1},"branchMap":{"0":{"type":"branch","line":26,"loc":{"start":{"line":26,"column":2},"end":{"line":39,"column":4}},"locations":[{"start":{"line":26,"column":2},"end":{"line":39,"column":4}}]},"1":{"type":"branch","line":28,"loc":{"start":{"line":28,"column":75},"end":{"line":35,"column":13}},"locations":[{"start":{"line":28,"column":75},"end":{"line":35,"column":13}}]},"2":{"type":"branch","line":35,"loc":{"start":{"line":35,"column":4},"end":{"line":38,"column":5}},"locations":[{"start":{"line":35,"column":4},"end":{"line":38,"column":5}}]},"3":{"type":"branch","line":37,"loc":{"start":{"line":37,"column":53},"end":{"line":37,"column":76}},"locations":[{"start":{"line":37,"column":53},"end":{"line":37,"column":76}}]},"4":{"type":"branch","line":41,"loc":{"start":{"line":41,"column":2},"end":{"line":44,"column":4}},"locations":[{"start":{"line":41,"column":2},"end":{"line":44,"column":4}}]},"5":{"type":"branch","line":46,"loc":{"start":{"line":46,"column":2},"end":{"line":49,"column":4}},"locations":[{"start":{"line":46,"column":2},"end":{"line":49,"column":4}}]},"6":{"type":"branch","line":48,"loc":{"start":{"line":48,"column":11},"end":{"line":48,"column":37}},"locations":[{"start":{"line":48,"column":11},"end":{"line":48,"column":37}}]},"7":{"type":"branch","line":48,"loc":{"start":{"line":48,"column":33},"end":{"line":48,"column":41}},"locations":[{"start":{"line":48,"column":33},"end":{"line":48,"column":41}}]},"8":{"type":"branch","line":51,"loc":{"start":{"line":51,"column":2},"end":{"line":53,"column":4}},"locations":[{"start":{"line":51,"column":2},"end":{"line":53,"column":4}}]},"9":{"type":"branch","line":55,"loc":{"start":{"line":55,"column":2},"end":{"line":57,"column":3}},"locations":[{"start":{"line":55,"column":2},"end":{"line":57,"column":3}}]}},"b":{"0":[5],"1":[2],"2":[3],"3":[0],"4":[1],"5":[16],"6":[7],"7":[9],"8":[7],"9":[7]},"fnMap":{"0":{"name":"login","decl":{"start":{"line":26,"column":2},"end":{"line":39,"column":4}},"loc":{"start":{"line":26,"column":2},"end":{"line":39,"column":4}},"line":26},"1":{"name":"logout","decl":{"start":{"line":41,"column":2},"end":{"line":44,"column":4}},"loc":{"start":{"line":41,"column":2},"end":{"line":44,"column":4}},"line":41},"2":{"name":"getCurrentUser","decl":{"start":{"line":46,"column":2},"end":{"line":49,"column":4}},"loc":{"start":{"line":46,"column":2},"end":{"line":49,"column":4}},"line":46},"3":{"name":"getToken","decl":{"start":{"line":51,"column":2},"end":{"line":53,"column":4}},"loc":{"start":{"line":51,"column":2},"end":{"line":53,"column":4}},"line":51},"4":{"name":"isAuthenticated","decl":{"start":{"line":55,"column":2},"end":{"line":57,"column":3}},"loc":{"start":{"line":55,"column":2},"end":{"line":57,"column":3}},"line":55}},"f":{"0":5,"1":1,"2":16,"3":7,"4":7}}
,"C:\\Users\\SHADOW\\Desktop\\desarrollo de software 2 F y B\\DS2-2-FRONTEND\\src\\utils\\api.ts": {"path":"C:\\Users\\SHADOW\\Desktop\\desarrollo de software 2 F y B\\DS2-2-FRONTEND\\src\\utils\\api.ts","all":false,"statementMap":{"0":{"start":{"line":1,"column":0},"end":{"line":1,"column":76}},"2":{"start":{"line":3,"column":0},"end":{"line":3,"column":26}},"3":{"start":{"line":4,"column":0},"end":{"line":4,"column":44}},"4":{"start":{"line":5,"column":0},"end":{"line":5,"column":64}},"5":{"start":{"line":6,"column":0},"end":{"line":6,"column":21}},"6":{"start":{"line":7,"column":0},"end":{"line":7,"column":16}},"7":{"start":{"line":8,"column":0},"end":{"line":8,"column":43}},"8":{"start":{"line":9,"column":0},"end":{"line":9,"column":8}},"9":{"start":{"line":10,"column":0},"end":{"line":10,"column":33}},"10":{"start":{"line":11,"column":0},"end":{"line":11,"column":6}},"12":{"start":{"line":13,"column":0},"end":{"line":13,"column":23}},"13":{"start":{"line":14,"column":0},"end":{"line":14,"column":45}},"14":{"start":{"line":15,"column":0},"end":{"line":15,"column":48}},"15":{"start":{"line":16,"column":0},"end":{"line":16,"column":5}},"17":{"start":{"line":18,"column":0},"end":{"line":18,"column":26}},"18":{"start":{"line":19,"column":0},"end":{"line":19,"column":3}},"19":{"start":{"line":20,"column":0},"end":{"line":20,"column":1}}},"s":{"0":1,"2":1,"3":1,"4":5,"5":5,"6":5,"7":5,"8":5,"9":5,"10":5,"12":5,"13":3,"14":3,"15":3,"17":2,"18":5,"19":1},"branchMap":{"0":{"type":"branch","line":4,"loc":{"start":{"line":4,"column":2},"end":{"line":19,"column":3}},"locations":[{"start":{"line":4,"column":2},"end":{"line":19,"column":3}}]},"1":{"type":"branch","line":13,"loc":{"start":{"line":13,"column":22},"end":{"line":16,"column":5}},"locations":[{"start":{"line":13,"column":22},"end":{"line":16,"column":5}}]},"2":{"type":"branch","line":16,"loc":{"start":{"line":16,"column":4},"end":{"line":18,"column":26}},"locations":[{"start":{"line":16,"column":4},"end":{"line":18,"column":26}}]}},"b":{"0":[5],"1":[3],"2":[2]},"fnMap":{"0":{"name":"post","decl":{"start":{"line":4,"column":2},"end":{"line":19,"column":3}},"loc":{"start":{"line":4,"column":2},"end":{"line":19,"column":3}},"line":4}},"f":{"0":5}}
}
