{"total": {"lines":{"total":2649,"covered":1338,"skipped":0,"pct":50.5},"statements":{"total":2649,"covered":1338,"skipped":0,"pct":50.5},"functions":{"total":118,"covered":54,"skipped":0,"pct":45.76},"branches":{"total":290,"covered":183,"skipped":0,"pct":63.1},"branchesTrue":{"total":0,"covered":0,"skipped":0,"pct":100}}
,"C:\\Users\\SHADOW\\Desktop\\desarrollo de software 2 F y B\\DS2-2-FRONTEND\\src\\App.tsx": {"lines":{"total":63,"covered":63,"skipped":0,"pct":100},"functions":{"total":1,"covered":1,"skipped":0,"pct":100},"statements":{"total":63,"covered":63,"skipped":0,"pct":100},"branches":{"total":1,"covered":1,"skipped":0,"pct":100}}
,"C:\\Users\\SHADOW\\Desktop\\desarrollo de software 2 F y B\\DS2-2-FRONTEND\\src\\components\\BackgroundRainParticles.tsx": {"lines":{"total":58,"covered":17,"skipped":0,"pct":29.31},"functions":{"total":6,"covered":1,"skipped":0,"pct":16.66},"statements":{"total":58,"covered":17,"skipped":0,"pct":29.31},"branches":{"total":3,"covered":2,"skipped":0,"pct":66.66}}
,"C:\\Users\\SHADOW\\Desktop\\desarrollo de software 2 F y B\\DS2-2-FRONTEND\\src\\components\\ProtectedRoute.tsx": {"lines":{"total":8,"covered":8,"skipped":0,"pct":100},"functions":{"total":1,"covered":1,"skipped":0,"pct":100},"statements":{"total":8,"covered":8,"skipped":0,"pct":100},"branches":{"total":3,"covered":2,"skipped":0,"pct":66.66}}
,"C:\\Users\\SHADOW\\Desktop\\desarrollo de software 2 F y B\\DS2-2-FRONTEND\\src\\components\\auth\\RouteGuards.tsx": {"lines":{"total":26,"covered":0,"skipped":0,"pct":0},"functions":{"total":1,"covered":0,"skipped":0,"pct":0},"statements":{"total":26,"covered":0,"skipped":0,"pct":0},"branches":{"total":1,"covered":0,"skipped":0,"pct":0}}
,"C:\\Users\\SHADOW\\Desktop\\desarrollo de software 2 F y B\\DS2-2-FRONTEND\\src\\components\\auth\\VisibleFor.tsx": {"lines":{"total":14,"covered":0,"skipped":0,"pct":0},"functions":{"total":1,"covered":0,"skipped":0,"pct":0},"statements":{"total":14,"covered":0,"skipped":0,"pct":0},"branches":{"total":1,"covered":0,"skipped":0,"pct":0}}
,"C:\\Users\\SHADOW\\Desktop\\desarrollo de software 2 F y B\\DS2-2-FRONTEND\\src\\components\\layout\\AdminApproval.tsx": {"lines":{"total":116,"covered":98,"skipped":0,"pct":84.48},"functions":{"total":4,"covered":2,"skipped":0,"pct":50},"statements":{"total":116,"covered":98,"skipped":0,"pct":84.48},"branches":{"total":17,"covered":14,"skipped":0,"pct":82.35}}
,"C:\\Users\\SHADOW\\Desktop\\desarrollo de software 2 F y B\\DS2-2-FRONTEND\\src\\components\\layout\\BlankPage.tsx": {"lines":{"total":14,"covered":3,"skipped":0,"pct":21.42},"functions":{"total":1,"covered":0,"skipped":0,"pct":0},"statements":{"total":14,"covered":3,"skipped":0,"pct":21.42},"branches":{"total":0,"covered":0,"skipped":0,"pct":100}}
,"C:\\Users\\SHADOW\\Desktop\\desarrollo de software 2 F y B\\DS2-2-FRONTEND\\src\\components\\layout\\DashboardLayout.tsx": {"lines":{"total":83,"covered":46,"skipped":0,"pct":55.42},"functions":{"total":4,"covered":2,"skipped":0,"pct":50},"statements":{"total":83,"covered":46,"skipped":0,"pct":55.42},"branches":{"total":16,"covered":6,"skipped":0,"pct":37.5}}
,"C:\\Users\\SHADOW\\Desktop\\desarrollo de software 2 F y B\\DS2-2-FRONTEND\\src\\components\\layout\\ForgotPassword.tsx": {"lines":{"total":75,"covered":73,"skipped":0,"pct":97.33},"functions":{"total":4,"covered":3,"skipped":0,"pct":75},"statements":{"total":75,"covered":73,"skipped":0,"pct":97.33},"branches":{"total":15,"covered":13,"skipped":0,"pct":86.66}}
,"C:\\Users\\SHADOW\\Desktop\\desarrollo de software 2 F y B\\DS2-2-FRONTEND\\src\\components\\layout\\LeftSidebar.tsx": {"lines":{"total":50,"covered":48,"skipped":0,"pct":96},"functions":{"total":3,"covered":2,"skipped":0,"pct":66.66},"statements":{"total":50,"covered":48,"skipped":0,"pct":96},"branches":{"total":5,"covered":5,"skipped":0,"pct":100}}
,"C:\\Users\\SHADOW\\Desktop\\desarrollo de software 2 F y B\\DS2-2-FRONTEND\\src\\components\\layout\\Login.tsx": {"lines":{"total":154,"covered":82,"skipped":0,"pct":53.24},"functions":{"total":7,"covered":1,"skipped":0,"pct":14.28},"statements":{"total":154,"covered":82,"skipped":0,"pct":53.24},"branches":{"total":9,"covered":1,"skipped":0,"pct":11.11}}
,"C:\\Users\\SHADOW\\Desktop\\desarrollo de software 2 F y B\\DS2-2-FRONTEND\\src\\components\\layout\\MainLayout.tsx": {"lines":{"total":58,"covered":47,"skipped":0,"pct":81.03},"functions":{"total":3,"covered":2,"skipped":0,"pct":66.66},"statements":{"total":58,"covered":47,"skipped":0,"pct":81.03},"branches":{"total":10,"covered":7,"skipped":0,"pct":70}}
,"C:\\Users\\SHADOW\\Desktop\\desarrollo de software 2 F y B\\DS2-2-FRONTEND\\src\\components\\layout\\Register.tsx": {"lines":{"total":404,"covered":11,"skipped":0,"pct":2.72},"functions":{"total":6,"covered":0,"skipped":0,"pct":0},"statements":{"total":404,"covered":11,"skipped":0,"pct":2.72},"branches":{"total":0,"covered":0,"skipped":0,"pct":100}}
,"C:\\Users\\SHADOW\\Desktop\\desarrollo de software 2 F y B\\DS2-2-FRONTEND\\src\\components\\layout\\ResetPassword.tsx": {"lines":{"total":219,"covered":154,"skipped":0,"pct":70.31},"functions":{"total":8,"covered":4,"skipped":0,"pct":50},"statements":{"total":219,"covered":154,"skipped":0,"pct":70.31},"branches":{"total":42,"covered":25,"skipped":0,"pct":59.52}}
,"C:\\Users\\SHADOW\\Desktop\\desarrollo de software 2 F y B\\DS2-2-FRONTEND\\src\\components\\layout\\RightSidebar.tsx": {"lines":{"total":13,"covered":0,"skipped":0,"pct":0},"functions":{"total":1,"covered":0,"skipped":0,"pct":0},"statements":{"total":13,"covered":0,"skipped":0,"pct":0},"branches":{"total":1,"covered":0,"skipped":0,"pct":0}}
,"C:\\Users\\SHADOW\\Desktop\\desarrollo de software 2 F y B\\DS2-2-FRONTEND\\src\\components\\notifications\\NotificationBell.tsx": {"lines":{"total":200,"covered":146,"skipped":0,"pct":73},"functions":{"total":14,"covered":5,"skipped":0,"pct":35.71},"statements":{"total":200,"covered":146,"skipped":0,"pct":73},"branches":{"total":38,"covered":32,"skipped":0,"pct":84.21}}
,"C:\\Users\\SHADOW\\Desktop\\desarrollo de software 2 F y B\\DS2-2-FRONTEND\\src\\components\\rooms\\RoomHistory.tsx": {"lines":{"total":335,"covered":203,"skipped":0,"pct":60.59},"functions":{"total":14,"covered":1,"skipped":0,"pct":7.14},"statements":{"total":335,"covered":203,"skipped":0,"pct":60.59},"branches":{"total":33,"covered":14,"skipped":0,"pct":42.42}}
,"C:\\Users\\SHADOW\\Desktop\\desarrollo de software 2 F y B\\DS2-2-FRONTEND\\src\\components\\rooms\\RoomPanel.tsx": {"lines":{"total":252,"covered":8,"skipped":0,"pct":3.17},"functions":{"total":1,"covered":0,"skipped":0,"pct":0},"statements":{"total":252,"covered":8,"skipped":0,"pct":3.17},"branches":{"total":0,"covered":0,"skipped":0,"pct":100}}
,"C:\\Users\\SHADOW\\Desktop\\desarrollo de software 2 F y B\\DS2-2-FRONTEND\\src\\components\\rooms\\RoomStatsRow.tsx": {"lines":{"total":82,"covered":8,"skipped":0,"pct":9.75},"functions":{"total":5,"covered":0,"skipped":0,"pct":0},"statements":{"total":82,"covered":8,"skipped":0,"pct":9.75},"branches":{"total":0,"covered":0,"skipped":0,"pct":100}}
,"C:\\Users\\SHADOW\\Desktop\\desarrollo de software 2 F y B\\DS2-2-FRONTEND\\src\\context\\AuthContext.ts": {"lines":{"total":3,"covered":3,"skipped":0,"pct":100},"functions":{"total":0,"covered":0,"skipped":0,"pct":100},"statements":{"total":3,"covered":3,"skipped":0,"pct":100},"branches":{"total":0,"covered":0,"skipped":0,"pct":100}}
,"C:\\Users\\SHADOW\\Desktop\\desarrollo de software 2 F y B\\DS2-2-FRONTEND\\src\\context\\AuthProvider.tsx": {"lines":{"total":73,"covered":49,"skipped":0,"pct":67.12},"functions":{"total":5,"covered":4,"skipped":0,"pct":80},"statements":{"total":73,"covered":49,"skipped":0,"pct":67.12},"branches":{"total":12,"covered":10,"skipped":0,"pct":83.33}}
,"C:\\Users\\SHADOW\\Desktop\\desarrollo de software 2 F y B\\DS2-2-FRONTEND\\src\\hooks\\useAuth.ts": {"lines":{"total":9,"covered":7,"skipped":0,"pct":77.77},"functions":{"total":1,"covered":1,"skipped":0,"pct":100},"statements":{"total":9,"covered":7,"skipped":0,"pct":77.77},"branches":{"total":2,"covered":1,"skipped":0,"pct":50}}
,"C:\\Users\\SHADOW\\Desktop\\desarrollo de software 2 F y B\\DS2-2-FRONTEND\\src\\services\\authService.ts": {"lines":{"total":27,"covered":24,"skipped":0,"pct":88.88},"functions":{"total":6,"covered":5,"skipped":0,"pct":83.33},"statements":{"total":27,"covered":24,"skipped":0,"pct":88.88},"branches":{"total":5,"covered":5,"skipped":0,"pct":100}}
,"C:\\Users\\SHADOW\\Desktop\\desarrollo de software 2 F y B\\DS2-2-FRONTEND\\src\\services\\notificationService.ts": {"lines":{"total":20,"covered":18,"skipped":0,"pct":90},"functions":{"total":5,"covered":4,"skipped":0,"pct":80},"statements":{"total":20,"covered":18,"skipped":0,"pct":90},"branches":{"total":6,"covered":6,"skipped":0,"pct":100}}
,"C:\\Users\\SHADOW\\Desktop\\desarrollo de software 2 F y B\\DS2-2-FRONTEND\\src\\services\\passwordService.ts": {"lines":{"total":112,"covered":81,"skipped":0,"pct":72.32},"functions":{"total":3,"covered":3,"skipped":0,"pct":100},"statements":{"total":112,"covered":81,"skipped":0,"pct":72.32},"branches":{"total":15,"covered":6,"skipped":0,"pct":40}}
,"C:\\Users\\SHADOW\\Desktop\\desarrollo de software 2 F y B\\DS2-2-FRONTEND\\src\\services\\registerService.ts": {"lines":{"total":19,"covered":16,"skipped":0,"pct":84.21},"functions":{"total":1,"covered":1,"skipped":0,"pct":100},"statements":{"total":19,"covered":16,"skipped":0,"pct":84.21},"branches":{"total":2,"covered":1,"skipped":0,"pct":50}}
,"C:\\Users\\SHADOW\\Desktop\\desarrollo de software 2 F y B\\DS2-2-FRONTEND\\src\\services\\roomEntryService.ts": {"lines":{"total":81,"covered":58,"skipped":0,"pct":71.6},"functions":{"total":6,"covered":6,"skipped":0,"pct":100},"statements":{"total":81,"covered":58,"skipped":0,"pct":71.6},"branches":{"total":34,"covered":23,"skipped":0,"pct":67.64}}
,"C:\\Users\\SHADOW\\Desktop\\desarrollo de software 2 F y B\\DS2-2-FRONTEND\\src\\services\\roomService.ts": {"lines":{"total":5,"covered":5,"skipped":0,"pct":100},"functions":{"total":1,"covered":1,"skipped":0,"pct":100},"statements":{"total":5,"covered":5,"skipped":0,"pct":100},"branches":{"total":1,"covered":1,"skipped":0,"pct":100}}
,"C:\\Users\\SHADOW\\Desktop\\desarrollo de software 2 F y B\\DS2-2-FRONTEND\\src\\utils\\api.ts": {"lines":{"total":76,"covered":62,"skipped":0,"pct":81.57},"functions":{"total":5,"covered":4,"skipped":0,"pct":80},"statements":{"total":76,"covered":62,"skipped":0,"pct":81.57},"branches":{"total":18,"covered":8,"skipped":0,"pct":44.44}}
}
